{"/home/idenev/workspace/ToDoList/apis/index.js": {"path":"/home/idenev/workspace/ToDoList/apis/index.js","statementMap":{"0":{"start":{"line":1,"column":16},"end":{"line":1,"column":34}},"1":{"start":{"line":2,"column":17},"end":{"line":2,"column":36}},"2":{"start":{"line":3,"column":13},"end":{"line":3,"column":28}},"3":{"start":{"line":4,"column":18},"end":{"line":4,"column":42}},"4":{"start":{"line":5,"column":19},"end":{"line":5,"column":49}},"5":{"start":{"line":6,"column":19},"end":{"line":6,"column":49}},"6":{"start":{"line":7,"column":15},"end":{"line":7,"column":32}},"7":{"start":{"line":8,"column":21},"end":{"line":8,"column":45}},"8":{"start":{"line":10,"column":0},"end":{"line":10,"column":16}},"9":{"start":{"line":12,"column":26},"end":{"line":12,"column":57}},"10":{"start":{"line":15,"column":0},"end":{"line":21,"column":1}},"11":{"start":{"line":16,"column":2},"end":{"line":16,"column":40}},"12":{"start":{"line":17,"column":2},"end":{"line":20,"column":5}},"13":{"start":{"line":23,"column":12},"end":{"line":23,"column":21}},"14":{"start":{"line":25,"column":20},"end":{"line":36,"column":1}},"15":{"start":{"line":37,"column":0},"end":{"line":37,"column":24}},"16":{"start":{"line":38,"column":0},"end":{"line":38,"column":27}},"17":{"start":{"line":40,"column":0},"end":{"line":40,"column":24}},"18":{"start":{"line":42,"column":0},"end":{"line":42,"column":25}},"19":{"start":{"line":43,"column":0},"end":{"line":43,"column":25}},"20":{"start":{"line":46,"column":0},"end":{"line":50,"column":1}},"21":{"start":{"line":47,"column":2},"end":{"line":49,"column":5}},"22":{"start":{"line":48,"column":4},"end":{"line":48,"column":50}},"23":{"start":{"line":52,"column":0},"end":{"line":52,"column":21}}},"fnMap":{"0":{"name":"(anonymous_0)","decl":{"start":{"line":47,"column":19},"end":{"line":47,"column":20}},"loc":{"start":{"line":47,"column":25},"end":{"line":49,"column":3}},"line":47}},"branchMap":{"0":{"loc":{"start":{"line":15,"column":0},"end":{"line":21,"column":1}},"type":"if","locations":[{"start":{"line":15,"column":0},"end":{"line":21,"column":1}},{"start":{},"end":{}}],"line":15},"1":{"loc":{"start":{"line":46,"column":0},"end":{"line":50,"column":1}},"type":"if","locations":[{"start":{"line":46,"column":0},"end":{"line":50,"column":1}},{"start":{},"end":{}}],"line":46}},"s":{"0":4,"1":4,"2":4,"3":4,"4":4,"5":4,"6":4,"7":4,"8":4,"9":4,"10":4,"11":0,"12":0,"13":4,"14":4,"15":4,"16":4,"17":4,"18":4,"19":4,"20":4,"21":0,"22":0,"23":4},"f":{"0":0},"b":{"0":[0,4],"1":[0,4]},"_coverageSchema":"1a1c01bbd47fc00a2c39e90264f33305004495a9","hash":"8553c3d2ec958749a5c9794b1cbc8f2a5477ea70"}
,"/home/idenev/workspace/ToDoList/apis/controllers/friendRequestController.js": {"path":"/home/idenev/workspace/ToDoList/apis/controllers/friendRequestController.js","statementMap":{"0":{"start":{"line":1,"column":27},"end":{"line":1,"column":66}},"1":{"start":{"line":2,"column":26},"end":{"line":2,"column":64}},"2":{"start":{"line":3,"column":18},"end":{"line":3,"column":48}},"3":{"start":{"line":5,"column":26},"end":{"line":62,"column":1}},"4":{"start":{"line":6,"column":23},"end":{"line":6,"column":35}},"5":{"start":{"line":7,"column":24},"end":{"line":7,"column":36}},"6":{"start":{"line":9,"column":2},"end":{"line":61,"column":3}},"7":{"start":{"line":11,"column":23},"end":{"line":11,"column":61}},"8":{"start":{"line":12,"column":4},"end":{"line":14,"column":5}},"9":{"start":{"line":13,"column":6},"end":{"line":13,"column":72}},"10":{"start":{"line":17,"column":4},"end":{"line":19,"column":5}},"11":{"start":{"line":18,"column":6},"end":{"line":18,"column":89}},"12":{"start":{"line":21,"column":28},"end":{"line":25,"column":6}},"13":{"start":{"line":27,"column":4},"end":{"line":29,"column":5}},"14":{"start":{"line":28,"column":6},"end":{"line":28,"column":78}},"15":{"start":{"line":32,"column":24},"end":{"line":32,"column":63}},"16":{"start":{"line":33,"column":28},"end":{"line":35,"column":5}},"17":{"start":{"line":34,"column":6},"end":{"line":34,"column":47}},"18":{"start":{"line":37,"column":4},"end":{"line":39,"column":5}},"19":{"start":{"line":38,"column":6},"end":{"line":38,"column":76}},"20":{"start":{"line":42,"column":19},"end":{"line":42,"column":79}},"21":{"start":{"line":44,"column":26},"end":{"line":47,"column":6}},"22":{"start":{"line":49,"column":4},"end":{"line":55,"column":7}},"23":{"start":{"line":57,"column":4},"end":{"line":57,"column":74}},"24":{"start":{"line":59,"column":4},"end":{"line":59,"column":50}},"25":{"start":{"line":60,"column":4},"end":{"line":60,"column":92}},"26":{"start":{"line":64,"column":27},"end":{"line":75,"column":1}},"27":{"start":{"line":65,"column":2},"end":{"line":74,"column":3}},"28":{"start":{"line":66,"column":21},"end":{"line":69,"column":37}},"29":{"start":{"line":71,"column":4},"end":{"line":71,"column":35}},"30":{"start":{"line":73,"column":4},"end":{"line":73,"column":72}},"31":{"start":{"line":77,"column":28},"end":{"line":148,"column":1}},"32":{"start":{"line":78,"column":32},"end":{"line":78,"column":40}},"33":{"start":{"line":80,"column":2},"end":{"line":147,"column":3}},"34":{"start":{"line":81,"column":4},"end":{"line":83,"column":5}},"35":{"start":{"line":82,"column":6},"end":{"line":82,"column":85}},"36":{"start":{"line":85,"column":22},"end":{"line":88,"column":5}},"37":{"start":{"line":90,"column":19},"end":{"line":90,"column":36}},"38":{"start":{"line":91,"column":4},"end":{"line":93,"column":5}},"39":{"start":{"line":92,"column":6},"end":{"line":92,"column":65}},"40":{"start":{"line":95,"column":20},"end":{"line":95,"column":93}},"41":{"start":{"line":96,"column":4},"end":{"line":98,"column":5}},"42":{"start":{"line":97,"column":6},"end":{"line":97,"column":68}},"43":{"start":{"line":100,"column":4},"end":{"line":138,"column":5}},"44":{"start":{"line":101,"column":33},"end":{"line":104,"column":8}},"45":{"start":{"line":106,"column":6},"end":{"line":130,"column":9}},"46":{"start":{"line":132,"column":6},"end":{"line":137,"column":9}},"47":{"start":{"line":140,"column":4},"end":{"line":140,"column":28}},"48":{"start":{"line":141,"column":4},"end":{"line":141,"column":25}},"49":{"start":{"line":143,"column":4},"end":{"line":143,"column":68}},"50":{"start":{"line":145,"column":4},"end":{"line":145,"column":50}},"51":{"start":{"line":146,"column":4},"end":{"line":146,"column":93}},"52":{"start":{"line":150,"column":23},"end":{"line":180,"column":1}},"53":{"start":{"line":151,"column":19},"end":{"line":151,"column":38}},"54":{"start":{"line":152,"column":17},"end":{"line":152,"column":29}},"55":{"start":{"line":154,"column":2},"end":{"line":179,"column":3}},"56":{"start":{"line":156,"column":4},"end":{"line":158,"column":7}},"57":{"start":{"line":161,"column":4},"end":{"line":163,"column":7}},"58":{"start":{"line":165,"column":4},"end":{"line":165,"column":34}},"59":{"start":{"line":168,"column":4},"end":{"line":173,"column":7}},"60":{"start":{"line":175,"column":4},"end":{"line":175,"column":69}},"61":{"start":{"line":177,"column":4},"end":{"line":177,"column":54}},"62":{"start":{"line":178,"column":4},"end":{"line":178,"column":63}},"63":{"start":{"line":182,"column":0},"end":{"line":187,"column":2}}},"fnMap":{"0":{"name":"(anonymous_0)","decl":{"start":{"line":5,"column":26},"end":{"line":5,"column":27}},"loc":{"start":{"line":5,"column":46},"end":{"line":62,"column":1}},"line":5},"1":{"name":"(anonymous_1)","decl":{"start":{"line":33,"column":57},"end":{"line":33,"column":58}},"loc":{"start":{"line":34,"column":6},"end":{"line":34,"column":47}},"line":34},"2":{"name":"(anonymous_2)","decl":{"start":{"line":64,"column":27},"end":{"line":64,"column":28}},"loc":{"start":{"line":64,"column":47},"end":{"line":75,"column":1}},"line":64},"3":{"name":"(anonymous_3)","decl":{"start":{"line":77,"column":28},"end":{"line":77,"column":29}},"loc":{"start":{"line":77,"column":48},"end":{"line":148,"column":1}},"line":77},"4":{"name":"(anonymous_4)","decl":{"start":{"line":150,"column":23},"end":{"line":150,"column":24}},"loc":{"start":{"line":150,"column":43},"end":{"line":180,"column":1}},"line":150}},"branchMap":{"0":{"loc":{"start":{"line":12,"column":4},"end":{"line":14,"column":5}},"type":"if","locations":[{"start":{"line":12,"column":4},"end":{"line":14,"column":5}},{"start":{},"end":{}}],"line":12},"1":{"loc":{"start":{"line":17,"column":4},"end":{"line":19,"column":5}},"type":"if","locations":[{"start":{"line":17,"column":4},"end":{"line":19,"column":5}},{"start":{},"end":{}}],"line":17},"2":{"loc":{"start":{"line":27,"column":4},"end":{"line":29,"column":5}},"type":"if","locations":[{"start":{"line":27,"column":4},"end":{"line":29,"column":5}},{"start":{},"end":{}}],"line":27},"3":{"loc":{"start":{"line":37,"column":4},"end":{"line":39,"column":5}},"type":"if","locations":[{"start":{"line":37,"column":4},"end":{"line":39,"column":5}},{"start":{},"end":{}}],"line":37},"4":{"loc":{"start":{"line":81,"column":4},"end":{"line":83,"column":5}},"type":"if","locations":[{"start":{"line":81,"column":4},"end":{"line":83,"column":5}},{"start":{},"end":{}}],"line":81},"5":{"loc":{"start":{"line":81,"column":8},"end":{"line":81,"column":29}},"type":"binary-expr","locations":[{"start":{"line":81,"column":8},"end":{"line":81,"column":18}},{"start":{"line":81,"column":22},"end":{"line":81,"column":29}}],"line":81},"6":{"loc":{"start":{"line":91,"column":4},"end":{"line":93,"column":5}},"type":"if","locations":[{"start":{"line":91,"column":4},"end":{"line":93,"column":5}},{"start":{},"end":{}}],"line":91},"7":{"loc":{"start":{"line":96,"column":4},"end":{"line":98,"column":5}},"type":"if","locations":[{"start":{"line":96,"column":4},"end":{"line":98,"column":5}},{"start":{},"end":{}}],"line":96},"8":{"loc":{"start":{"line":100,"column":4},"end":{"line":138,"column":5}},"type":"if","locations":[{"start":{"line":100,"column":4},"end":{"line":138,"column":5}},{"start":{"line":131,"column":11},"end":{"line":138,"column":5}}],"line":100}},"s":{"0":4,"1":4,"2":4,"3":4,"4":6,"5":6,"6":6,"7":6,"8":5,"9":1,"10":4,"11":1,"12":3,"13":3,"14":1,"15":2,"16":2,"17":1,"18":2,"19":1,"20":1,"21":1,"22":1,"23":1,"24":1,"25":1,"26":4,"27":1,"28":1,"29":1,"30":0,"31":4,"32":5,"33":5,"34":5,"35":1,"36":4,"37":4,"38":4,"39":1,"40":3,"41":3,"42":1,"43":2,"44":1,"45":1,"46":1,"47":2,"48":2,"49":2,"50":0,"51":0,"52":4,"53":2,"54":2,"55":2,"56":2,"57":1,"58":1,"59":1,"60":1,"61":1,"62":1,"63":4},"f":{"0":6,"1":1,"2":1,"3":5,"4":2},"b":{"0":[1,4],"1":[1,3],"2":[1,2],"3":[1,1],"4":[1,4],"5":[5,4],"6":[1,3],"7":[1,2],"8":[1,1]},"_coverageSchema":"1a1c01bbd47fc00a2c39e90264f33305004495a9","hash":"c2b7fe51a11aa4ad0caa457b87a4d2a475770b06"}
,"/home/idenev/workspace/ToDoList/apis/controllers/notificationController.js": {"path":"/home/idenev/workspace/ToDoList/apis/controllers/notificationController.js","statementMap":{"0":{"start":{"line":1,"column":26},"end":{"line":1,"column":64}},"1":{"start":{"line":2,"column":27},"end":{"line":2,"column":66}},"2":{"start":{"line":4,"column":25},"end":{"line":14,"column":1}},"3":{"start":{"line":5,"column":2},"end":{"line":13,"column":3}},"4":{"start":{"line":6,"column":26},"end":{"line":8,"column":30}},"5":{"start":{"line":10,"column":4},"end":{"line":10,"column":40}},"6":{"start":{"line":12,"column":4},"end":{"line":12,"column":68}},"7":{"start":{"line":16,"column":32},"end":{"line":27,"column":1}},"8":{"start":{"line":17,"column":2},"end":{"line":26,"column":3}},"9":{"start":{"line":18,"column":4},"end":{"line":21,"column":6}},"10":{"start":{"line":23,"column":4},"end":{"line":23,"column":70}},"11":{"start":{"line":25,"column":4},"end":{"line":25,"column":75}},"12":{"start":{"line":29,"column":27},"end":{"line":37,"column":1}},"13":{"start":{"line":30,"column":2},"end":{"line":36,"column":3}},"14":{"start":{"line":31,"column":4},"end":{"line":31,"column":65}},"15":{"start":{"line":32,"column":4},"end":{"line":32,"column":67}},"16":{"start":{"line":34,"column":4},"end":{"line":34,"column":58}},"17":{"start":{"line":35,"column":4},"end":{"line":35,"column":68}},"18":{"start":{"line":39,"column":0},"end":{"line":43,"column":2}}},"fnMap":{"0":{"name":"(anonymous_0)","decl":{"start":{"line":4,"column":25},"end":{"line":4,"column":26}},"loc":{"start":{"line":4,"column":45},"end":{"line":14,"column":1}},"line":4},"1":{"name":"(anonymous_1)","decl":{"start":{"line":16,"column":32},"end":{"line":16,"column":33}},"loc":{"start":{"line":16,"column":52},"end":{"line":27,"column":1}},"line":16},"2":{"name":"(anonymous_2)","decl":{"start":{"line":29,"column":27},"end":{"line":29,"column":28}},"loc":{"start":{"line":29,"column":47},"end":{"line":37,"column":1}},"line":29}},"branchMap":{},"s":{"0":4,"1":4,"2":4,"3":1,"4":1,"5":1,"6":0,"7":4,"8":2,"9":2,"10":1,"11":1,"12":4,"13":1,"14":1,"15":1,"16":0,"17":0,"18":4},"f":{"0":1,"1":2,"2":1},"b":{},"_coverageSchema":"1a1c01bbd47fc00a2c39e90264f33305004495a9","hash":"ece0a2e9bcaf0c3235a8769ec83b8648997b4f9d"}
,"/home/idenev/workspace/ToDoList/apis/controllers/taskController.js": {"path":"/home/idenev/workspace/ToDoList/apis/controllers/taskController.js","statementMap":{"0":{"start":{"line":1,"column":13},"end":{"line":1,"column":43}},"1":{"start":{"line":2,"column":13},"end":{"line":2,"column":38}},"2":{"start":{"line":6,"column":21},"end":{"line":6,"column":31}},"3":{"start":{"line":7,"column":20},"end":{"line":7,"column":28}},"4":{"start":{"line":9,"column":2},"end":{"line":65,"column":3}},"5":{"start":{"line":10,"column":19},"end":{"line":10,"column":52}},"6":{"start":{"line":11,"column":4},"end":{"line":13,"column":5}},"7":{"start":{"line":12,"column":6},"end":{"line":12,"column":65}},"8":{"start":{"line":15,"column":4},"end":{"line":17,"column":5}},"9":{"start":{"line":16,"column":6},"end":{"line":16,"column":80}},"10":{"start":{"line":20,"column":17},"end":{"line":20,"column":44}},"11":{"start":{"line":21,"column":4},"end":{"line":24,"column":5}},"12":{"start":{"line":22,"column":6},"end":{"line":22,"column":47}},"13":{"start":{"line":23,"column":6},"end":{"line":23,"column":63}},"14":{"start":{"line":27,"column":22},"end":{"line":27,"column":51}},"15":{"start":{"line":29,"column":4},"end":{"line":32,"column":5}},"16":{"start":{"line":30,"column":6},"end":{"line":30,"column":51}},"17":{"start":{"line":31,"column":6},"end":{"line":31,"column":68}},"18":{"start":{"line":35,"column":31},"end":{"line":39,"column":6}},"19":{"start":{"line":41,"column":4},"end":{"line":43,"column":5}},"20":{"start":{"line":42,"column":6},"end":{"line":42,"column":88}},"21":{"start":{"line":46,"column":23},"end":{"line":54,"column":6}},"22":{"start":{"line":57,"column":4},"end":{"line":57,"column":38}},"23":{"start":{"line":58,"column":4},"end":{"line":58,"column":22}},"24":{"start":{"line":59,"column":4},"end":{"line":59,"column":28}},"25":{"start":{"line":61,"column":4},"end":{"line":61,"column":66}},"26":{"start":{"line":63,"column":4},"end":{"line":63,"column":46}},"27":{"start":{"line":64,"column":4},"end":{"line":64,"column":61}},"28":{"start":{"line":70,"column":2},"end":{"line":91,"column":3}},"29":{"start":{"line":71,"column":17},"end":{"line":71,"column":44}},"30":{"start":{"line":72,"column":4},"end":{"line":72,"column":22}},"31":{"start":{"line":72,"column":15},"end":{"line":72,"column":22}},"32":{"start":{"line":75,"column":4},"end":{"line":81,"column":5}},"33":{"start":{"line":76,"column":27},"end":{"line":76,"column":67}},"34":{"start":{"line":77,"column":6},"end":{"line":80,"column":7}},"35":{"start":{"line":78,"column":8},"end":{"line":78,"column":43}},"36":{"start":{"line":79,"column":8},"end":{"line":79,"column":34}},"37":{"start":{"line":84,"column":24},"end":{"line":84,"column":67}},"38":{"start":{"line":85,"column":4},"end":{"line":88,"column":5}},"39":{"start":{"line":86,"column":6},"end":{"line":86,"column":39}},"40":{"start":{"line":87,"column":6},"end":{"line":87,"column":30}},"41":{"start":{"line":90,"column":4},"end":{"line":90,"column":57}},"42":{"start":{"line":94,"column":0},"end":{"line":97,"column":2}}},"fnMap":{"0":{"name":"shareTask","decl":{"start":{"line":5,"column":15},"end":{"line":5,"column":24}},"loc":{"start":{"line":5,"column":35},"end":{"line":66,"column":1}},"line":5},"1":{"name":"syncTaskCompletion","decl":{"start":{"line":69,"column":15},"end":{"line":69,"column":33}},"loc":{"start":{"line":69,"column":66},"end":{"line":92,"column":1}},"line":69}},"branchMap":{"0":{"loc":{"start":{"line":11,"column":4},"end":{"line":13,"column":5}},"type":"if","locations":[{"start":{"line":11,"column":4},"end":{"line":13,"column":5}},{"start":{},"end":{}}],"line":11},"1":{"loc":{"start":{"line":15,"column":4},"end":{"line":17,"column":5}},"type":"if","locations":[{"start":{"line":15,"column":4},"end":{"line":17,"column":5}},{"start":{},"end":{}}],"line":15},"2":{"loc":{"start":{"line":21,"column":4},"end":{"line":24,"column":5}},"type":"if","locations":[{"start":{"line":21,"column":4},"end":{"line":24,"column":5}},{"start":{},"end":{}}],"line":21},"3":{"loc":{"start":{"line":29,"column":4},"end":{"line":32,"column":5}},"type":"if","locations":[{"start":{"line":29,"column":4},"end":{"line":32,"column":5}},{"start":{},"end":{}}],"line":29},"4":{"loc":{"start":{"line":41,"column":4},"end":{"line":43,"column":5}},"type":"if","locations":[{"start":{"line":41,"column":4},"end":{"line":43,"column":5}},{"start":{},"end":{}}],"line":41},"5":{"loc":{"start":{"line":72,"column":4},"end":{"line":72,"column":22}},"type":"if","locations":[{"start":{"line":72,"column":4},"end":{"line":72,"column":22}},{"start":{},"end":{}}],"line":72},"6":{"loc":{"start":{"line":75,"column":4},"end":{"line":81,"column":5}},"type":"if","locations":[{"start":{"line":75,"column":4},"end":{"line":81,"column":5}},{"start":{},"end":{}}],"line":75},"7":{"loc":{"start":{"line":77,"column":6},"end":{"line":80,"column":7}},"type":"if","locations":[{"start":{"line":77,"column":6},"end":{"line":80,"column":7}},{"start":{},"end":{}}],"line":77}},"s":{"0":4,"1":4,"2":3,"3":3,"4":3,"5":3,"6":3,"7":1,"8":2,"9":0,"10":2,"11":2,"12":1,"13":1,"14":1,"15":1,"16":0,"17":0,"18":1,"19":1,"20":0,"21":1,"22":1,"23":1,"24":1,"25":1,"26":0,"27":0,"28":4,"29":4,"30":3,"31":1,"32":2,"33":1,"34":1,"35":1,"36":1,"37":2,"38":2,"39":1,"40":1,"41":2,"42":4},"f":{"0":3,"1":4},"b":{"0":[1,2],"1":[0,2],"2":[1,1],"3":[0,1],"4":[0,1],"5":[1,2],"6":[1,1],"7":[1,0]},"_coverageSchema":"1a1c01bbd47fc00a2c39e90264f33305004495a9","hash":"6b88579fd697aaeb67a70c029eef20aedf6e1eae"}
,"/home/idenev/workspace/ToDoList/apis/controllers/todoController.js": {"path":"/home/idenev/workspace/ToDoList/apis/controllers/todoController.js","statementMap":{"0":{"start":{"line":1,"column":18},"end":{"line":1,"column":43}},"1":{"start":{"line":2,"column":31},"end":{"line":2,"column":58}},"2":{"start":{"line":5,"column":20},"end":{"line":18,"column":1}},"3":{"start":{"line":6,"column":2},"end":{"line":17,"column":3}},"4":{"start":{"line":7,"column":4},"end":{"line":9,"column":5}},"5":{"start":{"line":8,"column":6},"end":{"line":8,"column":85}},"6":{"start":{"line":11,"column":20},"end":{"line":11,"column":32}},"7":{"start":{"line":12,"column":18},"end":{"line":12,"column":51}},"8":{"start":{"line":13,"column":4},"end":{"line":13,"column":20}},"9":{"start":{"line":15,"column":4},"end":{"line":15,"column":48}},"10":{"start":{"line":16,"column":4},"end":{"line":16,"column":61}},"11":{"start":{"line":21,"column":16},"end":{"line":34,"column":1}},"12":{"start":{"line":22,"column":32},"end":{"line":22,"column":40}},"13":{"start":{"line":23,"column":2},"end":{"line":25,"column":3}},"14":{"start":{"line":24,"column":4},"end":{"line":24,"column":68}},"15":{"start":{"line":26,"column":2},"end":{"line":33,"column":3}},"16":{"start":{"line":27,"column":20},"end":{"line":27,"column":32}},"17":{"start":{"line":28,"column":20},"end":{"line":28,"column":92}},"18":{"start":{"line":29,"column":4},"end":{"line":29,"column":34}},"19":{"start":{"line":31,"column":4},"end":{"line":31,"column":45}},"20":{"start":{"line":32,"column":4},"end":{"line":32,"column":58}},"21":{"start":{"line":37,"column":19},"end":{"line":50,"column":1}},"22":{"start":{"line":38,"column":17},"end":{"line":38,"column":27}},"23":{"start":{"line":39,"column":2},"end":{"line":49,"column":3}},"24":{"start":{"line":40,"column":24},"end":{"line":40,"column":61}},"25":{"start":{"line":41,"column":4},"end":{"line":45,"column":5}},"26":{"start":{"line":42,"column":6},"end":{"line":42,"column":28}},"27":{"start":{"line":44,"column":6},"end":{"line":44,"column":56}},"28":{"start":{"line":47,"column":4},"end":{"line":47,"column":47}},"29":{"start":{"line":48,"column":4},"end":{"line":48,"column":61}},"30":{"start":{"line":53,"column":29},"end":{"line":73,"column":1}},"31":{"start":{"line":54,"column":17},"end":{"line":54,"column":27}},"32":{"start":{"line":55,"column":24},"end":{"line":55,"column":32}},"33":{"start":{"line":56,"column":2},"end":{"line":72,"column":3}},"34":{"start":{"line":57,"column":24},"end":{"line":61,"column":5}},"35":{"start":{"line":62,"column":4},"end":{"line":68,"column":5}},"36":{"start":{"line":64,"column":6},"end":{"line":64,"column":62}},"37":{"start":{"line":65,"column":6},"end":{"line":65,"column":28}},"38":{"start":{"line":67,"column":6},"end":{"line":67,"column":56}},"39":{"start":{"line":70,"column":4},"end":{"line":70,"column":47}},"40":{"start":{"line":71,"column":4},"end":{"line":71,"column":61}},"41":{"start":{"line":76,"column":17},"end":{"line":94,"column":1}},"42":{"start":{"line":77,"column":17},"end":{"line":77,"column":27}},"43":{"start":{"line":78,"column":32},"end":{"line":78,"column":40}},"44":{"start":{"line":79,"column":2},"end":{"line":93,"column":3}},"45":{"start":{"line":80,"column":24},"end":{"line":84,"column":5}},"46":{"start":{"line":85,"column":4},"end":{"line":89,"column":5}},"47":{"start":{"line":86,"column":6},"end":{"line":86,"column":28}},"48":{"start":{"line":88,"column":6},"end":{"line":88,"column":56}},"49":{"start":{"line":91,"column":4},"end":{"line":91,"column":46}},"50":{"start":{"line":92,"column":4},"end":{"line":92,"column":59}},"51":{"start":{"line":96,"column":0},"end":{"line":102,"column":2}}},"fnMap":{"0":{"name":"(anonymous_0)","decl":{"start":{"line":5,"column":20},"end":{"line":5,"column":21}},"loc":{"start":{"line":5,"column":40},"end":{"line":18,"column":1}},"line":5},"1":{"name":"(anonymous_1)","decl":{"start":{"line":21,"column":16},"end":{"line":21,"column":17}},"loc":{"start":{"line":21,"column":36},"end":{"line":34,"column":1}},"line":21},"2":{"name":"(anonymous_2)","decl":{"start":{"line":37,"column":19},"end":{"line":37,"column":20}},"loc":{"start":{"line":37,"column":39},"end":{"line":50,"column":1}},"line":37},"3":{"name":"(anonymous_3)","decl":{"start":{"line":53,"column":29},"end":{"line":53,"column":30}},"loc":{"start":{"line":53,"column":49},"end":{"line":73,"column":1}},"line":53},"4":{"name":"(anonymous_4)","decl":{"start":{"line":76,"column":17},"end":{"line":76,"column":18}},"loc":{"start":{"line":76,"column":37},"end":{"line":94,"column":1}},"line":76}},"branchMap":{"0":{"loc":{"start":{"line":7,"column":4},"end":{"line":9,"column":5}},"type":"if","locations":[{"start":{"line":7,"column":4},"end":{"line":9,"column":5}},{"start":{},"end":{}}],"line":7},"1":{"loc":{"start":{"line":7,"column":8},"end":{"line":7,"column":34}},"type":"binary-expr","locations":[{"start":{"line":7,"column":8},"end":{"line":7,"column":17}},{"start":{"line":7,"column":21},"end":{"line":7,"column":34}}],"line":7},"2":{"loc":{"start":{"line":23,"column":2},"end":{"line":25,"column":3}},"type":"if","locations":[{"start":{"line":23,"column":2},"end":{"line":25,"column":3}},{"start":{},"end":{}}],"line":23},"3":{"loc":{"start":{"line":41,"column":4},"end":{"line":45,"column":5}},"type":"if","locations":[{"start":{"line":41,"column":4},"end":{"line":45,"column":5}},{"start":{"line":43,"column":11},"end":{"line":45,"column":5}}],"line":41},"4":{"loc":{"start":{"line":62,"column":4},"end":{"line":68,"column":5}},"type":"if","locations":[{"start":{"line":62,"column":4},"end":{"line":68,"column":5}},{"start":{"line":66,"column":11},"end":{"line":68,"column":5}}],"line":62},"5":{"loc":{"start":{"line":85,"column":4},"end":{"line":89,"column":5}},"type":"if","locations":[{"start":{"line":85,"column":4},"end":{"line":89,"column":5}},{"start":{"line":87,"column":11},"end":{"line":89,"column":5}}],"line":85}},"s":{"0":4,"1":4,"2":4,"3":2,"4":2,"5":0,"6":2,"7":2,"8":1,"9":1,"10":1,"11":4,"12":3,"13":3,"14":1,"15":2,"16":2,"17":2,"18":1,"19":1,"20":1,"21":4,"22":2,"23":2,"24":2,"25":2,"26":1,"27":1,"28":0,"29":0,"30":4,"31":3,"32":3,"33":3,"34":3,"35":2,"36":1,"37":1,"38":1,"39":1,"40":1,"41":4,"42":3,"43":3,"44":3,"45":3,"46":2,"47":1,"48":1,"49":1,"50":1,"51":4},"f":{"0":2,"1":3,"2":2,"3":3,"4":3},"b":{"0":[0,2],"1":[2,2],"2":[1,2],"3":[1,1],"4":[1,1],"5":[1,1]},"_coverageSchema":"1a1c01bbd47fc00a2c39e90264f33305004495a9","hash":"4128db7b976983e419dc13edd94d8fb653ca7b65"}
,"/home/idenev/workspace/ToDoList/apis/controllers/userController.js": {"path":"/home/idenev/workspace/ToDoList/apis/controllers/userController.js","statementMap":{"0":{"start":{"line":1,"column":18},"end":{"line":1,"column":48}},"1":{"start":{"line":2,"column":12},"end":{"line":2,"column":35}},"2":{"start":{"line":3,"column":15},"end":{"line":3,"column":32}},"3":{"start":{"line":4,"column":26},"end":{"line":4,"column":64}},"4":{"start":{"line":5,"column":27},"end":{"line":5,"column":66}},"5":{"start":{"line":6,"column":18},"end":{"line":6,"column":38}},"6":{"start":{"line":8,"column":20},"end":{"line":10,"column":1}},"7":{"start":{"line":9,"column":2},"end":{"line":9,"column":69}},"8":{"start":{"line":11,"column":27},"end":{"line":13,"column":1}},"9":{"start":{"line":12,"column":2},"end":{"line":12,"column":83}},"10":{"start":{"line":15,"column":21},"end":{"line":46,"column":1}},"11":{"start":{"line":16,"column":2},"end":{"line":45,"column":3}},"12":{"start":{"line":17,"column":25},"end":{"line":17,"column":46}},"13":{"start":{"line":19,"column":4},"end":{"line":21,"column":5}},"14":{"start":{"line":20,"column":6},"end":{"line":20,"column":74}},"15":{"start":{"line":23,"column":4},"end":{"line":41,"column":6}},"16":{"start":{"line":27,"column":8},"end":{"line":31,"column":9}},"17":{"start":{"line":28,"column":10},"end":{"line":30,"column":67}},"18":{"start":{"line":33,"column":21},"end":{"line":33,"column":58}},"19":{"start":{"line":34,"column":8},"end":{"line":36,"column":9}},"20":{"start":{"line":35,"column":10},"end":{"line":35,"column":69}},"21":{"start":{"line":37,"column":31},"end":{"line":37,"column":52}},"22":{"start":{"line":39,"column":8},"end":{"line":39,"column":56}},"23":{"start":{"line":43,"column":4},"end":{"line":43,"column":25}},"24":{"start":{"line":44,"column":4},"end":{"line":44,"column":61}},"25":{"start":{"line":49,"column":18},"end":{"line":61,"column":1}},"26":{"start":{"line":50,"column":30},"end":{"line":50,"column":38}},"27":{"start":{"line":52,"column":2},"end":{"line":60,"column":3}},"28":{"start":{"line":53,"column":17},"end":{"line":53,"column":55}},"29":{"start":{"line":54,"column":18},"end":{"line":54,"column":39}},"30":{"start":{"line":55,"column":25},"end":{"line":55,"column":53}},"31":{"start":{"line":57,"column":4},"end":{"line":57,"column":57}},"32":{"start":{"line":59,"column":4},"end":{"line":59,"column":53}},"33":{"start":{"line":63,"column":27},"end":{"line":72,"column":1}},"34":{"start":{"line":64,"column":36},"end":{"line":64,"column":44}},"35":{"start":{"line":65,"column":2},"end":{"line":71,"column":3}},"36":{"start":{"line":66,"column":17},"end":{"line":66,"column":62}},"37":{"start":{"line":67,"column":18},"end":{"line":67,"column":39}},"38":{"start":{"line":68,"column":4},"end":{"line":68,"column":43}},"39":{"start":{"line":70,"column":4},"end":{"line":70,"column":53}},"40":{"start":{"line":76,"column":2},"end":{"line":85,"column":3}},"41":{"start":{"line":77,"column":26},"end":{"line":79,"column":30}},"42":{"start":{"line":81,"column":4},"end":{"line":81,"column":40}},"43":{"start":{"line":83,"column":4},"end":{"line":83,"column":56}},"44":{"start":{"line":84,"column":4},"end":{"line":84,"column":61}},"45":{"start":{"line":89,"column":32},"end":{"line":100,"column":1}},"46":{"start":{"line":90,"column":2},"end":{"line":99,"column":3}},"47":{"start":{"line":91,"column":4},"end":{"line":94,"column":6}},"48":{"start":{"line":96,"column":4},"end":{"line":96,"column":70}},"49":{"start":{"line":98,"column":4},"end":{"line":98,"column":75}},"50":{"start":{"line":103,"column":20},"end":{"line":145,"column":1}},"51":{"start":{"line":104,"column":20},"end":{"line":104,"column":28}},"52":{"start":{"line":105,"column":2},"end":{"line":144,"column":3}},"53":{"start":{"line":106,"column":4},"end":{"line":108,"column":5}},"54":{"start":{"line":107,"column":6},"end":{"line":107,"column":75}},"55":{"start":{"line":111,"column":23},"end":{"line":111,"column":78}},"56":{"start":{"line":112,"column":4},"end":{"line":114,"column":5}},"57":{"start":{"line":113,"column":6},"end":{"line":113,"column":65}},"58":{"start":{"line":117,"column":4},"end":{"line":119,"column":5}},"59":{"start":{"line":118,"column":6},"end":{"line":118,"column":89}},"60":{"start":{"line":122,"column":24},"end":{"line":122,"column":62}},"61":{"start":{"line":123,"column":4},"end":{"line":125,"column":5}},"62":{"start":{"line":124,"column":6},"end":{"line":124,"column":89}},"63":{"start":{"line":128,"column":28},"end":{"line":132,"column":6}},"64":{"start":{"line":134,"column":4},"end":{"line":136,"column":5}},"65":{"start":{"line":135,"column":6},"end":{"line":135,"column":81}},"66":{"start":{"line":139,"column":4},"end":{"line":139,"column":39}},"67":{"start":{"line":142,"column":4},"end":{"line":142,"column":48}},"68":{"start":{"line":143,"column":4},"end":{"line":143,"column":67}},"69":{"start":{"line":147,"column":23},"end":{"line":160,"column":1}},"70":{"start":{"line":148,"column":2},"end":{"line":159,"column":3}},"71":{"start":{"line":149,"column":17},"end":{"line":150,"column":39}},"72":{"start":{"line":152,"column":4},"end":{"line":154,"column":5}},"73":{"start":{"line":153,"column":6},"end":{"line":153,"column":65}},"74":{"start":{"line":156,"column":4},"end":{"line":156,"column":31}},"75":{"start":{"line":158,"column":4},"end":{"line":158,"column":69}},"76":{"start":{"line":162,"column":19},"end":{"line":238,"column":1}},"77":{"start":{"line":163,"column":36},"end":{"line":163,"column":44}},"78":{"start":{"line":164,"column":17},"end":{"line":164,"column":29}},"79":{"start":{"line":166,"column":2},"end":{"line":237,"column":3}},"80":{"start":{"line":167,"column":20},"end":{"line":167,"column":22}},"81":{"start":{"line":168,"column":4},"end":{"line":168,"column":34}},"82":{"start":{"line":168,"column":14},"end":{"line":168,"column":34}},"83":{"start":{"line":169,"column":4},"end":{"line":169,"column":37}},"84":{"start":{"line":169,"column":15},"end":{"line":169,"column":37}},"85":{"start":{"line":172,"column":4},"end":{"line":178,"column":5}},"86":{"start":{"line":173,"column":6},"end":{"line":175,"column":7}},"87":{"start":{"line":174,"column":8},"end":{"line":174,"column":79}},"88":{"start":{"line":176,"column":19},"end":{"line":176,"column":43}},"89":{"start":{"line":177,"column":6},"end":{"line":177,"column":59}},"90":{"start":{"line":181,"column":4},"end":{"line":186,"column":5}},"91":{"start":{"line":182,"column":27},"end":{"line":182,"column":83}},"92":{"start":{"line":183,"column":6},"end":{"line":185,"column":7}},"93":{"start":{"line":184,"column":8},"end":{"line":184,"column":73}},"94":{"start":{"line":188,"column":17},"end":{"line":188,"column":49}},"95":{"start":{"line":189,"column":21},"end":{"line":189,"column":31}},"96":{"start":{"line":192,"column":24},"end":{"line":196,"column":26}},"97":{"start":{"line":198,"column":4},"end":{"line":200,"column":5}},"98":{"start":{"line":199,"column":6},"end":{"line":199,"column":65}},"99":{"start":{"line":203,"column":4},"end":{"line":232,"column":5}},"100":{"start":{"line":205,"column":28},"end":{"line":207,"column":8}},"101":{"start":{"line":210,"column":29},"end":{"line":229,"column":8}},"102":{"start":{"line":212,"column":8},"end":{"line":220,"column":10}},"103":{"start":{"line":223,"column":8},"end":{"line":228,"column":11}},"104":{"start":{"line":231,"column":6},"end":{"line":231,"column":40}},"105":{"start":{"line":234,"column":4},"end":{"line":234,"column":38}},"106":{"start":{"line":236,"column":4},"end":{"line":236,"column":53}},"107":{"start":{"line":240,"column":0},"end":{"line":249,"column":2}}},"fnMap":{"0":{"name":"(anonymous_0)","decl":{"start":{"line":8,"column":20},"end":{"line":8,"column":21}},"loc":{"start":{"line":8,"column":29},"end":{"line":10,"column":1}},"line":8},"1":{"name":"(anonymous_1)","decl":{"start":{"line":11,"column":27},"end":{"line":11,"column":28}},"loc":{"start":{"line":11,"column":36},"end":{"line":13,"column":1}},"line":11},"2":{"name":"(anonymous_2)","decl":{"start":{"line":15,"column":21},"end":{"line":15,"column":22}},"loc":{"start":{"line":15,"column":41},"end":{"line":46,"column":1}},"line":15},"3":{"name":"(anonymous_3)","decl":{"start":{"line":26,"column":6},"end":{"line":26,"column":7}},"loc":{"start":{"line":26,"column":30},"end":{"line":40,"column":7}},"line":26},"4":{"name":"(anonymous_4)","decl":{"start":{"line":49,"column":18},"end":{"line":49,"column":19}},"loc":{"start":{"line":49,"column":38},"end":{"line":61,"column":1}},"line":49},"5":{"name":"(anonymous_5)","decl":{"start":{"line":63,"column":27},"end":{"line":63,"column":28}},"loc":{"start":{"line":63,"column":47},"end":{"line":72,"column":1}},"line":63},"6":{"name":"getNotifications","decl":{"start":{"line":75,"column":15},"end":{"line":75,"column":31}},"loc":{"start":{"line":75,"column":42},"end":{"line":86,"column":1}},"line":75},"7":{"name":"(anonymous_7)","decl":{"start":{"line":89,"column":32},"end":{"line":89,"column":33}},"loc":{"start":{"line":89,"column":52},"end":{"line":100,"column":1}},"line":89},"8":{"name":"(anonymous_8)","decl":{"start":{"line":103,"column":20},"end":{"line":103,"column":21}},"loc":{"start":{"line":103,"column":40},"end":{"line":145,"column":1}},"line":103},"9":{"name":"(anonymous_9)","decl":{"start":{"line":147,"column":23},"end":{"line":147,"column":24}},"loc":{"start":{"line":147,"column":43},"end":{"line":160,"column":1}},"line":147},"10":{"name":"(anonymous_10)","decl":{"start":{"line":162,"column":19},"end":{"line":162,"column":20}},"loc":{"start":{"line":162,"column":39},"end":{"line":238,"column":1}},"line":162},"11":{"name":"(anonymous_11)","decl":{"start":{"line":210,"column":47},"end":{"line":210,"column":48}},"loc":{"start":{"line":210,"column":69},"end":{"line":229,"column":7}},"line":210}},"branchMap":{"0":{"loc":{"start":{"line":19,"column":4},"end":{"line":21,"column":5}},"type":"if","locations":[{"start":{"line":19,"column":4},"end":{"line":21,"column":5}},{"start":{},"end":{}}],"line":19},"1":{"loc":{"start":{"line":27,"column":8},"end":{"line":31,"column":9}},"type":"if","locations":[{"start":{"line":27,"column":8},"end":{"line":31,"column":9}},{"start":{},"end":{}}],"line":27},"2":{"loc":{"start":{"line":34,"column":8},"end":{"line":36,"column":9}},"type":"if","locations":[{"start":{"line":34,"column":8},"end":{"line":36,"column":9}},{"start":{},"end":{}}],"line":34},"3":{"loc":{"start":{"line":106,"column":4},"end":{"line":108,"column":5}},"type":"if","locations":[{"start":{"line":106,"column":4},"end":{"line":108,"column":5}},{"start":{},"end":{}}],"line":106},"4":{"loc":{"start":{"line":112,"column":4},"end":{"line":114,"column":5}},"type":"if","locations":[{"start":{"line":112,"column":4},"end":{"line":114,"column":5}},{"start":{},"end":{}}],"line":112},"5":{"loc":{"start":{"line":117,"column":4},"end":{"line":119,"column":5}},"type":"if","locations":[{"start":{"line":117,"column":4},"end":{"line":119,"column":5}},{"start":{},"end":{}}],"line":117},"6":{"loc":{"start":{"line":123,"column":4},"end":{"line":125,"column":5}},"type":"if","locations":[{"start":{"line":123,"column":4},"end":{"line":125,"column":5}},{"start":{},"end":{}}],"line":123},"7":{"loc":{"start":{"line":134,"column":4},"end":{"line":136,"column":5}},"type":"if","locations":[{"start":{"line":134,"column":4},"end":{"line":136,"column":5}},{"start":{},"end":{}}],"line":134},"8":{"loc":{"start":{"line":152,"column":4},"end":{"line":154,"column":5}},"type":"if","locations":[{"start":{"line":152,"column":4},"end":{"line":154,"column":5}},{"start":{},"end":{}}],"line":152},"9":{"loc":{"start":{"line":168,"column":4},"end":{"line":168,"column":34}},"type":"if","locations":[{"start":{"line":168,"column":4},"end":{"line":168,"column":34}},{"start":{},"end":{}}],"line":168},"10":{"loc":{"start":{"line":169,"column":4},"end":{"line":169,"column":37}},"type":"if","locations":[{"start":{"line":169,"column":4},"end":{"line":169,"column":37}},{"start":{},"end":{}}],"line":169},"11":{"loc":{"start":{"line":172,"column":4},"end":{"line":178,"column":5}},"type":"if","locations":[{"start":{"line":172,"column":4},"end":{"line":178,"column":5}},{"start":{},"end":{}}],"line":172},"12":{"loc":{"start":{"line":172,"column":8},"end":{"line":172,"column":42}},"type":"binary-expr","locations":[{"start":{"line":172,"column":8},"end":{"line":172,"column":16}},{"start":{"line":172,"column":20},"end":{"line":172,"column":42}}],"line":172},"13":{"loc":{"start":{"line":173,"column":6},"end":{"line":175,"column":7}},"type":"if","locations":[{"start":{"line":173,"column":6},"end":{"line":175,"column":7}},{"start":{},"end":{}}],"line":173},"14":{"loc":{"start":{"line":181,"column":4},"end":{"line":186,"column":5}},"type":"if","locations":[{"start":{"line":181,"column":4},"end":{"line":186,"column":5}},{"start":{},"end":{}}],"line":181},"15":{"loc":{"start":{"line":183,"column":6},"end":{"line":185,"column":7}},"type":"if","locations":[{"start":{"line":183,"column":6},"end":{"line":185,"column":7}},{"start":{},"end":{}}],"line":183},"16":{"loc":{"start":{"line":198,"column":4},"end":{"line":200,"column":5}},"type":"if","locations":[{"start":{"line":198,"column":4},"end":{"line":200,"column":5}},{"start":{},"end":{}}],"line":198},"17":{"loc":{"start":{"line":203,"column":4},"end":{"line":232,"column":5}},"type":"if","locations":[{"start":{"line":203,"column":4},"end":{"line":232,"column":5}},{"start":{},"end":{}}],"line":203},"18":{"loc":{"start":{"line":203,"column":8},"end":{"line":203,"column":35}},"type":"binary-expr","locations":[{"start":{"line":203,"column":8},"end":{"line":203,"column":13}},{"start":{"line":203,"column":17},"end":{"line":203,"column":35}}],"line":203}},"s":{"0":4,"1":4,"2":4,"3":4,"4":4,"5":4,"6":4,"7":0,"8":4,"9":0,"10":4,"11":0,"12":0,"13":0,"14":0,"15":0,"16":0,"17":0,"18":0,"19":0,"20":0,"21":0,"22":0,"23":0,"24":0,"25":4,"26":0,"27":0,"28":0,"29":0,"30":0,"31":0,"32":0,"33":4,"34":0,"35":0,"36":0,"37":0,"38":0,"39":0,"40":0,"41":0,"42":0,"43":0,"44":0,"45":4,"46":0,"47":0,"48":0,"49":0,"50":4,"51":0,"52":0,"53":0,"54":0,"55":0,"56":0,"57":0,"58":0,"59":0,"60":0,"61":0,"62":0,"63":0,"64":0,"65":0,"66":0,"67":0,"68":0,"69":4,"70":0,"71":0,"72":0,"73":0,"74":0,"75":0,"76":4,"77":0,"78":0,"79":0,"80":0,"81":0,"82":0,"83":0,"84":0,"85":0,"86":0,"87":0,"88":0,"89":0,"90":0,"91":0,"92":0,"93":0,"94":0,"95":0,"96":0,"97":0,"98":0,"99":0,"100":0,"101":0,"102":0,"103":0,"104":0,"105":0,"106":0,"107":4},"f":{"0":0,"1":0,"2":0,"3":0,"4":0,"5":0,"6":0,"7":0,"8":0,"9":0,"10":0,"11":0},"b":{"0":[0,0],"1":[0,0],"2":[0,0],"3":[0,0],"4":[0,0],"5":[0,0],"6":[0,0],"7":[0,0],"8":[0,0],"9":[0,0],"10":[0,0],"11":[0,0],"12":[0,0],"13":[0,0],"14":[0,0],"15":[0,0],"16":[0,0],"17":[0,0],"18":[0,0]},"_coverageSchema":"1a1c01bbd47fc00a2c39e90264f33305004495a9","hash":"5102a8fbafa5285a7fd15d138d6c7dfcf962599e"}
,"/home/idenev/workspace/ToDoList/apis/middleware/requireAuth.js": {"path":"/home/idenev/workspace/ToDoList/apis/middleware/requireAuth.js","statementMap":{"0":{"start":{"line":1,"column":12},"end":{"line":1,"column":35}},"1":{"start":{"line":2,"column":13},"end":{"line":2,"column":43}},"2":{"start":{"line":4,"column":20},"end":{"line":26,"column":1}},"3":{"start":{"line":5,"column":28},"end":{"line":5,"column":39}},"4":{"start":{"line":7,"column":2},"end":{"line":9,"column":3}},"5":{"start":{"line":8,"column":4},"end":{"line":8,"column":75}},"6":{"start":{"line":11,"column":16},"end":{"line":11,"column":43}},"7":{"start":{"line":13,"column":2},"end":{"line":25,"column":3}},"8":{"start":{"line":14,"column":20},"end":{"line":14,"column":57}},"9":{"start":{"line":16,"column":17},"end":{"line":16,"column":58}},"10":{"start":{"line":17,"column":4},"end":{"line":19,"column":5}},"11":{"start":{"line":18,"column":6},"end":{"line":18,"column":77}},"12":{"start":{"line":21,"column":4},"end":{"line":21,"column":20}},"13":{"start":{"line":22,"column":4},"end":{"line":22,"column":11}},"14":{"start":{"line":24,"column":4},"end":{"line":24,"column":72}},"15":{"start":{"line":28,"column":0},"end":{"line":28,"column":29}}},"fnMap":{"0":{"name":"(anonymous_0)","decl":{"start":{"line":4,"column":20},"end":{"line":4,"column":21}},"loc":{"start":{"line":4,"column":46},"end":{"line":26,"column":1}},"line":4}},"branchMap":{"0":{"loc":{"start":{"line":7,"column":2},"end":{"line":9,"column":3}},"type":"if","locations":[{"start":{"line":7,"column":2},"end":{"line":9,"column":3}},{"start":{},"end":{}}],"line":7},"1":{"loc":{"start":{"line":17,"column":4},"end":{"line":19,"column":5}},"type":"if","locations":[{"start":{"line":17,"column":4},"end":{"line":19,"column":5}},{"start":{},"end":{}}],"line":17}},"s":{"0":2,"1":2,"2":2,"3":21,"4":21,"5":0,"6":21,"7":21,"8":21,"9":21,"10":18,"11":0,"12":18,"13":18,"14":3,"15":2},"f":{"0":21},"b":{"0":[0,21],"1":[0,18]},"_coverageSchema":"1a1c01bbd47fc00a2c39e90264f33305004495a9","hash":"b6980697c40b98c4508dc6d770841ed3e7dd0a3e"}
,"/home/idenev/workspace/ToDoList/apis/models/FriendRequestModel.js": {"path":"/home/idenev/workspace/ToDoList/apis/models/FriendRequestModel.js","statementMap":{"0":{"start":{"line":1,"column":17},"end":{"line":1,"column":36}},"1":{"start":{"line":3,"column":28},"end":{"line":12,"column":2}},"2":{"start":{"line":14,"column":27},"end":{"line":14,"column":79}},"3":{"start":{"line":15,"column":0},"end":{"line":15,"column":36}}},"fnMap":{},"branchMap":{},"s":{"0":4,"1":4,"2":4,"3":4},"f":{},"b":{},"_coverageSchema":"1a1c01bbd47fc00a2c39e90264f33305004495a9","hash":"a006f3a16c8efaf41b39ed6a0595e229beb55536"}
,"/home/idenev/workspace/ToDoList/apis/models/NotificationModel.js": {"path":"/home/idenev/workspace/ToDoList/apis/models/NotificationModel.js","statementMap":{"0":{"start":{"line":1,"column":17},"end":{"line":1,"column":36}},"1":{"start":{"line":3,"column":27},"end":{"line":11,"column":2}},"2":{"start":{"line":13,"column":26},"end":{"line":13,"column":76}},"3":{"start":{"line":14,"column":0},"end":{"line":14,"column":35}}},"fnMap":{},"branchMap":{},"s":{"0":4,"1":4,"2":4,"3":4},"f":{},"b":{},"_coverageSchema":"1a1c01bbd47fc00a2c39e90264f33305004495a9","hash":"6eb13f7b06a506a9ac9e2926eae8cdd171772110"}
,"/home/idenev/workspace/ToDoList/apis/models/Todo.js": {"path":"/home/idenev/workspace/ToDoList/apis/models/Todo.js","statementMap":{"0":{"start":{"line":1,"column":17},"end":{"line":1,"column":36}},"1":{"start":{"line":3,"column":19},"end":{"line":35,"column":2}},"2":{"start":{"line":37,"column":18},"end":{"line":37,"column":52}},"3":{"start":{"line":39,"column":0},"end":{"line":39,"column":27}}},"fnMap":{},"branchMap":{},"s":{"0":4,"1":4,"2":4,"3":4},"f":{},"b":{},"_coverageSchema":"1a1c01bbd47fc00a2c39e90264f33305004495a9","hash":"5063d4f4472cb73377e852b7e86e7884834c7e71"}
,"/home/idenev/workspace/ToDoList/apis/models/UserModel.js": {"path":"/home/idenev/workspace/ToDoList/apis/models/UserModel.js","statementMap":{"0":{"start":{"line":1,"column":17},"end":{"line":1,"column":36}},"1":{"start":{"line":2,"column":15},"end":{"line":2,"column":32}},"2":{"start":{"line":3,"column":18},"end":{"line":3,"column":38}},"3":{"start":{"line":5,"column":19},"end":{"line":14,"column":2}},"4":{"start":{"line":16,"column":0},"end":{"line":33,"column":1}},"5":{"start":{"line":18,"column":2},"end":{"line":20,"column":3}},"6":{"start":{"line":19,"column":4},"end":{"line":19,"column":45}},"7":{"start":{"line":22,"column":15},"end":{"line":22,"column":44}},"8":{"start":{"line":23,"column":2},"end":{"line":25,"column":3}},"9":{"start":{"line":24,"column":4},"end":{"line":24,"column":35}},"10":{"start":{"line":27,"column":16},"end":{"line":27,"column":61}},"11":{"start":{"line":28,"column":2},"end":{"line":30,"column":3}},"12":{"start":{"line":29,"column":4},"end":{"line":29,"column":38}},"13":{"start":{"line":32,"column":2},"end":{"line":32,"column":14}},"14":{"start":{"line":35,"column":0},"end":{"line":58,"column":1}},"15":{"start":{"line":38,"column":2},"end":{"line":40,"column":3}},"16":{"start":{"line":39,"column":4},"end":{"line":39,"column":45}},"17":{"start":{"line":41,"column":2},"end":{"line":43,"column":3}},"18":{"start":{"line":42,"column":4},"end":{"line":42,"column":38}},"19":{"start":{"line":44,"column":2},"end":{"line":46,"column":3}},"20":{"start":{"line":45,"column":4},"end":{"line":45,"column":46}},"21":{"start":{"line":48,"column":17},"end":{"line":48,"column":46}},"22":{"start":{"line":49,"column":2},"end":{"line":51,"column":3}},"23":{"start":{"line":50,"column":4},"end":{"line":50,"column":40}},"24":{"start":{"line":53,"column":15},"end":{"line":53,"column":39}},"25":{"start":{"line":54,"column":15},"end":{"line":54,"column":48}},"26":{"start":{"line":56,"column":15},"end":{"line":56,"column":65}},"27":{"start":{"line":57,"column":2},"end":{"line":57,"column":14}},"28":{"start":{"line":60,"column":18},"end":{"line":60,"column":52}},"29":{"start":{"line":62,"column":0},"end":{"line":62,"column":27}}},"fnMap":{"0":{"name":"(anonymous_0)","decl":{"start":{"line":16,"column":27},"end":{"line":16,"column":28}},"loc":{"start":{"line":16,"column":60},"end":{"line":33,"column":1}},"line":16},"1":{"name":"(anonymous_1)","decl":{"start":{"line":35,"column":28},"end":{"line":35,"column":29}},"loc":{"start":{"line":35,"column":67},"end":{"line":58,"column":1}},"line":35}},"branchMap":{"0":{"loc":{"start":{"line":18,"column":2},"end":{"line":20,"column":3}},"type":"if","locations":[{"start":{"line":18,"column":2},"end":{"line":20,"column":3}},{"start":{},"end":{}}],"line":18},"1":{"loc":{"start":{"line":18,"column":6},"end":{"line":18,"column":25}},"type":"binary-expr","locations":[{"start":{"line":18,"column":6},"end":{"line":18,"column":12}},{"start":{"line":18,"column":16},"end":{"line":18,"column":25}}],"line":18},"2":{"loc":{"start":{"line":23,"column":2},"end":{"line":25,"column":3}},"type":"if","locations":[{"start":{"line":23,"column":2},"end":{"line":25,"column":3}},{"start":{},"end":{}}],"line":23},"3":{"loc":{"start":{"line":28,"column":2},"end":{"line":30,"column":3}},"type":"if","locations":[{"start":{"line":28,"column":2},"end":{"line":30,"column":3}},{"start":{},"end":{}}],"line":28},"4":{"loc":{"start":{"line":38,"column":2},"end":{"line":40,"column":3}},"type":"if","locations":[{"start":{"line":38,"column":2},"end":{"line":40,"column":3}},{"start":{},"end":{}}],"line":38},"5":{"loc":{"start":{"line":38,"column":6},"end":{"line":38,"column":34}},"type":"binary-expr","locations":[{"start":{"line":38,"column":6},"end":{"line":38,"column":11}},{"start":{"line":38,"column":15},"end":{"line":38,"column":21}},{"start":{"line":38,"column":25},"end":{"line":38,"column":34}}],"line":38},"6":{"loc":{"start":{"line":41,"column":2},"end":{"line":43,"column":3}},"type":"if","locations":[{"start":{"line":41,"column":2},"end":{"line":43,"column":3}},{"start":{},"end":{}}],"line":41},"7":{"loc":{"start":{"line":44,"column":2},"end":{"line":46,"column":3}},"type":"if","locations":[{"start":{"line":44,"column":2},"end":{"line":46,"column":3}},{"start":{},"end":{}}],"line":44},"8":{"loc":{"start":{"line":49,"column":2},"end":{"line":51,"column":3}},"type":"if","locations":[{"start":{"line":49,"column":2},"end":{"line":51,"column":3}},{"start":{},"end":{}}],"line":49}},"s":{"0":4,"1":4,"2":4,"3":4,"4":4,"5":0,"6":0,"7":0,"8":0,"9":0,"10":0,"11":0,"12":0,"13":0,"14":4,"15":0,"16":0,"17":0,"18":0,"19":0,"20":0,"21":0,"22":0,"23":0,"24":0,"25":0,"26":0,"27":0,"28":4,"29":4},"f":{"0":0,"1":0},"b":{"0":[0,0],"1":[0,0],"2":[0,0],"3":[0,0],"4":[0,0],"5":[0,0,0],"6":[0,0],"7":[0,0],"8":[0,0]},"_coverageSchema":"1a1c01bbd47fc00a2c39e90264f33305004495a9","hash":"b50fd4317533139ba270228e6dda12936d2c26f0"}
,"/home/idenev/workspace/ToDoList/apis/routes/todoRoutes.js": {"path":"/home/idenev/workspace/ToDoList/apis/routes/todoRoutes.js","statementMap":{"0":{"start":{"line":1,"column":16},"end":{"line":1,"column":34}},"1":{"start":{"line":8,"column":4},"end":{"line":8,"column":44}},"2":{"start":{"line":9,"column":22},"end":{"line":9,"column":62}},"3":{"start":{"line":10,"column":20},"end":{"line":10,"column":56}},"4":{"start":{"line":12,"column":15},"end":{"line":12,"column":31}},"5":{"start":{"line":14,"column":0},"end":{"line":14,"column":24}},"6":{"start":{"line":16,"column":0},"end":{"line":16,"column":29}},"7":{"start":{"line":18,"column":0},"end":{"line":18,"column":34}},"8":{"start":{"line":20,"column":0},"end":{"line":20,"column":41}},"9":{"start":{"line":22,"column":0},"end":{"line":22,"column":50}},"10":{"start":{"line":24,"column":0},"end":{"line":24,"column":36}},"11":{"start":{"line":26,"column":0},"end":{"line":26,"column":41}},"12":{"start":{"line":28,"column":0},"end":{"line":28,"column":24}}},"fnMap":{},"branchMap":{},"s":{"0":4,"1":4,"2":4,"3":4,"4":4,"5":4,"6":4,"7":4,"8":4,"9":4,"10":4,"11":4,"12":4},"f":{},"b":{},"_coverageSchema":"1a1c01bbd47fc00a2c39e90264f33305004495a9","hash":"15633fc332dac0a0d30620a201062c84e2ece1e1"}
,"/home/idenev/workspace/ToDoList/apis/routes/userRoutes.js": {"path":"/home/idenev/workspace/ToDoList/apis/routes/userRoutes.js","statementMap":{"0":{"start":{"line":1,"column":16},"end":{"line":1,"column":34}},"1":{"start":{"line":2,"column":97},"end":{"line":2,"column":137}},"2":{"start":{"line":3,"column":74},"end":{"line":3,"column":122}},"3":{"start":{"line":4,"column":87},"end":{"line":4,"column":136}},"4":{"start":{"line":5,"column":20},"end":{"line":5,"column":56}},"5":{"start":{"line":7,"column":15},"end":{"line":7,"column":31}},"6":{"start":{"line":10,"column":0},"end":{"line":10,"column":33}},"7":{"start":{"line":11,"column":0},"end":{"line":11,"column":45}},"8":{"start":{"line":12,"column":0},"end":{"line":12,"column":38}},"9":{"start":{"line":15,"column":0},"end":{"line":15,"column":24}},"10":{"start":{"line":16,"column":0},"end":{"line":16,"column":36}},"11":{"start":{"line":17,"column":0},"end":{"line":17,"column":47}},"12":{"start":{"line":18,"column":0},"end":{"line":18,"column":60}},"13":{"start":{"line":19,"column":0},"end":{"line":19,"column":58}},"14":{"start":{"line":20,"column":0},"end":{"line":20,"column":51}},"15":{"start":{"line":21,"column":0},"end":{"line":21,"column":52}},"16":{"start":{"line":22,"column":0},"end":{"line":22,"column":52}},"17":{"start":{"line":23,"column":0},"end":{"line":23,"column":52}},"18":{"start":{"line":24,"column":0},"end":{"line":24,"column":36}},"19":{"start":{"line":25,"column":0},"end":{"line":25,"column":41}},"20":{"start":{"line":27,"column":0},"end":{"line":27,"column":24}}},"fnMap":{},"branchMap":{},"s":{"0":4,"1":4,"2":4,"3":4,"4":4,"5":4,"6":4,"7":4,"8":4,"9":4,"10":4,"11":4,"12":4,"13":4,"14":4,"15":4,"16":4,"17":4,"18":4,"19":4,"20":4},"f":{},"b":{},"_coverageSchema":"1a1c01bbd47fc00a2c39e90264f33305004495a9","hash":"d2af77954939e49c113021af14a86a34be705c05"}
}
