TN:
SF:index.js
FN:47,(anonymous_0)
FNF:1
FNH:0
FNDA:0,(anonymous_0)
DA:1,4
DA:2,4
DA:3,4
DA:4,4
DA:5,4
DA:6,4
DA:7,4
DA:8,4
DA:10,4
DA:12,4
DA:15,4
DA:16,0
DA:17,0
DA:23,4
DA:25,4
DA:37,4
DA:38,4
DA:40,4
DA:42,4
DA:43,4
DA:46,4
DA:47,0
DA:48,0
DA:52,4
LF:24
LH:20
BRDA:15,0,0,0
BRDA:15,0,1,4
BRDA:46,1,0,0
BRDA:46,1,1,4
BRF:4
BRH:2
end_of_record
TN:
SF:controllers/friendRequestController.js
FN:5,(anonymous_0)
FN:33,(anonymous_1)
FN:64,(anonymous_2)
FN:77,(anonymous_3)
FN:150,(anonymous_4)
FNF:5
FNH:5
FNDA:6,(anonymous_0)
FNDA:1,(anonymous_1)
FNDA:1,(anonymous_2)
FNDA:5,(anonymous_3)
FNDA:2,(anonymous_4)
DA:1,4
DA:2,4
DA:3,4
DA:5,4
DA:6,6
DA:7,6
DA:9,6
DA:11,6
DA:12,5
DA:13,1
DA:17,4
DA:18,1
DA:21,3
DA:27,3
DA:28,1
DA:32,2
DA:33,2
DA:34,1
DA:37,2
DA:38,1
DA:42,1
DA:44,1
DA:49,1
DA:57,1
DA:59,1
DA:60,1
DA:64,4
DA:65,1
DA:66,1
DA:71,1
DA:73,0
DA:77,4
DA:78,5
DA:80,5
DA:81,5
DA:82,1
DA:85,4
DA:90,4
DA:91,4
DA:92,1
DA:95,3
DA:96,3
DA:97,1
DA:100,2
DA:101,1
DA:106,1
DA:132,1
DA:140,2
DA:141,2
DA:143,2
DA:145,0
DA:146,0
DA:150,4
DA:151,2
DA:152,2
DA:154,2
DA:156,2
DA:161,1
DA:165,1
DA:168,1
DA:175,1
DA:177,1
DA:178,1
DA:182,4
LF:64
LH:61
BRDA:12,0,0,1
BRDA:12,0,1,4
BRDA:17,1,0,1
BRDA:17,1,1,3
BRDA:27,2,0,1
BRDA:27,2,1,2
BRDA:37,3,0,1
BRDA:37,3,1,1
BRDA:81,4,0,1
BRDA:81,4,1,4
BRDA:81,5,0,5
BRDA:81,5,1,4
BRDA:91,6,0,1
BRDA:91,6,1,3
BRDA:96,7,0,1
BRDA:96,7,1,2
BRDA:100,8,0,1
BRDA:100,8,1,1
BRF:18
BRH:18
end_of_record
TN:
SF:controllers/notificationController.js
FN:4,(anonymous_0)
FN:16,(anonymous_1)
FN:29,(anonymous_2)
FNF:3
FNH:3
FNDA:1,(anonymous_0)
FNDA:2,(anonymous_1)
FNDA:1,(anonymous_2)
DA:1,4
DA:2,4
DA:4,4
DA:5,1
DA:6,1
DA:10,1
DA:12,0
DA:16,4
DA:17,2
DA:18,2
DA:23,1
DA:25,1
DA:29,4
DA:30,1
DA:31,1
DA:32,1
DA:34,0
DA:35,0
DA:39,4
LF:19
LH:16
BRF:0
BRH:0
end_of_record
TN:
SF:controllers/taskController.js
FN:5,shareTask
FN:69,syncTaskCompletion
FNF:2
FNH:2
FNDA:3,shareTask
FNDA:4,syncTaskCompletion
DA:1,4
DA:2,4
DA:6,3
DA:7,3
DA:9,3
DA:10,3
DA:11,3
DA:12,1
DA:15,2
DA:16,0
DA:20,2
DA:21,2
DA:22,1
DA:23,1
DA:27,1
DA:29,1
DA:30,0
DA:31,0
DA:35,1
DA:41,1
DA:42,0
DA:46,1
DA:57,1
DA:58,1
DA:59,1
DA:61,1
DA:63,0
DA:64,0
DA:70,4
DA:71,4
DA:72,3
DA:75,2
DA:76,1
DA:77,1
DA:78,1
DA:79,1
DA:84,2
DA:85,2
DA:86,1
DA:87,1
DA:90,2
DA:94,4
LF:42
LH:36
BRDA:11,0,0,1
BRDA:11,0,1,2
BRDA:15,1,0,0
BRDA:15,1,1,2
BRDA:21,2,0,1
BRDA:21,2,1,1
BRDA:29,3,0,0
BRDA:29,3,1,1
BRDA:41,4,0,0
BRDA:41,4,1,1
BRDA:72,5,0,1
BRDA:72,5,1,2
BRDA:75,6,0,1
BRDA:75,6,1,1
BRDA:77,7,0,1
BRDA:77,7,1,0
BRF:16
BRH:12
end_of_record
TN:
SF:controllers/todoController.js
FN:5,(anonymous_0)
FN:21,(anonymous_1)
FN:37,(anonymous_2)
FN:53,(anonymous_3)
FN:76,(anonymous_4)
FNF:5
FNH:5
FNDA:2,(anonymous_0)
FNDA:3,(anonymous_1)
FNDA:2,(anonymous_2)
FNDA:3,(anonymous_3)
FNDA:3,(anonymous_4)
DA:1,4
DA:2,4
DA:5,4
DA:6,2
DA:7,2
DA:8,0
DA:11,2
DA:12,2
DA:13,1
DA:15,1
DA:16,1
DA:21,4
DA:22,3
DA:23,3
DA:24,1
DA:26,2
DA:27,2
DA:28,2
DA:29,1
DA:31,1
DA:32,1
DA:37,4
DA:38,2
DA:39,2
DA:40,2
DA:41,2
DA:42,1
DA:44,1
DA:47,0
DA:48,0
DA:53,4
DA:54,3
DA:55,3
DA:56,3
DA:57,3
DA:62,2
DA:64,1
DA:65,1
DA:67,1
DA:70,1
DA:71,1
DA:76,4
DA:77,3
DA:78,3
DA:79,3
DA:80,3
DA:85,2
DA:86,1
DA:88,1
DA:91,1
DA:92,1
DA:96,4
LF:52
LH:49
BRDA:7,0,0,0
BRDA:7,0,1,2
BRDA:7,1,0,2
BRDA:7,1,1,2
BRDA:23,2,0,1
BRDA:23,2,1,2
BRDA:41,3,0,1
BRDA:41,3,1,1
BRDA:62,4,0,1
BRDA:62,4,1,1
BRDA:85,5,0,1
BRDA:85,5,1,1
BRF:12
BRH:11
end_of_record
TN:
SF:controllers/userController.js
FN:8,(anonymous_0)
FN:11,(anonymous_1)
FN:15,(anonymous_2)
FN:26,(anonymous_3)
FN:49,(anonymous_4)
FN:63,(anonymous_5)
FN:75,getNotifications
FN:89,(anonymous_7)
FN:103,(anonymous_8)
FN:147,(anonymous_9)
FN:162,(anonymous_10)
FN:210,(anonymous_11)
FNF:12
FNH:0
FNDA:0,(anonymous_0)
FNDA:0,(anonymous_1)
FNDA:0,(anonymous_2)
FNDA:0,(anonymous_3)
FNDA:0,(anonymous_4)
FNDA:0,(anonymous_5)
FNDA:0,getNotifications
FNDA:0,(anonymous_7)
FNDA:0,(anonymous_8)
FNDA:0,(anonymous_9)
FNDA:0,(anonymous_10)
FNDA:0,(anonymous_11)
DA:1,4
DA:2,4
DA:3,4
DA:4,4
DA:5,4
DA:6,4
DA:8,4
DA:9,0
DA:11,4
DA:12,0
DA:15,4
DA:16,0
DA:17,0
DA:19,0
DA:20,0
DA:23,0
DA:27,0
DA:28,0
DA:33,0
DA:34,0
DA:35,0
DA:37,0
DA:39,0
DA:43,0
DA:44,0
DA:49,4
DA:50,0
DA:52,0
DA:53,0
DA:54,0
DA:55,0
DA:57,0
DA:59,0
DA:63,4
DA:64,0
DA:65,0
DA:66,0
DA:67,0
DA:68,0
DA:70,0
DA:76,0
DA:77,0
DA:81,0
DA:83,0
DA:84,0
DA:89,4
DA:90,0
DA:91,0
DA:96,0
DA:98,0
DA:103,4
DA:104,0
DA:105,0
DA:106,0
DA:107,0
DA:111,0
DA:112,0
DA:113,0
DA:117,0
DA:118,0
DA:122,0
DA:123,0
DA:124,0
DA:128,0
DA:134,0
DA:135,0
DA:139,0
DA:142,0
DA:143,0
DA:147,4
DA:148,0
DA:149,0
DA:152,0
DA:153,0
DA:156,0
DA:158,0
DA:162,4
DA:163,0
DA:164,0
DA:166,0
DA:167,0
DA:168,0
DA:169,0
DA:172,0
DA:173,0
DA:174,0
DA:176,0
DA:177,0
DA:181,0
DA:182,0
DA:183,0
DA:184,0
DA:188,0
DA:189,0
DA:192,0
DA:198,0
DA:199,0
DA:203,0
DA:205,0
DA:210,0
DA:212,0
DA:223,0
DA:231,0
DA:234,0
DA:236,0
DA:240,4
LF:106
LH:16
BRDA:19,0,0,0
BRDA:19,0,1,0
BRDA:27,1,0,0
BRDA:27,1,1,0
BRDA:34,2,0,0
BRDA:34,2,1,0
BRDA:106,3,0,0
BRDA:106,3,1,0
BRDA:112,4,0,0
BRDA:112,4,1,0
BRDA:117,5,0,0
BRDA:117,5,1,0
BRDA:123,6,0,0
BRDA:123,6,1,0
BRDA:134,7,0,0
BRDA:134,7,1,0
BRDA:152,8,0,0
BRDA:152,8,1,0
BRDA:168,9,0,0
BRDA:168,9,1,0
BRDA:169,10,0,0
BRDA:169,10,1,0
BRDA:172,11,0,0
BRDA:172,11,1,0
BRDA:172,12,0,0
BRDA:172,12,1,0
BRDA:173,13,0,0
BRDA:173,13,1,0
BRDA:181,14,0,0
BRDA:181,14,1,0
BRDA:183,15,0,0
BRDA:183,15,1,0
BRDA:198,16,0,0
BRDA:198,16,1,0
BRDA:203,17,0,0
BRDA:203,17,1,0
BRDA:203,18,0,0
BRDA:203,18,1,0
BRF:38
BRH:0
end_of_record
TN:
SF:middleware/requireAuth.js
FN:4,(anonymous_0)
FNF:1
FNH:1
FNDA:21,(anonymous_0)
DA:1,2
DA:2,2
DA:4,2
DA:5,21
DA:7,21
DA:8,0
DA:11,21
DA:13,21
DA:14,21
DA:16,21
DA:17,18
DA:18,0
DA:21,18
DA:22,18
DA:24,3
DA:28,2
LF:16
LH:14
BRDA:7,0,0,0
BRDA:7,0,1,21
BRDA:17,1,0,0
BRDA:17,1,1,18
BRF:4
BRH:2
end_of_record
TN:
SF:models/FriendRequestModel.js
FNF:0
FNH:0
DA:1,4
DA:3,4
DA:14,4
DA:15,4
LF:4
LH:4
BRF:0
BRH:0
end_of_record
TN:
SF:models/NotificationModel.js
FNF:0
FNH:0
DA:1,4
DA:3,4
DA:13,4
DA:14,4
LF:4
LH:4
BRF:0
BRH:0
end_of_record
TN:
SF:models/Todo.js
FNF:0
FNH:0
DA:1,4
DA:3,4
DA:37,4
DA:39,4
LF:4
LH:4
BRF:0
BRH:0
end_of_record
TN:
SF:models/UserModel.js
FN:16,(anonymous_0)
FN:35,(anonymous_1)
FNF:2
FNH:0
FNDA:0,(anonymous_0)
FNDA:0,(anonymous_1)
DA:1,4
DA:2,4
DA:3,4
DA:5,4
DA:16,4
DA:18,0
DA:19,0
DA:22,0
DA:23,0
DA:24,0
DA:27,0
DA:28,0
DA:29,0
DA:32,0
DA:35,4
DA:38,0
DA:39,0
DA:41,0
DA:42,0
DA:44,0
DA:45,0
DA:48,0
DA:49,0
DA:50,0
DA:53,0
DA:54,0
DA:56,0
DA:57,0
DA:60,4
DA:62,4
LF:30
LH:8
BRDA:18,0,0,0
BRDA:18,0,1,0
BRDA:18,1,0,0
BRDA:18,1,1,0
BRDA:23,2,0,0
BRDA:23,2,1,0
BRDA:28,3,0,0
BRDA:28,3,1,0
BRDA:38,4,0,0
BRDA:38,4,1,0
BRDA:38,5,0,0
BRDA:38,5,1,0
BRDA:38,5,2,0
BRDA:41,6,0,0
BRDA:41,6,1,0
BRDA:44,7,0,0
BRDA:44,7,1,0
BRDA:49,8,0,0
BRDA:49,8,1,0
BRF:19
BRH:0
end_of_record
TN:
SF:routes/todoRoutes.js
FNF:0
FNH:0
DA:1,4
DA:8,4
DA:9,4
DA:10,4
DA:12,4
DA:14,4
DA:16,4
DA:18,4
DA:20,4
DA:22,4
DA:24,4
DA:26,4
DA:28,4
LF:13
LH:13
BRF:0
BRH:0
end_of_record
TN:
SF:routes/userRoutes.js
FNF:0
FNH:0
DA:1,4
DA:2,4
DA:3,4
DA:4,4
DA:5,4
DA:7,4
DA:10,4
DA:11,4
DA:12,4
DA:15,4
DA:16,4
DA:17,4
DA:18,4
DA:19,4
DA:20,4
DA:21,4
DA:22,4
DA:23,4
DA:24,4
DA:25,4
DA:27,4
LF:21
LH:21
BRF:0
BRH:0
end_of_record
