{"/home/idenev/workspace/ToDoList/ui/src/components/LogInComponent.tsx": {"path":"/home/idenev/workspace/ToDoList/ui/src/components/LogInComponent.tsx","statementMap":{"0":{"start":{"line":1,"column":0},"end":{"line":1,"column":26}},"1":{"start":{"line":2,"column":0},"end":{"line":2,"column":33}},"2":{"start":{"line":3,"column":0},"end":{"line":3,"column":53}},"3":{"start":{"line":4,"column":0},"end":{"line":4,"column":53}},"4":{"start":{"line":5,"column":0},"end":{"line":5,"column":40}},"5":{"start":{"line":8,"column":42},"end":{"line":8,"column":54}},"6":{"start":{"line":9,"column":34},"end":{"line":9,"column":46}},"7":{"start":{"line":10,"column":28},"end":{"line":10,"column":40}},"8":{"start":{"line":11,"column":19},"end":{"line":11,"column":32}},"9":{"start":{"line":13,"column":17},"end":{"line":13,"column":28}},"10":{"start":{"line":15,"column":23},"end":{"line":15,"column":39}},"11":{"start":{"line":18,"column":4},"end":{"line":18,"column":23}},"12":{"start":{"line":19,"column":4},"end":{"line":39,"column":9}},"13":{"start":{"line":22,"column":8},"end":{"line":30,"column":9}},"14":{"start":{"line":23,"column":10},"end":{"line":23,"column":68}},"15":{"start":{"line":25,"column":10},"end":{"line":25,"column":73}},"16":{"start":{"line":28,"column":10},"end":{"line":28,"column":60}},"17":{"start":{"line":29,"column":10},"end":{"line":29,"column":28}},"18":{"start":{"line":34,"column":8},"end":{"line":38,"column":9}},"19":{"start":{"line":35,"column":10},"end":{"line":35,"column":55}},"20":{"start":{"line":37,"column":10},"end":{"line":37,"column":66}},"21":{"start":{"line":42,"column":2},"end":{"line":91,"column":4}},"22":{"start":{"line":59,"column":31},"end":{"line":59,"column":55}},"23":{"start":{"line":73,"column":33},"end":{"line":73,"column":60}},"24":{"start":{"line":94,"column":0},"end":{"line":94,"column":30}}},"fnMap":{"0":{"name":"LogInComponent","decl":{"start":{"line":7,"column":9},"end":{"line":7,"column":23}},"loc":{"start":{"line":7,"column":23},"end":{"line":92,"column":1}}},"1":{"name":"handleSubmit","decl":{"start":{"line":17,"column":11},"end":{"line":17,"column":23}},"loc":{"start":{"line":17,"column":42},"end":{"line":40,"column":3}}},"2":{"name":"(anonymous_3)","decl":{"start":{"line":21,"column":12},"end":{"line":21,"column":13}},"loc":{"start":{"line":21,"column":23},"end":{"line":31,"column":7}}},"3":{"name":"(anonymous_4)","decl":{"start":{"line":33,"column":13},"end":{"line":33,"column":14}},"loc":{"start":{"line":33,"column":23},"end":{"line":39,"column":7}}},"4":{"name":"(anonymous_5)","decl":{"start":{"line":59,"column":24},"end":{"line":59,"column":25}},"loc":{"start":{"line":59,"column":31},"end":{"line":59,"column":55}}},"5":{"name":"(anonymous_6)","decl":{"start":{"line":73,"column":26},"end":{"line":73,"column":27}},"loc":{"start":{"line":73,"column":33},"end":{"line":73,"column":60}}}},"branchMap":{"0":{"loc":{"start":{"line":22,"column":8},"end":{"line":30,"column":9}},"type":"if","locations":[{"start":{"line":22,"column":8},"end":{"line":30,"column":9}}]},"1":{"loc":{"start":{"line":34,"column":8},"end":{"line":38,"column":9}},"type":"if","locations":[{"start":{"line":34,"column":8},"end":{"line":38,"column":9}},{"start":{"line":36,"column":15},"end":{"line":38,"column":9}}]},"2":{"loc":{"start":{"line":77,"column":11},"end":{"line":77,"column":73}},"type":"binary-expr","locations":[{"start":{"line":77,"column":11},"end":{"line":77,"column":23}},{"start":{"line":77,"column":27},"end":{"line":77,"column":73}}]}},"s":{"0":1,"1":1,"2":1,"3":1,"4":1,"5":9,"6":9,"7":9,"8":9,"9":9,"10":9,"11":1,"12":1,"13":1,"14":1,"15":1,"16":1,"17":1,"18":0,"19":0,"20":0,"21":9,"22":1,"23":1,"24":1},"f":{"0":9,"1":1,"2":1,"3":0,"4":1,"5":1},"b":{"0":[1],"1":[0,0],"2":[9,0]}}
,"/home/idenev/workspace/ToDoList/ui/src/components/NavBarComponent.tsx": {"path":"/home/idenev/workspace/ToDoList/ui/src/components/NavBarComponent.tsx","statementMap":{"0":{"start":{"line":1,"column":0},"end":{"line":1,"column":40}},"1":{"start":{"line":2,"column":0},"end":{"line":2,"column":45}},"2":{"start":{"line":3,"column":0},"end":{"line":3,"column":53}},"3":{"start":{"line":4,"column":0},"end":{"line":4,"column":32}},"4":{"start":{"line":5,"column":0},"end":{"line":5,"column":60}},"5":{"start":{"line":6,"column":0},"end":{"line":6,"column":33}},"6":{"start":{"line":7,"column":0},"end":{"line":7,"column":62}},"7":{"start":{"line":8,"column":0},"end":{"line":8,"column":52}},"8":{"start":{"line":9,"column":0},"end":{"line":9,"column":58}},"9":{"start":{"line":12,"column":21},"end":{"line":12,"column":32}},"10":{"start":{"line":13,"column":19},"end":{"line":13,"column":35}},"11":{"start":{"line":14,"column":48},"end":{"line":14,"column":63}},"12":{"start":{"line":15,"column":50},"end":{"line":15,"column":65}},"13":{"start":{"line":16,"column":44},"end":{"line":16,"column":59}},"14":{"start":{"line":17,"column":58},"end":{"line":17,"column":73}},"15":{"start":{"line":20,"column":4},"end":{"line":20,"column":13}},"16":{"start":{"line":23,"column":2},"end":{"line":94,"column":4}},"17":{"start":{"line":31,"column":29},"end":{"line":31,"column":67}},"18":{"start":{"line":38,"column":18},"end":{"line":38,"column":41}},"19":{"start":{"line":39,"column":18},"end":{"line":39,"column":45}},"20":{"start":{"line":44,"column":18},"end":{"line":44,"column":48}},"21":{"start":{"line":45,"column":18},"end":{"line":45,"column":45}},"22":{"start":{"line":55,"column":29},"end":{"line":55,"column":53}},"23":{"start":{"line":81,"column":25},"end":{"line":81,"column":50}},"24":{"start":{"line":85,"column":25},"end":{"line":85,"column":48}},"25":{"start":{"line":90,"column":25},"end":{"line":90,"column":55}},"26":{"start":{"line":97,"column":0},"end":{"line":97,"column":31}}},"fnMap":{"0":{"name":"NavBarComponent","decl":{"start":{"line":11,"column":9},"end":{"line":11,"column":24}},"loc":{"start":{"line":11,"column":24},"end":{"line":95,"column":1}}},"1":{"name":"handleClick","decl":{"start":{"line":19,"column":11},"end":{"line":19,"column":22}},"loc":{"start":{"line":19,"column":22},"end":{"line":21,"column":3}}},"2":{"name":"(anonymous_3)","decl":{"start":{"line":31,"column":23},"end":{"line":31,"column":26}},"loc":{"start":{"line":31,"column":29},"end":{"line":31,"column":67}}},"3":{"name":"(anonymous_4)","decl":{"start":{"line":37,"column":33},"end":{"line":37,"column":36}},"loc":{"start":{"line":37,"column":38},"end":{"line":40,"column":17}}},"4":{"name":"(anonymous_5)","decl":{"start":{"line":43,"column":33},"end":{"line":43,"column":36}},"loc":{"start":{"line":43,"column":38},"end":{"line":46,"column":17}}},"5":{"name":"(anonymous_6)","decl":{"start":{"line":55,"column":23},"end":{"line":55,"column":26}},"loc":{"start":{"line":55,"column":29},"end":{"line":55,"column":53}}},"6":{"name":"(anonymous_7)","decl":{"start":{"line":81,"column":19},"end":{"line":81,"column":22}},"loc":{"start":{"line":81,"column":25},"end":{"line":81,"column":50}}},"7":{"name":"(anonymous_8)","decl":{"start":{"line":85,"column":19},"end":{"line":85,"column":22}},"loc":{"start":{"line":85,"column":25},"end":{"line":85,"column":48}}},"8":{"name":"(anonymous_9)","decl":{"start":{"line":90,"column":19},"end":{"line":90,"column":22}},"loc":{"start":{"line":90,"column":25},"end":{"line":90,"column":55}}}},"branchMap":{"0":{"loc":{"start":{"line":26,"column":10},"end":{"line":67,"column":null}},"type":"binary-expr","locations":[{"start":{"line":26,"column":10},"end":{"line":26,"column":14}},{"start":{"line":27,"column":8},"end":{"line":66,"column":null}}]},"1":{"loc":{"start":{"line":35,"column":13},"end":{"line":49,"column":null}},"type":"binary-expr","locations":[{"start":{"line":35,"column":13},"end":{"line":35,"column":29}},{"start":{"line":36,"column":14},"end":{"line":48,"column":null}}]},"2":{"loc":{"start":{"line":69,"column":9},"end":{"line":77,"column":null}},"type":"binary-expr","locations":[{"start":{"line":69,"column":9},"end":{"line":69,"column":14}},{"start":{"line":70,"column":8},"end":{"line":76,"column":null}}]},"3":{"loc":{"start":{"line":86,"column":23},"end":{"line":86,"column":44}},"type":"binary-expr","locations":[{"start":{"line":86,"column":23},"end":{"line":86,"column":27}},{"start":{"line":86,"column":31},"end":{"line":86,"column":44}}]}},"s":{"0":1,"1":1,"2":1,"3":1,"4":1,"5":1,"6":1,"7":1,"8":1,"9":10,"10":10,"11":10,"12":10,"13":10,"14":10,"15":1,"16":10,"17":2,"18":1,"19":1,"20":0,"21":0,"22":1,"23":0,"24":0,"25":0,"26":1},"f":{"0":10,"1":1,"2":2,"3":1,"4":0,"5":1,"6":0,"7":0,"8":0},"b":{"0":[10,10],"1":[10,2],"2":[10,0],"3":[10,0]}}
,"/home/idenev/workspace/ToDoList/ui/src/components/NotificationComponent.tsx": {"path":"/home/idenev/workspace/ToDoList/ui/src/components/NotificationComponent.tsx","statementMap":{"0":{"start":{"line":1,"column":0},"end":{"line":1,"column":44}},"1":{"start":{"line":2,"column":0},"end":{"line":2,"column":50}},"2":{"start":{"line":3,"column":0},"end":{"line":3,"column":26}},"3":{"start":{"line":4,"column":0},"end":{"line":4,"column":53}},"4":{"start":{"line":5,"column":0},"end":{"line":5,"column":38}},"5":{"start":{"line":6,"column":0},"end":{"line":6,"column":40}},"6":{"start":{"line":19,"column":44},"end":{"line":19,"column":72}},"7":{"start":{"line":20,"column":42},"end":{"line":20,"column":57}},"8":{"start":{"line":21,"column":19},"end":{"line":21,"column":35}},"9":{"start":{"line":23,"column":17},"end":{"line":23,"column":28}},"10":{"start":{"line":26,"column":28},"end":{"line":26,"column":76}},"11":{"start":{"line":27,"column":25},"end":{"line":27,"column":53}},"12":{"start":{"line":29,"column":4},"end":{"line":32,"column":5}},"13":{"start":{"line":30,"column":6},"end":{"line":30,"column":48}},"14":{"start":{"line":31,"column":6},"end":{"line":31,"column":56}},"15":{"start":{"line":34,"column":4},"end":{"line":45,"column":9}},"16":{"start":{"line":37,"column":31},"end":{"line":37,"column":45}},"17":{"start":{"line":38,"column":8},"end":{"line":38,"column":47}},"18":{"start":{"line":39,"column":8},"end":{"line":39,"column":70}},"19":{"start":{"line":40,"column":8},"end":{"line":40,"column":30}},"20":{"start":{"line":43,"column":8},"end":{"line":43,"column":54}},"21":{"start":{"line":44,"column":8},"end":{"line":44,"column":18}},"22":{"start":{"line":48,"column":29},"end":{"line":79,"column":4}},"23":{"start":{"line":48,"column":40},"end":{"line":79,"column":4}},"24":{"start":{"line":49,"column":4},"end":{"line":78,"column":5}},"25":{"start":{"line":50,"column":23},"end":{"line":52,"column":8}},"26":{"start":{"line":53,"column":6},"end":{"line":53,"column":38}},"27":{"start":{"line":55,"column":6},"end":{"line":77,"column":7}},"28":{"start":{"line":56,"column":8},"end":{"line":74,"column":9}},"29":{"start":{"line":58,"column":27},"end":{"line":58,"column":75}},"30":{"start":{"line":59,"column":34},"end":{"line":61,"column":12}},"31":{"start":{"line":64,"column":10},"end":{"line":64,"column":54}},"32":{"start":{"line":65,"column":10},"end":{"line":65,"column":65}},"33":{"start":{"line":68,"column":32},"end":{"line":70,"column":12}},"34":{"start":{"line":71,"column":10},"end":{"line":71,"column":47}},"35":{"start":{"line":73,"column":10},"end":{"line":73,"column":65}},"36":{"start":{"line":76,"column":8},"end":{"line":76,"column":62}},"37":{"start":{"line":81,"column":21},"end":{"line":109,"column":4}},"38":{"start":{"line":81,"column":32},"end":{"line":109,"column":4}},"39":{"start":{"line":82,"column":28},"end":{"line":82,"column":76}},"40":{"start":{"line":83,"column":24},"end":{"line":83,"column":45}},"41":{"start":{"line":85,"column":4},"end":{"line":108,"column":5}},"42":{"start":{"line":86,"column":6},"end":{"line":90,"column":8}},"43":{"start":{"line":93,"column":6},"end":{"line":93,"column":71}},"44":{"start":{"line":93,"column":46},"end":{"line":93,"column":68}},"45":{"start":{"line":95,"column":6},"end":{"line":107,"column":7}},"46":{"start":{"line":96,"column":8},"end":{"line":106,"column":9}},"47":{"start":{"line":97,"column":34},"end":{"line":97,"column":60}},"48":{"start":{"line":98,"column":10},"end":{"line":102,"column":12}},"49":{"start":{"line":103,"column":10},"end":{"line":103,"column":75}},"50":{"start":{"line":103,"column":50},"end":{"line":103,"column":72}},"51":{"start":{"line":105,"column":10},"end":{"line":105,"column":76}},"52":{"start":{"line":111,"column":29},"end":{"line":135,"column":4}},"53":{"start":{"line":111,"column":40},"end":{"line":135,"column":4}},"54":{"start":{"line":112,"column":28},"end":{"line":112,"column":76}},"55":{"start":{"line":113,"column":24},"end":{"line":113,"column":45}},"56":{"start":{"line":115,"column":4},"end":{"line":134,"column":5}},"57":{"start":{"line":116,"column":6},"end":{"line":119,"column":8}},"58":{"start":{"line":120,"column":6},"end":{"line":120,"column":27}},"59":{"start":{"line":122,"column":6},"end":{"line":133,"column":7}},"60":{"start":{"line":123,"column":8},"end":{"line":132,"column":9}},"61":{"start":{"line":124,"column":34},"end":{"line":124,"column":60}},"62":{"start":{"line":125,"column":10},"end":{"line":128,"column":12}},"63":{"start":{"line":129,"column":10},"end":{"line":129,"column":31}},"64":{"start":{"line":131,"column":10},"end":{"line":131,"column":69}},"65":{"start":{"line":137,"column":31},"end":{"line":142,"column":3}},"66":{"start":{"line":138,"column":4},"end":{"line":138,"column":35}},"67":{"start":{"line":139,"column":4},"end":{"line":141,"column":5}},"68":{"start":{"line":140,"column":6},"end":{"line":140,"column":19}},"69":{"start":{"line":144,"column":2},"end":{"line":148,"column":13}},"70":{"start":{"line":145,"column":4},"end":{"line":147,"column":5}},"71":{"start":{"line":146,"column":6},"end":{"line":146,"column":27}},"72":{"start":{"line":150,"column":30},"end":{"line":201,"column":4}},"73":{"start":{"line":150,"column":111},"end":{"line":201,"column":4}},"74":{"start":{"line":151,"column":28},"end":{"line":151,"column":76}},"75":{"start":{"line":152,"column":24},"end":{"line":152,"column":45}},"76":{"start":{"line":154,"column":4},"end":{"line":158,"column":5}},"77":{"start":{"line":155,"column":6},"end":{"line":155,"column":58}},"78":{"start":{"line":156,"column":6},"end":{"line":156,"column":45}},"79":{"start":{"line":157,"column":6},"end":{"line":157,"column":13}},"80":{"start":{"line":160,"column":4},"end":{"line":200,"column":5}},"81":{"start":{"line":161,"column":6},"end":{"line":165,"column":8}},"82":{"start":{"line":167,"column":6},"end":{"line":167,"column":76}},"83":{"start":{"line":167,"column":49},"end":{"line":167,"column":73}},"84":{"start":{"line":170,"column":6},"end":{"line":170,"column":55}},"85":{"start":{"line":172,"column":6},"end":{"line":172,"column":72}},"86":{"start":{"line":174,"column":6},"end":{"line":199,"column":7}},"87":{"start":{"line":175,"column":8},"end":{"line":196,"column":9}},"88":{"start":{"line":176,"column":27},"end":{"line":176,"column":75}},"89":{"start":{"line":177,"column":34},"end":{"line":179,"column":12}},"90":{"start":{"line":181,"column":10},"end":{"line":181,"column":54}},"91":{"start":{"line":182,"column":10},"end":{"line":182,"column":65}},"92":{"start":{"line":185,"column":10},"end":{"line":189,"column":12}},"93":{"start":{"line":191,"column":10},"end":{"line":191,"column":80}},"94":{"start":{"line":191,"column":53},"end":{"line":191,"column":77}},"95":{"start":{"line":192,"column":10},"end":{"line":192,"column":59}},"96":{"start":{"line":194,"column":10},"end":{"line":194,"column":66}},"97":{"start":{"line":195,"column":10},"end":{"line":195,"column":56}},"98":{"start":{"line":198,"column":8},"end":{"line":198,"column":78}},"99":{"start":{"line":203,"column":22},"end":{"line":203,"column":63}},"100":{"start":{"line":203,"column":48},"end":{"line":203,"column":55}},"101":{"start":{"line":205,"column":36},"end":{"line":237,"column":3}},"102":{"start":{"line":206,"column":4},"end":{"line":229,"column":5}},"103":{"start":{"line":207,"column":6},"end":{"line":228,"column":8}},"104":{"start":{"line":214,"column":29},"end":{"line":214,"column":101}},"105":{"start":{"line":221,"column":29},"end":{"line":221,"column":101}},"106":{"start":{"line":231,"column":4},"end":{"line":236,"column":6}},"107":{"start":{"line":239,"column":2},"end":{"line":279,"column":4}},"108":{"start":{"line":266,"column":14},"end":{"line":267,"column":null}},"109":{"start":{"line":282,"column":0},"end":{"line":282,"column":32}}},"fnMap":{"0":{"name":"NotificationIcon","decl":{"start":{"line":18,"column":9},"end":{"line":18,"column":25}},"loc":{"start":{"line":18,"column":25},"end":{"line":280,"column":1}}},"1":{"name":"refreshAccessToken","decl":{"start":{"line":25,"column":11},"end":{"line":25,"column":29}},"loc":{"start":{"line":25,"column":29},"end":{"line":46,"column":3}}},"2":{"name":"(anonymous_10)","decl":{"start":{"line":36,"column":12},"end":{"line":36,"column":13}},"loc":{"start":{"line":36,"column":20},"end":{"line":41,"column":7}}},"3":{"name":"(anonymous_11)","decl":{"start":{"line":42,"column":13},"end":{"line":42,"column":14}},"loc":{"start":{"line":42,"column":21},"end":{"line":45,"column":7}}},"4":{"name":"(anonymous_12)","decl":{"start":{"line":48,"column":29},"end":{"line":48,"column":38}},"loc":{"start":{"line":48,"column":40},"end":{"line":79,"column":4}}},"5":{"name":"(anonymous_13)","decl":{"start":{"line":48,"column":40},"end":{"line":48,"column":null}},"loc":{"start":{"line":48,"column":40},"end":{"line":79,"column":3}}},"6":{"name":"(anonymous_14)","decl":{"start":{"line":81,"column":21},"end":{"line":81,"column":30}},"loc":{"start":{"line":81,"column":32},"end":{"line":109,"column":4}}},"7":{"name":"(anonymous_15)","decl":{"start":{"line":81,"column":32},"end":{"line":81,"column":null}},"loc":{"start":{"line":81,"column":32},"end":{"line":109,"column":3}}},"8":{"name":"(anonymous_16)","decl":{"start":{"line":93,"column":41},"end":{"line":93,"column":42}},"loc":{"start":{"line":93,"column":46},"end":{"line":93,"column":68}}},"9":{"name":"(anonymous_17)","decl":{"start":{"line":103,"column":45},"end":{"line":103,"column":46}},"loc":{"start":{"line":103,"column":50},"end":{"line":103,"column":72}}},"10":{"name":"(anonymous_18)","decl":{"start":{"line":111,"column":29},"end":{"line":111,"column":38}},"loc":{"start":{"line":111,"column":40},"end":{"line":135,"column":4}}},"11":{"name":"(anonymous_19)","decl":{"start":{"line":111,"column":40},"end":{"line":111,"column":null}},"loc":{"start":{"line":111,"column":40},"end":{"line":135,"column":3}}},"12":{"name":"(anonymous_20)","decl":{"start":{"line":137,"column":31},"end":{"line":137,"column":34}},"loc":{"start":{"line":137,"column":36},"end":{"line":142,"column":3}}},"13":{"name":"(anonymous_21)","decl":{"start":{"line":144,"column":12},"end":{"line":144,"column":15}},"loc":{"start":{"line":144,"column":17},"end":{"line":148,"column":3}}},"14":{"name":"(anonymous_22)","decl":{"start":{"line":150,"column":30},"end":{"line":150,"column":37}},"loc":{"start":{"line":150,"column":111},"end":{"line":201,"column":4}}},"15":{"name":"(anonymous_23)","decl":{"start":{"line":150,"column":111},"end":{"line":150,"column":null}},"loc":{"start":{"line":150,"column":111},"end":{"line":201,"column":3}}},"16":{"name":"(anonymous_24)","decl":{"start":{"line":167,"column":44},"end":{"line":167,"column":45}},"loc":{"start":{"line":167,"column":49},"end":{"line":167,"column":73}}},"17":{"name":"(anonymous_25)","decl":{"start":{"line":191,"column":48},"end":{"line":191,"column":49}},"loc":{"start":{"line":191,"column":53},"end":{"line":191,"column":77}}},"18":{"name":"(anonymous_26)","decl":{"start":{"line":203,"column":43},"end":{"line":203,"column":44}},"loc":{"start":{"line":203,"column":48},"end":{"line":203,"column":55}}},"19":{"name":"(anonymous_27)","decl":{"start":{"line":205,"column":36},"end":{"line":205,"column":37}},"loc":{"start":{"line":205,"column":67},"end":{"line":237,"column":3}}},"20":{"name":"(anonymous_28)","decl":{"start":{"line":214,"column":23},"end":{"line":214,"column":26}},"loc":{"start":{"line":214,"column":29},"end":{"line":214,"column":101}}},"21":{"name":"(anonymous_29)","decl":{"start":{"line":221,"column":23},"end":{"line":221,"column":26}},"loc":{"start":{"line":221,"column":29},"end":{"line":221,"column":101}}},"22":{"name":"(anonymous_30)","decl":{"start":{"line":265,"column":30},"end":{"line":265,"column":42}},"loc":{"start":{"line":266,"column":14},"end":{"line":267,"column":null}}}},"branchMap":{"0":{"loc":{"start":{"line":26,"column":39},"end":{"line":26,"column":75}},"type":"binary-expr","locations":[{"start":{"line":26,"column":39},"end":{"line":26,"column":67}},{"start":{"line":26,"column":71},"end":{"line":26,"column":75}}]},"1":{"loc":{"start":{"line":29,"column":4},"end":{"line":32,"column":5}},"type":"if","locations":[{"start":{"line":29,"column":4},"end":{"line":32,"column":5}}]},"2":{"loc":{"start":{"line":51,"column":44},"end":{"line":51,"column":55}},"type":"cond-expr","locations":[{"start":{"line":51,"column":48},"end":{"line":51,"column":50}},{"start":{"line":51,"column":44},"end":{"line":51,"column":55}}]},"3":{"loc":{"start":{"line":51,"column":44},"end":{"line":51,"column":50}},"type":"binary-expr","locations":[{"start":{"line":51,"column":44},"end":{"line":51,"column":50}},{"start":{"line":51,"column":44},"end":{"line":51,"column":50}}]},"4":{"loc":{"start":{"line":55,"column":6},"end":{"line":77,"column":7}},"type":"if","locations":[{"start":{"line":55,"column":6},"end":{"line":77,"column":7}},{"start":{"line":75,"column":13},"end":{"line":77,"column":7}}]},"5":{"loc":{"start":{"line":55,"column":10},"end":{"line":55,"column":32}},"type":"cond-expr","locations":[{"start":{"line":55,"column":24},"end":{"line":55,"column":26}},{"start":{"line":55,"column":24},"end":{"line":55,"column":32}}]},"6":{"loc":{"start":{"line":55,"column":10},"end":{"line":55,"column":26}},"type":"binary-expr","locations":[{"start":{"line":55,"column":10},"end":{"line":55,"column":26}},{"start":{"line":55,"column":24},"end":{"line":55,"column":26}}]},"7":{"loc":{"start":{"line":58,"column":38},"end":{"line":58,"column":74}},"type":"binary-expr","locations":[{"start":{"line":58,"column":38},"end":{"line":58,"column":66}},{"start":{"line":58,"column":70},"end":{"line":58,"column":74}}]},"8":{"loc":{"start":{"line":82,"column":39},"end":{"line":82,"column":75}},"type":"binary-expr","locations":[{"start":{"line":82,"column":39},"end":{"line":82,"column":67}},{"start":{"line":82,"column":71},"end":{"line":82,"column":75}}]},"9":{"loc":{"start":{"line":95,"column":6},"end":{"line":107,"column":7}},"type":"if","locations":[{"start":{"line":95,"column":6},"end":{"line":107,"column":7}}]},"10":{"loc":{"start":{"line":95,"column":10},"end":{"line":95,"column":30}},"type":"cond-expr","locations":[{"start":{"line":95,"column":22},"end":{"line":95,"column":24}},{"start":{"line":95,"column":22},"end":{"line":95,"column":30}}]},"11":{"loc":{"start":{"line":95,"column":10},"end":{"line":95,"column":24}},"type":"binary-expr","locations":[{"start":{"line":95,"column":10},"end":{"line":95,"column":24}},{"start":{"line":95,"column":22},"end":{"line":95,"column":24}}]},"12":{"loc":{"start":{"line":112,"column":39},"end":{"line":112,"column":75}},"type":"binary-expr","locations":[{"start":{"line":112,"column":39},"end":{"line":112,"column":67}},{"start":{"line":112,"column":71},"end":{"line":112,"column":75}}]},"13":{"loc":{"start":{"line":122,"column":6},"end":{"line":133,"column":7}},"type":"if","locations":[{"start":{"line":122,"column":6},"end":{"line":133,"column":7}}]},"14":{"loc":{"start":{"line":122,"column":10},"end":{"line":122,"column":30}},"type":"cond-expr","locations":[{"start":{"line":122,"column":22},"end":{"line":122,"column":24}},{"start":{"line":122,"column":22},"end":{"line":122,"column":30}}]},"15":{"loc":{"start":{"line":122,"column":10},"end":{"line":122,"column":24}},"type":"binary-expr","locations":[{"start":{"line":122,"column":10},"end":{"line":122,"column":24}},{"start":{"line":122,"column":22},"end":{"line":122,"column":24}}]},"16":{"loc":{"start":{"line":139,"column":4},"end":{"line":141,"column":5}},"type":"if","locations":[{"start":{"line":139,"column":4},"end":{"line":141,"column":5}}]},"17":{"loc":{"start":{"line":139,"column":8},"end":{"line":139,"column":40}},"type":"binary-expr","locations":[{"start":{"line":139,"column":8},"end":{"line":139,"column":21}},{"start":{"line":139,"column":25},"end":{"line":139,"column":40}}]},"18":{"loc":{"start":{"line":145,"column":4},"end":{"line":147,"column":5}},"type":"if","locations":[{"start":{"line":145,"column":4},"end":{"line":147,"column":5}}]},"19":{"loc":{"start":{"line":151,"column":39},"end":{"line":151,"column":75}},"type":"binary-expr","locations":[{"start":{"line":151,"column":39},"end":{"line":151,"column":67}},{"start":{"line":151,"column":71},"end":{"line":151,"column":75}}]},"20":{"loc":{"start":{"line":154,"column":4},"end":{"line":158,"column":5}},"type":"if","locations":[{"start":{"line":154,"column":4},"end":{"line":158,"column":5}}]},"21":{"loc":{"start":{"line":172,"column":45},"end":{"line":172,"column":70}},"type":"binary-expr","locations":[{"start":{"line":172,"column":45},"end":{"line":172,"column":63}},{"start":{"line":172,"column":67},"end":{"line":172,"column":70}}]},"22":{"loc":{"start":{"line":172,"column":45},"end":{"line":172,"column":63}},"type":"cond-expr","locations":[{"start":{"line":172,"column":57},"end":{"line":172,"column":59}},{"start":{"line":172,"column":57},"end":{"line":172,"column":63}}]},"23":{"loc":{"start":{"line":172,"column":45},"end":{"line":172,"column":59}},"type":"binary-expr","locations":[{"start":{"line":172,"column":45},"end":{"line":172,"column":59}},{"start":{"line":172,"column":57},"end":{"line":172,"column":59}}]},"24":{"loc":{"start":{"line":174,"column":6},"end":{"line":199,"column":7}},"type":"if","locations":[{"start":{"line":174,"column":6},"end":{"line":199,"column":7}},{"start":{"line":197,"column":13},"end":{"line":199,"column":7}}]},"25":{"loc":{"start":{"line":174,"column":10},"end":{"line":174,"column":30}},"type":"cond-expr","locations":[{"start":{"line":174,"column":22},"end":{"line":174,"column":24}},{"start":{"line":174,"column":22},"end":{"line":174,"column":30}}]},"26":{"loc":{"start":{"line":174,"column":10},"end":{"line":174,"column":24}},"type":"binary-expr","locations":[{"start":{"line":174,"column":10},"end":{"line":174,"column":24}},{"start":{"line":174,"column":22},"end":{"line":174,"column":24}}]},"27":{"loc":{"start":{"line":176,"column":38},"end":{"line":176,"column":74}},"type":"binary-expr","locations":[{"start":{"line":176,"column":38},"end":{"line":176,"column":66}},{"start":{"line":176,"column":70},"end":{"line":176,"column":74}}]},"28":{"loc":{"start":{"line":198,"column":14},"end":{"line":198,"column":76}},"type":"binary-expr","locations":[{"start":{"line":198,"column":14},"end":{"line":198,"column":41}},{"start":{"line":198,"column":45},"end":{"line":198,"column":76}}]},"29":{"loc":{"start":{"line":198,"column":14},"end":{"line":198,"column":41}},"type":"cond-expr","locations":[{"start":{"line":198,"column":32},"end":{"line":198,"column":34}},{"start":{"line":198,"column":32},"end":{"line":198,"column":41}}]},"30":{"loc":{"start":{"line":198,"column":14},"end":{"line":198,"column":34}},"type":"binary-expr","locations":[{"start":{"line":198,"column":14},"end":{"line":198,"column":34}},{"start":{"line":198,"column":32},"end":{"line":198,"column":34}}]},"31":{"loc":{"start":{"line":198,"column":14},"end":{"line":198,"column":32}},"type":"cond-expr","locations":[{"start":{"line":198,"column":26},"end":{"line":198,"column":28}},{"start":{"line":198,"column":26},"end":{"line":198,"column":32}}]},"32":{"loc":{"start":{"line":198,"column":14},"end":{"line":198,"column":28}},"type":"binary-expr","locations":[{"start":{"line":198,"column":14},"end":{"line":198,"column":28}},{"start":{"line":198,"column":26},"end":{"line":198,"column":28}}]},"33":{"loc":{"start":{"line":206,"column":4},"end":{"line":229,"column":5}},"type":"if","locations":[{"start":{"line":206,"column":4},"end":{"line":229,"column":5}}]},"34":{"loc":{"start":{"line":206,"column":8},"end":{"line":206,"column":72}},"type":"binary-expr","locations":[{"start":{"line":206,"column":8},"end":{"line":206,"column":46}},{"start":{"line":206,"column":50},"end":{"line":206,"column":72}}]},"35":{"loc":{"start":{"line":248,"column":9},"end":{"line":248,"column":85}},"type":"binary-expr","locations":[{"start":{"line":248,"column":9},"end":{"line":248,"column":24}},{"start":{"line":248,"column":28},"end":{"line":248,"column":85}}]},"36":{"loc":{"start":{"line":251,"column":7},"end":{"line":276,"column":null}},"type":"binary-expr","locations":[{"start":{"line":251,"column":7},"end":{"line":251,"column":19}},{"start":{"line":252,"column":8},"end":{"line":275,"column":null}}]},"37":{"loc":{"start":{"line":255,"column":13},"end":{"line":261,"column":null}},"type":"binary-expr","locations":[{"start":{"line":255,"column":13},"end":{"line":255,"column":37}},{"start":{"line":256,"column":14},"end":{"line":258,"column":null}}]},"38":{"loc":{"start":{"line":264,"column":11},"end":{"line":274,"column":null}},"type":"cond-expr","locations":[{"start":{"line":265,"column":12},"end":{"line":272,"column":14}},{"start":{"line":274,"column":12},"end":{"line":274,"column":64}}]},"39":{"loc":{"start":{"line":268,"column":48},"end":{"line":268,"column":82}},"type":"cond-expr","locations":[{"start":{"line":268,"column":69},"end":{"line":268,"column":77}},{"start":{"line":268,"column":80},"end":{"line":268,"column":82}}]}},"s":{"0":2,"1":2,"2":2,"3":2,"4":2,"5":2,"6":46,"7":46,"8":46,"9":46,"10":1,"11":1,"12":1,"13":0,"14":0,"15":1,"16":1,"17":1,"18":1,"19":1,"20":0,"21":0,"22":46,"23":20,"24":20,"25":20,"26":19,"27":11,"28":1,"29":1,"30":1,"31":1,"32":1,"33":1,"34":1,"35":0,"36":10,"37":46,"38":3,"39":3,"40":3,"41":3,"42":3,"43":2,"44":4,"45":1,"46":1,"47":1,"48":1,"49":1,"50":2,"51":0,"52":46,"53":1,"54":1,"55":1,"56":1,"57":1,"58":1,"59":0,"60":0,"61":0,"62":0,"63":0,"64":0,"65":46,"66":7,"67":7,"68":3,"69":46,"70":30,"71":20,"72":46,"73":2,"74":2,"75":2,"76":2,"77":0,"78":0,"79":0,"80":2,"81":2,"82":0,"83":0,"84":0,"85":2,"86":2,"87":1,"88":1,"89":1,"90":1,"91":1,"92":1,"93":1,"94":2,"95":1,"96":0,"97":0,"98":1,"99":46,"100":26,"101":46,"102":16,"103":8,"104":1,"105":1,"106":8,"107":46,"108":16,"109":2},"f":{"0":46,"1":1,"2":1,"3":0,"4":20,"5":20,"6":3,"7":3,"8":4,"9":2,"10":1,"11":1,"12":7,"13":30,"14":2,"15":2,"16":0,"17":2,"18":26,"19":16,"20":1,"21":1,"22":16},"b":{"0":[1,0],"1":[0],"2":[0,20],"3":[20,20],"4":[1,10],"5":[10,1],"6":[11,11],"7":[1,0],"8":[3,0],"9":[1],"10":[0,1],"11":[1,1],"12":[1,0],"13":[0],"14":[0,0],"15":[0,0],"16":[3],"17":[7,7],"18":[20],"19":[2,0],"20":[0],"21":[2,1],"22":[0,2],"23":[2,2],"24":[1,1],"25":[0,2],"26":[2,2],"27":[1,0],"28":[1,0],"29":[0,1],"30":[1,1],"31":[0,1],"32":[1,1],"33":[8],"34":[16,8],"35":[46,12],"36":[46,11],"37":[11,8],"38":[8,3],"39":[14,2]}}
,"/home/idenev/workspace/ToDoList/ui/src/components/ToDoComponent.tsx": {"path":"/home/idenev/workspace/ToDoList/ui/src/components/ToDoComponent.tsx","statementMap":{"0":{"start":{"line":1,"column":0},"end":{"line":1,"column":39}},"1":{"start":{"line":2,"column":0},"end":{"line":2,"column":26}},"2":{"start":{"line":3,"column":0},"end":{"line":3,"column":44}},"3":{"start":{"line":4,"column":0},"end":{"line":4,"column":47}},"4":{"start":{"line":5,"column":0},"end":{"line":5,"column":50}},"5":{"start":{"line":6,"column":0},"end":{"line":6,"column":53}},"6":{"start":{"line":7,"column":0},"end":{"line":7,"column":44}},"7":{"start":{"line":8,"column":0},"end":{"line":8,"column":46}},"8":{"start":{"line":9,"column":0},"end":{"line":9,"column":40}},"9":{"start":{"line":23,"column":28},"end":{"line":23,"column":48}},"10":{"start":{"line":24,"column":40},"end":{"line":24,"column":55}},"11":{"start":{"line":25,"column":48},"end":{"line":25,"column":63}},"12":{"start":{"line":26,"column":42},"end":{"line":26,"column":71}},"13":{"start":{"line":27,"column":40},"end":{"line":27,"column":52}},"14":{"start":{"line":28,"column":54},"end":{"line":28,"column":66}},"15":{"start":{"line":29,"column":50},"end":{"line":29,"column":65}},"16":{"start":{"line":30,"column":44},"end":{"line":30,"column":73}},"17":{"start":{"line":31,"column":19},"end":{"line":31,"column":35}},"18":{"start":{"line":32,"column":38},"end":{"line":32,"column":58}},"19":{"start":{"line":33,"column":28},"end":{"line":33,"column":57}},"20":{"start":{"line":35,"column":17},"end":{"line":35,"column":28}},"21":{"start":{"line":38,"column":28},"end":{"line":38,"column":76}},"22":{"start":{"line":39,"column":25},"end":{"line":39,"column":53}},"23":{"start":{"line":41,"column":4},"end":{"line":44,"column":5}},"24":{"start":{"line":42,"column":6},"end":{"line":42,"column":48}},"25":{"start":{"line":43,"column":6},"end":{"line":43,"column":56}},"26":{"start":{"line":46,"column":4},"end":{"line":60,"column":9}},"27":{"start":{"line":49,"column":31},"end":{"line":49,"column":45}},"28":{"start":{"line":52,"column":8},"end":{"line":52,"column":47}},"29":{"start":{"line":53,"column":8},"end":{"line":53,"column":70}},"30":{"start":{"line":55,"column":8},"end":{"line":55,"column":30}},"31":{"start":{"line":58,"column":8},"end":{"line":58,"column":54}},"32":{"start":{"line":59,"column":8},"end":{"line":59,"column":18}},"33":{"start":{"line":64,"column":28},"end":{"line":64,"column":76}},"34":{"start":{"line":65,"column":24},"end":{"line":65,"column":45}},"35":{"start":{"line":67,"column":4},"end":{"line":70,"column":5}},"36":{"start":{"line":68,"column":6},"end":{"line":68,"column":65}},"37":{"start":{"line":69,"column":6},"end":{"line":69,"column":13}},"38":{"start":{"line":72,"column":4},"end":{"line":99,"column":9}},"39":{"start":{"line":77,"column":37},"end":{"line":79,"column":14}},"40":{"start":{"line":80,"column":8},"end":{"line":80,"column":31}},"41":{"start":{"line":83,"column":8},"end":{"line":98,"column":9}},"42":{"start":{"line":84,"column":10},"end":{"line":95,"column":15}},"43":{"start":{"line":86,"column":14},"end":{"line":88,"column":17}},"44":{"start":{"line":91,"column":14},"end":{"line":91,"column":33}},"45":{"start":{"line":94,"column":14},"end":{"line":94,"column":73}},"46":{"start":{"line":97,"column":10},"end":{"line":97,"column":53}},"47":{"start":{"line":102,"column":2},"end":{"line":106,"column":13}},"48":{"start":{"line":103,"column":4},"end":{"line":105,"column":5}},"49":{"start":{"line":104,"column":6},"end":{"line":104,"column":19}},"50":{"start":{"line":109,"column":4},"end":{"line":109,"column":25}},"51":{"start":{"line":113,"column":4},"end":{"line":113,"column":26}},"52":{"start":{"line":117,"column":17},"end":{"line":117,"column":58}},"53":{"start":{"line":117,"column":38},"end":{"line":117,"column":57}},"54":{"start":{"line":119,"column":4},"end":{"line":124,"column":5}},"55":{"start":{"line":120,"column":6},"end":{"line":120,"column":30}},"56":{"start":{"line":121,"column":6},"end":{"line":121,"column":32}},"57":{"start":{"line":122,"column":6},"end":{"line":122,"column":52}},"58":{"start":{"line":123,"column":6},"end":{"line":123,"column":31}},"59":{"start":{"line":128,"column":4},"end":{"line":128,"column":30}},"60":{"start":{"line":129,"column":4},"end":{"line":129,"column":26}},"61":{"start":{"line":130,"column":4},"end":{"line":130,"column":23}},"62":{"start":{"line":131,"column":4},"end":{"line":131,"column":30}},"63":{"start":{"line":135,"column":4},"end":{"line":135,"column":29}},"64":{"start":{"line":136,"column":4},"end":{"line":136,"column":30}},"65":{"start":{"line":140,"column":4},"end":{"line":140,"column":27}},"66":{"start":{"line":141,"column":4},"end":{"line":141,"column":31}},"67":{"start":{"line":145,"column":28},"end":{"line":145,"column":76}},"68":{"start":{"line":146,"column":24},"end":{"line":146,"column":45}},"69":{"start":{"line":148,"column":4},"end":{"line":151,"column":5}},"70":{"start":{"line":149,"column":6},"end":{"line":149,"column":32}},"71":{"start":{"line":150,"column":6},"end":{"line":150,"column":13}},"72":{"start":{"line":153,"column":23},"end":{"line":154,"column":null}},"73":{"start":{"line":154,"column":16},"end":{"line":154,"column":63}},"74":{"start":{"line":156,"column":4},"end":{"line":159,"column":5}},"75":{"start":{"line":157,"column":6},"end":{"line":157,"column":35}},"76":{"start":{"line":158,"column":6},"end":{"line":158,"column":13}},"77":{"start":{"line":161,"column":4},"end":{"line":191,"column":9}},"78":{"start":{"line":168,"column":8},"end":{"line":168,"column":21}},"79":{"start":{"line":169,"column":8},"end":{"line":169,"column":27}},"80":{"start":{"line":172,"column":8},"end":{"line":190,"column":9}},"81":{"start":{"line":173,"column":10},"end":{"line":187,"column":15}},"82":{"start":{"line":175,"column":14},"end":{"line":179,"column":16}},"83":{"start":{"line":182,"column":14},"end":{"line":182,"column":27}},"84":{"start":{"line":183,"column":14},"end":{"line":183,"column":33}},"85":{"start":{"line":186,"column":14},"end":{"line":186,"column":75}},"86":{"start":{"line":189,"column":10},"end":{"line":189,"column":51}},"87":{"start":{"line":195,"column":28},"end":{"line":195,"column":76}},"88":{"start":{"line":196,"column":24},"end":{"line":196,"column":45}},"89":{"start":{"line":198,"column":4},"end":{"line":201,"column":5}},"90":{"start":{"line":199,"column":6},"end":{"line":199,"column":65}},"91":{"start":{"line":200,"column":6},"end":{"line":200,"column":13}},"92":{"start":{"line":203,"column":19},"end":{"line":203,"column":31}},"93":{"start":{"line":204,"column":4},"end":{"line":204,"column":24}},"94":{"start":{"line":204,"column":17},"end":{"line":204,"column":24}},"95":{"start":{"line":206,"column":22},"end":{"line":206,"column":68}},"96":{"start":{"line":206,"column":48},"end":{"line":206,"column":67}},"97":{"start":{"line":207,"column":4},"end":{"line":210,"column":5}},"98":{"start":{"line":208,"column":6},"end":{"line":208,"column":38}},"99":{"start":{"line":209,"column":6},"end":{"line":209,"column":13}},"100":{"start":{"line":212,"column":4},"end":{"line":215,"column":5}},"101":{"start":{"line":213,"column":6},"end":{"line":213,"column":36}},"102":{"start":{"line":214,"column":6},"end":{"line":214,"column":13}},"103":{"start":{"line":217,"column":4},"end":{"line":224,"column":5}},"104":{"start":{"line":221,"column":6},"end":{"line":221,"column":31}},"105":{"start":{"line":222,"column":6},"end":{"line":222,"column":29}},"106":{"start":{"line":223,"column":6},"end":{"line":223,"column":13}},"107":{"start":{"line":226,"column":4},"end":{"line":270,"column":9}},"108":{"start":{"line":235,"column":29},"end":{"line":235,"column":39}},"109":{"start":{"line":236,"column":8},"end":{"line":236,"column":45}},"110":{"start":{"line":237,"column":8},"end":{"line":237,"column":58}},"111":{"start":{"line":238,"column":8},"end":{"line":238,"column":31}},"112":{"start":{"line":239,"column":8},"end":{"line":239,"column":31}},"113":{"start":{"line":242,"column":8},"end":{"line":269,"column":9}},"114":{"start":{"line":244,"column":10},"end":{"line":266,"column":15}},"115":{"start":{"line":246,"column":14},"end":{"line":252,"column":16}},"116":{"start":{"line":255,"column":35},"end":{"line":255,"column":45}},"117":{"start":{"line":256,"column":14},"end":{"line":256,"column":51}},"118":{"start":{"line":257,"column":14},"end":{"line":257,"column":64}},"119":{"start":{"line":258,"column":14},"end":{"line":258,"column":37}},"120":{"start":{"line":259,"column":14},"end":{"line":259,"column":37}},"121":{"start":{"line":262,"column":14},"end":{"line":265,"column":16}},"122":{"start":{"line":268,"column":10},"end":{"line":268,"column":53}},"123":{"start":{"line":274,"column":28},"end":{"line":274,"column":76}},"124":{"start":{"line":275,"column":24},"end":{"line":275,"column":45}},"125":{"start":{"line":277,"column":4},"end":{"line":280,"column":5}},"126":{"start":{"line":278,"column":6},"end":{"line":278,"column":29}},"127":{"start":{"line":279,"column":6},"end":{"line":279,"column":13}},"128":{"start":{"line":282,"column":4},"end":{"line":285,"column":5}},"129":{"start":{"line":283,"column":6},"end":{"line":283,"column":52}},"130":{"start":{"line":284,"column":6},"end":{"line":284,"column":13}},"131":{"start":{"line":287,"column":4},"end":{"line":287,"column":22}},"132":{"start":{"line":289,"column":4},"end":{"line":327,"column":9}},"133":{"start":{"line":296,"column":8},"end":{"line":296,"column":42}},"134":{"start":{"line":297,"column":8},"end":{"line":297,"column":21}},"135":{"start":{"line":298,"column":8},"end":{"line":298,"column":32}},"136":{"start":{"line":301,"column":8},"end":{"line":326,"column":9}},"137":{"start":{"line":302,"column":10},"end":{"line":321,"column":15}},"138":{"start":{"line":304,"column":14},"end":{"line":308,"column":16}},"139":{"start":{"line":311,"column":14},"end":{"line":311,"column":48}},"140":{"start":{"line":312,"column":14},"end":{"line":312,"column":27}},"141":{"start":{"line":313,"column":14},"end":{"line":313,"column":38}},"142":{"start":{"line":316,"column":14},"end":{"line":320,"column":15}},"143":{"start":{"line":317,"column":16},"end":{"line":317,"column":62}},"144":{"start":{"line":319,"column":16},"end":{"line":319,"column":71}},"145":{"start":{"line":322,"column":15},"end":{"line":326,"column":9}},"146":{"start":{"line":323,"column":10},"end":{"line":323,"column":49}},"147":{"start":{"line":325,"column":10},"end":{"line":325,"column":65}},"148":{"start":{"line":331,"column":28},"end":{"line":331,"column":76}},"149":{"start":{"line":332,"column":24},"end":{"line":332,"column":45}},"150":{"start":{"line":334,"column":4},"end":{"line":337,"column":5}},"151":{"start":{"line":335,"column":6},"end":{"line":335,"column":29}},"152":{"start":{"line":336,"column":6},"end":{"line":336,"column":13}},"153":{"start":{"line":339,"column":4},"end":{"line":371,"column":9}},"154":{"start":{"line":345,"column":29},"end":{"line":345,"column":72}},"155":{"start":{"line":345,"column":52},"end":{"line":345,"column":71}},"156":{"start":{"line":346,"column":8},"end":{"line":346,"column":31}},"157":{"start":{"line":349,"column":8},"end":{"line":370,"column":9}},"158":{"start":{"line":351,"column":10},"end":{"line":367,"column":15}},"159":{"start":{"line":353,"column":14},"end":{"line":355,"column":17}},"160":{"start":{"line":359,"column":35},"end":{"line":359,"column":78}},"161":{"start":{"line":359,"column":58},"end":{"line":359,"column":77}},"162":{"start":{"line":360,"column":14},"end":{"line":360,"column":37}},"163":{"start":{"line":363,"column":14},"end":{"line":366,"column":16}},"164":{"start":{"line":369,"column":10},"end":{"line":369,"column":53}},"165":{"start":{"line":375,"column":28},"end":{"line":375,"column":76}},"166":{"start":{"line":376,"column":24},"end":{"line":376,"column":45}},"167":{"start":{"line":378,"column":4},"end":{"line":381,"column":5}},"168":{"start":{"line":379,"column":6},"end":{"line":379,"column":65}},"169":{"start":{"line":380,"column":6},"end":{"line":380,"column":13}},"170":{"start":{"line":383,"column":22},"end":{"line":383,"column":68}},"171":{"start":{"line":383,"column":48},"end":{"line":383,"column":67}},"172":{"start":{"line":384,"column":4},"end":{"line":387,"column":5}},"173":{"start":{"line":385,"column":6},"end":{"line":385,"column":38}},"174":{"start":{"line":386,"column":6},"end":{"line":386,"column":13}},"175":{"start":{"line":389,"column":29},"end":{"line":389,"column":56}},"176":{"start":{"line":391,"column":4},"end":{"line":431,"column":9}},"177":{"start":{"line":400,"column":29},"end":{"line":400,"column":39}},"178":{"start":{"line":401,"column":8},"end":{"line":401,"column":61}},"179":{"start":{"line":402,"column":8},"end":{"line":402,"column":31}},"180":{"start":{"line":405,"column":8},"end":{"line":430,"column":9}},"181":{"start":{"line":407,"column":10},"end":{"line":427,"column":15}},"182":{"start":{"line":409,"column":14},"end":{"line":415,"column":16}},"183":{"start":{"line":418,"column":35},"end":{"line":418,"column":45}},"184":{"start":{"line":419,"column":14},"end":{"line":419,"column":67}},"185":{"start":{"line":420,"column":14},"end":{"line":420,"column":37}},"186":{"start":{"line":423,"column":14},"end":{"line":426,"column":16}},"187":{"start":{"line":429,"column":10},"end":{"line":429,"column":64}},"188":{"start":{"line":435,"column":22},"end":{"line":435,"column":68}},"189":{"start":{"line":435,"column":48},"end":{"line":435,"column":67}},"190":{"start":{"line":436,"column":4},"end":{"line":439,"column":5}},"191":{"start":{"line":437,"column":6},"end":{"line":437,"column":47}},"192":{"start":{"line":438,"column":6},"end":{"line":438,"column":13}},"193":{"start":{"line":441,"column":25},"end":{"line":441,"column":35}},"194":{"start":{"line":442,"column":4},"end":{"line":443,"column":47}},"195":{"start":{"line":444,"column":4},"end":{"line":444,"column":27}},"196":{"start":{"line":448,"column":4},"end":{"line":452,"column":5}},"197":{"start":{"line":449,"column":6},"end":{"line":451,"column":9}},"198":{"start":{"line":453,"column":4},"end":{"line":457,"column":5}},"199":{"start":{"line":454,"column":6},"end":{"line":456,"column":9}},"200":{"start":{"line":458,"column":4},"end":{"line":458,"column":25}},"201":{"start":{"line":461,"column":2},"end":{"line":644,"column":4}},"202":{"start":{"line":505,"column":34},"end":{"line":505,"column":49}},"203":{"start":{"line":507,"column":32},"end":{"line":507,"column":47}},"204":{"start":{"line":509,"column":16},"end":{"line":509,"column":null}},"205":{"start":{"line":517,"column":42},"end":{"line":517,"column":65}},"206":{"start":{"line":531,"column":41},"end":{"line":531,"column":71}},"207":{"start":{"line":538,"column":41},"end":{"line":538,"column":70}},"208":{"start":{"line":545,"column":41},"end":{"line":545,"column":61}},"209":{"start":{"line":560,"column":41},"end":{"line":560,"column":68}},"210":{"start":{"line":588,"column":36},"end":{"line":588,"column":50}},"211":{"start":{"line":590,"column":34},"end":{"line":590,"column":48}},"212":{"start":{"line":592,"column":18},"end":{"line":592,"column":null}},"213":{"start":{"line":598,"column":42},"end":{"line":598,"column":65}},"214":{"start":{"line":604,"column":39},"end":{"line":604,"column":59}},"215":{"start":{"line":618,"column":41},"end":{"line":618,"column":68}},"216":{"start":{"line":647,"column":0},"end":{"line":647,"column":29}}},"fnMap":{"0":{"name":"ToDoComponent","decl":{"start":{"line":22,"column":9},"end":{"line":22,"column":22}},"loc":{"start":{"line":22,"column":22},"end":{"line":645,"column":1}}},"1":{"name":"refreshAccessToken","decl":{"start":{"line":37,"column":11},"end":{"line":37,"column":29}},"loc":{"start":{"line":37,"column":29},"end":{"line":61,"column":3}}},"2":{"name":"(anonymous_3)","decl":{"start":{"line":48,"column":12},"end":{"line":48,"column":13}},"loc":{"start":{"line":48,"column":20},"end":{"line":56,"column":7}}},"3":{"name":"(anonymous_4)","decl":{"start":{"line":57,"column":13},"end":{"line":57,"column":14}},"loc":{"start":{"line":57,"column":21},"end":{"line":60,"column":7}}},"4":{"name":"fetchTasks","decl":{"start":{"line":63,"column":11},"end":{"line":63,"column":21}},"loc":{"start":{"line":63,"column":21},"end":{"line":100,"column":3}}},"5":{"name":"(anonymous_6)","decl":{"start":{"line":76,"column":12},"end":{"line":76,"column":13}},"loc":{"start":{"line":76,"column":25},"end":{"line":81,"column":7}}},"6":{"name":"(anonymous_7)","decl":{"start":{"line":82,"column":13},"end":{"line":82,"column":14}},"loc":{"start":{"line":82,"column":21},"end":{"line":99,"column":7}}},"7":{"name":"(anonymous_8)","decl":{"start":{"line":85,"column":18},"end":{"line":85,"column":19}},"loc":{"start":{"line":85,"column":31},"end":{"line":89,"column":13}}},"8":{"name":"(anonymous_9)","decl":{"start":{"line":90,"column":18},"end":{"line":90,"column":19}},"loc":{"start":{"line":90,"column":26},"end":{"line":92,"column":13}}},"9":{"name":"(anonymous_10)","decl":{"start":{"line":93,"column":19},"end":{"line":93,"column":20}},"loc":{"start":{"line":93,"column":34},"end":{"line":95,"column":13}}},"10":{"name":"(anonymous_11)","decl":{"start":{"line":102,"column":12},"end":{"line":102,"column":15}},"loc":{"start":{"line":102,"column":17},"end":{"line":106,"column":3}}},"11":{"name":"handleOpenModal","decl":{"start":{"line":108,"column":11},"end":{"line":108,"column":26}},"loc":{"start":{"line":108,"column":26},"end":{"line":110,"column":3}}},"12":{"name":"handleCloseModal","decl":{"start":{"line":112,"column":11},"end":{"line":112,"column":27}},"loc":{"start":{"line":112,"column":27},"end":{"line":114,"column":3}}},"13":{"name":"handleOpenEditModal","decl":{"start":{"line":116,"column":11},"end":{"line":116,"column":30}},"loc":{"start":{"line":116,"column":45},"end":{"line":125,"column":3}}},"14":{"name":"(anonymous_15)","decl":{"start":{"line":117,"column":28},"end":{"line":117,"column":29}},"loc":{"start":{"line":117,"column":38},"end":{"line":117,"column":57}}},"15":{"name":"handleCloseEditModal","decl":{"start":{"line":127,"column":11},"end":{"line":127,"column":31}},"loc":{"start":{"line":127,"column":31},"end":{"line":132,"column":3}}},"16":{"name":"handleOpenShareModal","decl":{"start":{"line":134,"column":11},"end":{"line":134,"column":31}},"loc":{"start":{"line":134,"column":46},"end":{"line":137,"column":3}}},"17":{"name":"handleCloseShareModal","decl":{"start":{"line":139,"column":11},"end":{"line":139,"column":32}},"loc":{"start":{"line":139,"column":32},"end":{"line":142,"column":3}}},"18":{"name":"handleAddTask","decl":{"start":{"line":144,"column":11},"end":{"line":144,"column":24}},"loc":{"start":{"line":144,"column":59},"end":{"line":192,"column":3}}},"19":{"name":"(anonymous_20)","decl":{"start":{"line":154,"column":6},"end":{"line":154,"column":7}},"loc":{"start":{"line":154,"column":16},"end":{"line":154,"column":63}}},"20":{"name":"(anonymous_21)","decl":{"start":{"line":167,"column":12},"end":{"line":167,"column":15}},"loc":{"start":{"line":167,"column":17},"end":{"line":170,"column":7}}},"21":{"name":"(anonymous_22)","decl":{"start":{"line":171,"column":13},"end":{"line":171,"column":14}},"loc":{"start":{"line":171,"column":21},"end":{"line":191,"column":7}}},"22":{"name":"(anonymous_23)","decl":{"start":{"line":174,"column":18},"end":{"line":174,"column":19}},"loc":{"start":{"line":174,"column":31},"end":{"line":180,"column":13}}},"23":{"name":"(anonymous_24)","decl":{"start":{"line":181,"column":18},"end":{"line":181,"column":21}},"loc":{"start":{"line":181,"column":23},"end":{"line":184,"column":13}}},"24":{"name":"(anonymous_25)","decl":{"start":{"line":185,"column":19},"end":{"line":185,"column":20}},"loc":{"start":{"line":185,"column":27},"end":{"line":187,"column":13}}},"25":{"name":"saveEditedTask","decl":{"start":{"line":194,"column":11},"end":{"line":194,"column":25}},"loc":{"start":{"line":194,"column":60},"end":{"line":271,"column":3}}},"26":{"name":"(anonymous_27)","decl":{"start":{"line":206,"column":38},"end":{"line":206,"column":39}},"loc":{"start":{"line":206,"column":48},"end":{"line":206,"column":67}}},"27":{"name":"(anonymous_28)","decl":{"start":{"line":234,"column":12},"end":{"line":234,"column":15}},"loc":{"start":{"line":234,"column":17},"end":{"line":240,"column":7}}},"28":{"name":"(anonymous_29)","decl":{"start":{"line":241,"column":13},"end":{"line":241,"column":14}},"loc":{"start":{"line":241,"column":21},"end":{"line":270,"column":7}}},"29":{"name":"(anonymous_30)","decl":{"start":{"line":245,"column":18},"end":{"line":245,"column":19}},"loc":{"start":{"line":245,"column":31},"end":{"line":253,"column":13}}},"30":{"name":"(anonymous_31)","decl":{"start":{"line":254,"column":18},"end":{"line":254,"column":21}},"loc":{"start":{"line":254,"column":23},"end":{"line":260,"column":13}}},"31":{"name":"(anonymous_32)","decl":{"start":{"line":261,"column":19},"end":{"line":261,"column":20}},"loc":{"start":{"line":261,"column":34},"end":{"line":266,"column":13}}},"32":{"name":"handleShareTask","decl":{"start":{"line":273,"column":11},"end":{"line":273,"column":26}},"loc":{"start":{"line":273,"column":57},"end":{"line":328,"column":3}}},"33":{"name":"(anonymous_34)","decl":{"start":{"line":295,"column":12},"end":{"line":295,"column":15}},"loc":{"start":{"line":295,"column":17},"end":{"line":299,"column":7}}},"34":{"name":"(anonymous_35)","decl":{"start":{"line":300,"column":13},"end":{"line":300,"column":14}},"loc":{"start":{"line":300,"column":21},"end":{"line":327,"column":7}}},"35":{"name":"(anonymous_36)","decl":{"start":{"line":303,"column":18},"end":{"line":303,"column":19}},"loc":{"start":{"line":303,"column":31},"end":{"line":309,"column":13}}},"36":{"name":"(anonymous_37)","decl":{"start":{"line":310,"column":18},"end":{"line":310,"column":21}},"loc":{"start":{"line":310,"column":23},"end":{"line":314,"column":13}}},"37":{"name":"(anonymous_38)","decl":{"start":{"line":315,"column":19},"end":{"line":315,"column":20}},"loc":{"start":{"line":315,"column":34},"end":{"line":321,"column":13}}},"38":{"name":"deleteTask","decl":{"start":{"line":330,"column":11},"end":{"line":330,"column":21}},"loc":{"start":{"line":330,"column":36},"end":{"line":372,"column":3}}},"39":{"name":"(anonymous_40)","decl":{"start":{"line":343,"column":12},"end":{"line":343,"column":15}},"loc":{"start":{"line":343,"column":17},"end":{"line":347,"column":7}}},"40":{"name":"(anonymous_41)","decl":{"start":{"line":345,"column":42},"end":{"line":345,"column":43}},"loc":{"start":{"line":345,"column":52},"end":{"line":345,"column":71}}},"41":{"name":"(anonymous_42)","decl":{"start":{"line":348,"column":13},"end":{"line":348,"column":14}},"loc":{"start":{"line":348,"column":21},"end":{"line":371,"column":7}}},"42":{"name":"(anonymous_43)","decl":{"start":{"line":352,"column":18},"end":{"line":352,"column":19}},"loc":{"start":{"line":352,"column":31},"end":{"line":356,"column":13}}},"43":{"name":"(anonymous_44)","decl":{"start":{"line":357,"column":18},"end":{"line":357,"column":21}},"loc":{"start":{"line":357,"column":23},"end":{"line":361,"column":13}}},"44":{"name":"(anonymous_45)","decl":{"start":{"line":359,"column":48},"end":{"line":359,"column":49}},"loc":{"start":{"line":359,"column":58},"end":{"line":359,"column":77}}},"45":{"name":"(anonymous_46)","decl":{"start":{"line":362,"column":19},"end":{"line":362,"column":20}},"loc":{"start":{"line":362,"column":34},"end":{"line":367,"column":13}}},"46":{"name":"taskCompleted","decl":{"start":{"line":374,"column":11},"end":{"line":374,"column":24}},"loc":{"start":{"line":374,"column":39},"end":{"line":432,"column":3}}},"47":{"name":"(anonymous_48)","decl":{"start":{"line":383,"column":38},"end":{"line":383,"column":39}},"loc":{"start":{"line":383,"column":48},"end":{"line":383,"column":67}}},"48":{"name":"(anonymous_49)","decl":{"start":{"line":399,"column":12},"end":{"line":399,"column":15}},"loc":{"start":{"line":399,"column":17},"end":{"line":403,"column":7}}},"49":{"name":"(anonymous_50)","decl":{"start":{"line":404,"column":13},"end":{"line":404,"column":14}},"loc":{"start":{"line":404,"column":21},"end":{"line":431,"column":7}}},"50":{"name":"(anonymous_51)","decl":{"start":{"line":408,"column":18},"end":{"line":408,"column":19}},"loc":{"start":{"line":408,"column":31},"end":{"line":416,"column":13}}},"51":{"name":"(anonymous_52)","decl":{"start":{"line":417,"column":18},"end":{"line":417,"column":21}},"loc":{"start":{"line":417,"column":23},"end":{"line":421,"column":13}}},"52":{"name":"(anonymous_53)","decl":{"start":{"line":422,"column":19},"end":{"line":422,"column":20}},"loc":{"start":{"line":422,"column":34},"end":{"line":427,"column":13}}},"53":{"name":"toggleDescription","decl":{"start":{"line":434,"column":11},"end":{"line":434,"column":28}},"loc":{"start":{"line":434,"column":43},"end":{"line":445,"column":3}}},"54":{"name":"(anonymous_55)","decl":{"start":{"line":435,"column":38},"end":{"line":435,"column":39}},"loc":{"start":{"line":435,"column":48},"end":{"line":435,"column":67}}},"55":{"name":"getTaskStatusText","decl":{"start":{"line":447,"column":11},"end":{"line":447,"column":28}},"loc":{"start":{"line":447,"column":39},"end":{"line":459,"column":3}}},"56":{"name":"(anonymous_57)","decl":{"start":{"line":505,"column":24},"end":{"line":505,"column":25}},"loc":{"start":{"line":505,"column":34},"end":{"line":505,"column":49}}},"57":{"name":"(anonymous_58)","decl":{"start":{"line":507,"column":22},"end":{"line":507,"column":23}},"loc":{"start":{"line":507,"column":32},"end":{"line":507,"column":47}}},"58":{"name":"(anonymous_59)","decl":{"start":{"line":508,"column":19},"end":{"line":508,"column":20}},"loc":{"start":{"line":509,"column":16},"end":{"line":509,"column":null}}},"59":{"name":"(anonymous_60)","decl":{"start":{"line":517,"column":36},"end":{"line":517,"column":39}},"loc":{"start":{"line":517,"column":42},"end":{"line":517,"column":65}}},"60":{"name":"(anonymous_61)","decl":{"start":{"line":531,"column":35},"end":{"line":531,"column":38}},"loc":{"start":{"line":531,"column":41},"end":{"line":531,"column":71}}},"61":{"name":"(anonymous_62)","decl":{"start":{"line":538,"column":35},"end":{"line":538,"column":38}},"loc":{"start":{"line":538,"column":41},"end":{"line":538,"column":70}}},"62":{"name":"(anonymous_63)","decl":{"start":{"line":545,"column":35},"end":{"line":545,"column":38}},"loc":{"start":{"line":545,"column":41},"end":{"line":545,"column":61}}},"63":{"name":"(anonymous_64)","decl":{"start":{"line":560,"column":35},"end":{"line":560,"column":38}},"loc":{"start":{"line":560,"column":41},"end":{"line":560,"column":68}}},"64":{"name":"(anonymous_65)","decl":{"start":{"line":588,"column":26},"end":{"line":588,"column":27}},"loc":{"start":{"line":588,"column":36},"end":{"line":588,"column":50}}},"65":{"name":"(anonymous_66)","decl":{"start":{"line":590,"column":24},"end":{"line":590,"column":25}},"loc":{"start":{"line":590,"column":34},"end":{"line":590,"column":48}}},"66":{"name":"(anonymous_67)","decl":{"start":{"line":591,"column":21},"end":{"line":591,"column":22}},"loc":{"start":{"line":592,"column":18},"end":{"line":592,"column":null}}},"67":{"name":"(anonymous_68)","decl":{"start":{"line":598,"column":36},"end":{"line":598,"column":39}},"loc":{"start":{"line":598,"column":42},"end":{"line":598,"column":65}}},"68":{"name":"(anonymous_69)","decl":{"start":{"line":604,"column":33},"end":{"line":604,"column":36}},"loc":{"start":{"line":604,"column":39},"end":{"line":604,"column":59}}},"69":{"name":"(anonymous_70)","decl":{"start":{"line":618,"column":35},"end":{"line":618,"column":38}},"loc":{"start":{"line":618,"column":41},"end":{"line":618,"column":68}}}},"branchMap":{"0":{"loc":{"start":{"line":38,"column":39},"end":{"line":38,"column":75}},"type":"binary-expr","locations":[{"start":{"line":38,"column":39},"end":{"line":38,"column":67}},{"start":{"line":38,"column":71},"end":{"line":38,"column":75}}]},"1":{"loc":{"start":{"line":41,"column":4},"end":{"line":44,"column":5}},"type":"if","locations":[{"start":{"line":41,"column":4},"end":{"line":44,"column":5}}]},"2":{"loc":{"start":{"line":64,"column":39},"end":{"line":64,"column":75}},"type":"binary-expr","locations":[{"start":{"line":64,"column":39},"end":{"line":64,"column":67}},{"start":{"line":64,"column":71},"end":{"line":64,"column":75}}]},"3":{"loc":{"start":{"line":67,"column":4},"end":{"line":70,"column":5}},"type":"if","locations":[{"start":{"line":67,"column":4},"end":{"line":70,"column":5}}]},"4":{"loc":{"start":{"line":67,"column":8},"end":{"line":67,"column":29}},"type":"binary-expr","locations":[{"start":{"line":67,"column":8},"end":{"line":67,"column":13}},{"start":{"line":67,"column":17},"end":{"line":67,"column":29}}]},"5":{"loc":{"start":{"line":77,"column":37},"end":{"line":79,"column":14}},"type":"cond-expr","locations":[{"start":{"line":78,"column":12},"end":{"line":78,"column":25}},{"start":{"line":79,"column":12},"end":{"line":79,"column":14}}]},"6":{"loc":{"start":{"line":83,"column":8},"end":{"line":98,"column":9}},"type":"if","locations":[{"start":{"line":83,"column":8},"end":{"line":98,"column":9}},{"start":{"line":96,"column":15},"end":{"line":98,"column":9}}]},"7":{"loc":{"start":{"line":83,"column":12},"end":{"line":83,"column":32}},"type":"cond-expr","locations":[{"start":{"line":83,"column":24},"end":{"line":83,"column":26}},{"start":{"line":83,"column":24},"end":{"line":83,"column":32}}]},"8":{"loc":{"start":{"line":83,"column":12},"end":{"line":83,"column":26}},"type":"binary-expr","locations":[{"start":{"line":83,"column":12},"end":{"line":83,"column":26}},{"start":{"line":83,"column":24},"end":{"line":83,"column":26}}]},"9":{"loc":{"start":{"line":103,"column":4},"end":{"line":105,"column":5}},"type":"if","locations":[{"start":{"line":103,"column":4},"end":{"line":105,"column":5}}]},"10":{"loc":{"start":{"line":119,"column":4},"end":{"line":124,"column":5}},"type":"if","locations":[{"start":{"line":119,"column":4},"end":{"line":124,"column":5}}]},"11":{"loc":{"start":{"line":122,"column":28},"end":{"line":122,"column":50}},"type":"binary-expr","locations":[{"start":{"line":122,"column":28},"end":{"line":122,"column":44}},{"start":{"line":122,"column":48},"end":{"line":122,"column":50}}]},"12":{"loc":{"start":{"line":145,"column":39},"end":{"line":145,"column":75}},"type":"binary-expr","locations":[{"start":{"line":145,"column":39},"end":{"line":145,"column":67}},{"start":{"line":145,"column":71},"end":{"line":145,"column":75}}]},"13":{"loc":{"start":{"line":148,"column":4},"end":{"line":151,"column":5}},"type":"if","locations":[{"start":{"line":148,"column":4},"end":{"line":151,"column":5}}]},"14":{"loc":{"start":{"line":148,"column":8},"end":{"line":148,"column":29}},"type":"binary-expr","locations":[{"start":{"line":148,"column":8},"end":{"line":148,"column":13}},{"start":{"line":148,"column":17},"end":{"line":148,"column":29}}]},"15":{"loc":{"start":{"line":156,"column":4},"end":{"line":159,"column":5}},"type":"if","locations":[{"start":{"line":156,"column":4},"end":{"line":159,"column":5}}]},"16":{"loc":{"start":{"line":172,"column":8},"end":{"line":190,"column":9}},"type":"if","locations":[{"start":{"line":172,"column":8},"end":{"line":190,"column":9}},{"start":{"line":188,"column":15},"end":{"line":190,"column":9}}]},"17":{"loc":{"start":{"line":172,"column":12},"end":{"line":172,"column":32}},"type":"cond-expr","locations":[{"start":{"line":172,"column":24},"end":{"line":172,"column":26}},{"start":{"line":172,"column":24},"end":{"line":172,"column":32}}]},"18":{"loc":{"start":{"line":172,"column":12},"end":{"line":172,"column":26}},"type":"binary-expr","locations":[{"start":{"line":172,"column":12},"end":{"line":172,"column":26}},{"start":{"line":172,"column":24},"end":{"line":172,"column":26}}]},"19":{"loc":{"start":{"line":195,"column":39},"end":{"line":195,"column":75}},"type":"binary-expr","locations":[{"start":{"line":195,"column":39},"end":{"line":195,"column":67}},{"start":{"line":195,"column":71},"end":{"line":195,"column":75}}]},"20":{"loc":{"start":{"line":198,"column":4},"end":{"line":201,"column":5}},"type":"if","locations":[{"start":{"line":198,"column":4},"end":{"line":201,"column":5}}]},"21":{"loc":{"start":{"line":198,"column":8},"end":{"line":198,"column":29}},"type":"binary-expr","locations":[{"start":{"line":198,"column":8},"end":{"line":198,"column":13}},{"start":{"line":198,"column":17},"end":{"line":198,"column":29}}]},"22":{"loc":{"start":{"line":204,"column":4},"end":{"line":204,"column":24}},"type":"if","locations":[{"start":{"line":204,"column":4},"end":{"line":204,"column":24}}]},"23":{"loc":{"start":{"line":207,"column":4},"end":{"line":210,"column":5}},"type":"if","locations":[{"start":{"line":207,"column":4},"end":{"line":210,"column":5}}]},"24":{"loc":{"start":{"line":212,"column":4},"end":{"line":215,"column":5}},"type":"if","locations":[{"start":{"line":212,"column":4},"end":{"line":215,"column":5}}]},"25":{"loc":{"start":{"line":217,"column":4},"end":{"line":224,"column":5}},"type":"if","locations":[{"start":{"line":217,"column":4},"end":{"line":224,"column":5}}]},"26":{"loc":{"start":{"line":218,"column":6},"end":{"line":219,"column":50}},"type":"binary-expr","locations":[{"start":{"line":218,"column":6},"end":{"line":218,"column":44}},{"start":{"line":219,"column":6},"end":{"line":219,"column":50}}]},"27":{"loc":{"start":{"line":242,"column":8},"end":{"line":269,"column":9}},"type":"if","locations":[{"start":{"line":242,"column":8},"end":{"line":269,"column":9}},{"start":{"line":267,"column":15},"end":{"line":269,"column":9}}]},"28":{"loc":{"start":{"line":242,"column":12},"end":{"line":242,"column":32}},"type":"cond-expr","locations":[{"start":{"line":242,"column":24},"end":{"line":242,"column":26}},{"start":{"line":242,"column":24},"end":{"line":242,"column":32}}]},"29":{"loc":{"start":{"line":242,"column":12},"end":{"line":242,"column":26}},"type":"binary-expr","locations":[{"start":{"line":242,"column":12},"end":{"line":242,"column":26}},{"start":{"line":242,"column":24},"end":{"line":242,"column":26}}]},"30":{"loc":{"start":{"line":274,"column":39},"end":{"line":274,"column":75}},"type":"binary-expr","locations":[{"start":{"line":274,"column":39},"end":{"line":274,"column":67}},{"start":{"line":274,"column":71},"end":{"line":274,"column":75}}]},"31":{"loc":{"start":{"line":277,"column":4},"end":{"line":280,"column":5}},"type":"if","locations":[{"start":{"line":277,"column":4},"end":{"line":280,"column":5}}]},"32":{"loc":{"start":{"line":277,"column":8},"end":{"line":277,"column":29}},"type":"binary-expr","locations":[{"start":{"line":277,"column":8},"end":{"line":277,"column":13}},{"start":{"line":277,"column":17},"end":{"line":277,"column":29}}]},"33":{"loc":{"start":{"line":282,"column":4},"end":{"line":285,"column":5}},"type":"if","locations":[{"start":{"line":282,"column":4},"end":{"line":285,"column":5}}]},"34":{"loc":{"start":{"line":301,"column":8},"end":{"line":326,"column":9}},"type":"if","locations":[{"start":{"line":301,"column":8},"end":{"line":326,"column":9}},{"start":{"line":322,"column":15},"end":{"line":326,"column":9}}]},"35":{"loc":{"start":{"line":301,"column":12},"end":{"line":301,"column":32}},"type":"cond-expr","locations":[{"start":{"line":301,"column":24},"end":{"line":301,"column":26}},{"start":{"line":301,"column":24},"end":{"line":301,"column":32}}]},"36":{"loc":{"start":{"line":301,"column":12},"end":{"line":301,"column":26}},"type":"binary-expr","locations":[{"start":{"line":301,"column":12},"end":{"line":301,"column":26}},{"start":{"line":301,"column":24},"end":{"line":301,"column":26}}]},"37":{"loc":{"start":{"line":316,"column":14},"end":{"line":320,"column":15}},"type":"if","locations":[{"start":{"line":316,"column":14},"end":{"line":320,"column":15}},{"start":{"line":318,"column":21},"end":{"line":320,"column":15}}]},"38":{"loc":{"start":{"line":316,"column":18},"end":{"line":316,"column":50}},"type":"cond-expr","locations":[{"start":{"line":316,"column":43},"end":{"line":316,"column":45}},{"start":{"line":316,"column":43},"end":{"line":316,"column":50}}]},"39":{"loc":{"start":{"line":316,"column":18},"end":{"line":316,"column":45}},"type":"binary-expr","locations":[{"start":{"line":316,"column":18},"end":{"line":316,"column":45}},{"start":{"line":316,"column":43},"end":{"line":316,"column":45}}]},"40":{"loc":{"start":{"line":316,"column":18},"end":{"line":316,"column":43}},"type":"cond-expr","locations":[{"start":{"line":316,"column":37},"end":{"line":316,"column":39}},{"start":{"line":316,"column":37},"end":{"line":316,"column":43}}]},"41":{"loc":{"start":{"line":316,"column":18},"end":{"line":316,"column":39}},"type":"binary-expr","locations":[{"start":{"line":316,"column":18},"end":{"line":316,"column":39}},{"start":{"line":316,"column":37},"end":{"line":316,"column":39}}]},"42":{"loc":{"start":{"line":322,"column":15},"end":{"line":326,"column":9}},"type":"if","locations":[{"start":{"line":322,"column":15},"end":{"line":326,"column":9}},{"start":{"line":324,"column":15},"end":{"line":326,"column":9}}]},"43":{"loc":{"start":{"line":322,"column":19},"end":{"line":322,"column":44}},"type":"cond-expr","locations":[{"start":{"line":322,"column":37},"end":{"line":322,"column":39}},{"start":{"line":322,"column":37},"end":{"line":322,"column":44}}]},"44":{"loc":{"start":{"line":322,"column":19},"end":{"line":322,"column":39}},"type":"binary-expr","locations":[{"start":{"line":322,"column":19},"end":{"line":322,"column":39}},{"start":{"line":322,"column":37},"end":{"line":322,"column":39}}]},"45":{"loc":{"start":{"line":322,"column":19},"end":{"line":322,"column":37}},"type":"cond-expr","locations":[{"start":{"line":322,"column":31},"end":{"line":322,"column":33}},{"start":{"line":322,"column":31},"end":{"line":322,"column":37}}]},"46":{"loc":{"start":{"line":322,"column":19},"end":{"line":322,"column":33}},"type":"binary-expr","locations":[{"start":{"line":322,"column":19},"end":{"line":322,"column":33}},{"start":{"line":322,"column":31},"end":{"line":322,"column":33}}]},"47":{"loc":{"start":{"line":331,"column":39},"end":{"line":331,"column":75}},"type":"binary-expr","locations":[{"start":{"line":331,"column":39},"end":{"line":331,"column":67}},{"start":{"line":331,"column":71},"end":{"line":331,"column":75}}]},"48":{"loc":{"start":{"line":334,"column":4},"end":{"line":337,"column":5}},"type":"if","locations":[{"start":{"line":334,"column":4},"end":{"line":337,"column":5}}]},"49":{"loc":{"start":{"line":334,"column":8},"end":{"line":334,"column":29}},"type":"binary-expr","locations":[{"start":{"line":334,"column":8},"end":{"line":334,"column":13}},{"start":{"line":334,"column":17},"end":{"line":334,"column":29}}]},"50":{"loc":{"start":{"line":349,"column":8},"end":{"line":370,"column":9}},"type":"if","locations":[{"start":{"line":349,"column":8},"end":{"line":370,"column":9}},{"start":{"line":368,"column":15},"end":{"line":370,"column":9}}]},"51":{"loc":{"start":{"line":349,"column":12},"end":{"line":349,"column":32}},"type":"cond-expr","locations":[{"start":{"line":349,"column":24},"end":{"line":349,"column":26}},{"start":{"line":349,"column":24},"end":{"line":349,"column":32}}]},"52":{"loc":{"start":{"line":349,"column":12},"end":{"line":349,"column":26}},"type":"binary-expr","locations":[{"start":{"line":349,"column":12},"end":{"line":349,"column":26}},{"start":{"line":349,"column":24},"end":{"line":349,"column":26}}]},"53":{"loc":{"start":{"line":375,"column":39},"end":{"line":375,"column":75}},"type":"binary-expr","locations":[{"start":{"line":375,"column":39},"end":{"line":375,"column":67}},{"start":{"line":375,"column":71},"end":{"line":375,"column":75}}]},"54":{"loc":{"start":{"line":378,"column":4},"end":{"line":381,"column":5}},"type":"if","locations":[{"start":{"line":378,"column":4},"end":{"line":381,"column":5}}]},"55":{"loc":{"start":{"line":378,"column":8},"end":{"line":378,"column":29}},"type":"binary-expr","locations":[{"start":{"line":378,"column":8},"end":{"line":378,"column":13}},{"start":{"line":378,"column":17},"end":{"line":378,"column":29}}]},"56":{"loc":{"start":{"line":384,"column":4},"end":{"line":387,"column":5}},"type":"if","locations":[{"start":{"line":384,"column":4},"end":{"line":387,"column":5}}]},"57":{"loc":{"start":{"line":405,"column":8},"end":{"line":430,"column":9}},"type":"if","locations":[{"start":{"line":405,"column":8},"end":{"line":430,"column":9}},{"start":{"line":428,"column":15},"end":{"line":430,"column":9}}]},"58":{"loc":{"start":{"line":405,"column":12},"end":{"line":405,"column":32}},"type":"cond-expr","locations":[{"start":{"line":405,"column":24},"end":{"line":405,"column":26}},{"start":{"line":405,"column":24},"end":{"line":405,"column":32}}]},"59":{"loc":{"start":{"line":405,"column":12},"end":{"line":405,"column":26}},"type":"binary-expr","locations":[{"start":{"line":405,"column":12},"end":{"line":405,"column":26}},{"start":{"line":405,"column":24},"end":{"line":405,"column":26}}]},"60":{"loc":{"start":{"line":436,"column":4},"end":{"line":439,"column":5}},"type":"if","locations":[{"start":{"line":436,"column":4},"end":{"line":439,"column":5}}]},"61":{"loc":{"start":{"line":448,"column":4},"end":{"line":452,"column":5}},"type":"if","locations":[{"start":{"line":448,"column":4},"end":{"line":452,"column":5}}]},"62":{"loc":{"start":{"line":450,"column":8},"end":{"line":450,"column":null}},"type":"cond-expr","locations":[{"start":{"line":450,"column":25},"end":{"line":450,"column":39}},{"start":{"line":450,"column":42},"end":{"line":450,"column":null}}]},"63":{"loc":{"start":{"line":453,"column":4},"end":{"line":457,"column":5}},"type":"if","locations":[{"start":{"line":453,"column":4},"end":{"line":457,"column":5}}]},"64":{"loc":{"start":{"line":455,"column":8},"end":{"line":455,"column":null}},"type":"cond-expr","locations":[{"start":{"line":455,"column":25},"end":{"line":455,"column":39}},{"start":{"line":455,"column":42},"end":{"line":455,"column":null}}]},"65":{"loc":{"start":{"line":498,"column":26},"end":{"line":498,"column":37}},"type":"cond-expr","locations":[{"start":{"line":498,"column":30},"end":{"line":498,"column":32}},{"start":{"line":498,"column":26},"end":{"line":498,"column":37}}]},"66":{"loc":{"start":{"line":498,"column":26},"end":{"line":498,"column":32}},"type":"binary-expr","locations":[{"start":{"line":498,"column":26},"end":{"line":498,"column":32}},{"start":{"line":498,"column":26},"end":{"line":498,"column":32}}]},"67":{"loc":{"start":{"line":505,"column":11},"end":{"line":581,"column":null}},"type":"cond-expr","locations":[{"start":{"line":506,"column":12},"end":{"line":579,"column":16}},{"start":{"line":581,"column":12},"end":{"line":581,"column":35}}]},"68":{"loc":{"start":{"line":521,"column":28},"end":{"line":521,"column":null}},"type":"cond-expr","locations":[{"start":{"line":521,"column":45},"end":{"line":521,"column":61}},{"start":{"line":521,"column":64},"end":{"line":521,"column":null}}]},"69":{"loc":{"start":{"line":556,"column":21},"end":{"line":575,"column":null}},"type":"cond-expr","locations":[{"start":{"line":557,"column":22},"end":{"line":570,"column":null}},{"start":{"line":573,"column":22},"end":{"line":573,"column":null}}]},"70":{"loc":{"start":{"line":562,"column":27},"end":{"line":564,"column":48}},"type":"cond-expr","locations":[{"start":{"line":563,"column":30},"end":{"line":563,"column":48}},{"start":{"line":564,"column":30},"end":{"line":564,"column":48}}]},"71":{"loc":{"start":{"line":566,"column":25},"end":{"line":569,"column":null}},"type":"binary-expr","locations":[{"start":{"line":566,"column":25},"end":{"line":566,"column":45}},{"start":{"line":567,"column":26},"end":{"line":568,"column":null}}]},"72":{"loc":{"start":{"line":588,"column":13},"end":{"line":638,"column":null}},"type":"cond-expr","locations":[{"start":{"line":589,"column":14},"end":{"line":636,"column":18}},{"start":{"line":638,"column":14},"end":{"line":638,"column":39}}]},"73":{"loc":{"start":{"line":614,"column":21},"end":{"line":633,"column":null}},"type":"cond-expr","locations":[{"start":{"line":615,"column":22},"end":{"line":628,"column":null}},{"start":{"line":631,"column":22},"end":{"line":631,"column":null}}]},"74":{"loc":{"start":{"line":620,"column":27},"end":{"line":622,"column":48}},"type":"cond-expr","locations":[{"start":{"line":621,"column":30},"end":{"line":621,"column":48}},{"start":{"line":622,"column":30},"end":{"line":622,"column":48}}]},"75":{"loc":{"start":{"line":624,"column":25},"end":{"line":627,"column":null}},"type":"binary-expr","locations":[{"start":{"line":624,"column":25},"end":{"line":624,"column":45}},{"start":{"line":625,"column":26},"end":{"line":626,"column":null}}]}},"s":{"0":1,"1":1,"2":1,"3":1,"4":1,"5":1,"6":1,"7":1,"8":1,"9":43,"10":43,"11":43,"12":43,"13":43,"14":43,"15":43,"16":43,"17":43,"18":43,"19":43,"20":43,"21":1,"22":1,"23":1,"24":0,"25":0,"26":1,"27":0,"28":0,"29":0,"30":0,"31":1,"32":1,"33":16,"34":16,"35":16,"36":0,"37":0,"38":16,"39":15,"40":15,"41":1,"42":0,"43":0,"44":0,"45":0,"46":1,"47":43,"48":15,"49":15,"50":6,"51":1,"52":1,"53":1,"54":1,"55":1,"56":1,"57":1,"58":1,"59":1,"60":1,"61":1,"62":1,"63":1,"64":1,"65":0,"66":0,"67":5,"68":5,"69":5,"70":0,"71":0,"72":5,"73":3,"74":5,"75":3,"76":3,"77":2,"78":1,"79":1,"80":1,"81":1,"82":0,"83":0,"84":0,"85":1,"86":0,"87":1,"88":1,"89":1,"90":0,"91":0,"92":1,"93":1,"94":0,"95":1,"96":1,"97":1,"98":0,"99":0,"100":1,"101":0,"102":0,"103":1,"104":0,"105":0,"106":0,"107":1,"108":1,"109":1,"110":1,"111":1,"112":1,"113":0,"114":0,"115":0,"116":0,"117":0,"118":0,"119":0,"120":0,"121":0,"122":0,"123":0,"124":0,"125":0,"126":0,"127":0,"128":0,"129":0,"130":0,"131":0,"132":0,"133":0,"134":0,"135":0,"136":0,"137":0,"138":0,"139":0,"140":0,"141":0,"142":0,"143":0,"144":0,"145":0,"146":0,"147":0,"148":1,"149":1,"150":1,"151":0,"152":0,"153":1,"154":1,"155":1,"156":1,"157":0,"158":0,"159":0,"160":0,"161":0,"162":0,"163":0,"164":0,"165":2,"166":2,"167":2,"168":0,"169":0,"170":2,"171":2,"172":2,"173":0,"174":0,"175":2,"176":2,"177":1,"178":1,"179":1,"180":1,"181":0,"182":0,"183":0,"184":0,"185":0,"186":0,"187":1,"188":2,"189":2,"190":2,"191":0,"192":0,"193":2,"194":2,"195":2,"196":18,"197":1,"198":17,"199":1,"200":16,"201":43,"202":18,"203":17,"204":16,"205":2,"206":1,"207":1,"208":1,"209":2,"210":18,"211":4,"212":2,"213":0,"214":0,"215":0,"216":1},"f":{"0":43,"1":1,"2":0,"3":1,"4":16,"5":15,"6":1,"7":0,"8":0,"9":0,"10":15,"11":6,"12":1,"13":1,"14":1,"15":1,"16":1,"17":0,"18":5,"19":3,"20":1,"21":1,"22":0,"23":0,"24":1,"25":1,"26":1,"27":1,"28":0,"29":0,"30":0,"31":0,"32":0,"33":0,"34":0,"35":0,"36":0,"37":0,"38":1,"39":1,"40":1,"41":0,"42":0,"43":0,"44":0,"45":0,"46":2,"47":2,"48":1,"49":1,"50":0,"51":0,"52":0,"53":2,"54":2,"55":18,"56":18,"57":17,"58":16,"59":2,"60":1,"61":1,"62":1,"63":2,"64":18,"65":4,"66":2,"67":0,"68":0,"69":0},"b":{"0":[1,0],"1":[0],"2":[16,0],"3":[0],"4":[16,16],"5":[15,0],"6":[0,1],"7":[0,1],"8":[1,1],"9":[15],"10":[1],"11":[1,0],"12":[5,0],"13":[0],"14":[5,5],"15":[3],"16":[1,0],"17":[0,1],"18":[1,1],"19":[1,0],"20":[0],"21":[1,1],"22":[0],"23":[0],"24":[0],"25":[0],"26":[1,0],"27":[0,0],"28":[0,0],"29":[0,0],"30":[0,0],"31":[0],"32":[0,0],"33":[0],"34":[0,0],"35":[0,0],"36":[0,0],"37":[0,0],"38":[0,0],"39":[0,0],"40":[0,0],"41":[0,0],"42":[0,0],"43":[0,0],"44":[0,0],"45":[0,0],"46":[0,0],"47":[1,0],"48":[0],"49":[1,1],"50":[0,0],"51":[0,0],"52":[0,0],"53":[2,0],"54":[0],"55":[2,2],"56":[0],"57":[0,1],"58":[0,1],"59":[1,1],"60":[0],"61":[1],"62":[0,1],"63":[1],"64":[1,0],"65":[0,43],"66":[43,43],"67":[15,28],"68":[0,16],"69":[13,3],"70":[1,12],"71":[13,1],"72":[2,41],"73":[1,1],"74":[0,1],"75":[1,0]}}
[...]
t":{"line":106,"column":54},"end":{"line":106,"column":57}},"loc":{"start":{"line":106,"column":60},"end":{"line":106,"column":89}}}},"branchMap":{"0":{"loc":{"start":{"line":22,"column":4},"end":{"line":24,"column":5}},"type":"if","locations":[{"start":{"line":22,"column":4},"end":{"line":24,"column":5}}]},"1":{"loc":{"start":{"line":28,"column":39},"end":{"line":28,"column":75}},"type":"binary-expr","locations":[{"start":{"line":28,"column":39},"end":{"line":28,"column":67}},{"start":{"line":28,"column":71},"end":{"line":28,"column":75}}]},"2":{"loc":{"start":{"line":33,"column":17},"end":{"line":33,"column":48}},"type":"binary-expr","locations":[{"start":{"line":33,"column":17},"end":{"line":33,"column":42}},{"start":{"line":33,"column":46},"end":{"line":33,"column":48}}]},"3":{"loc":{"start":{"line":35,"column":6},"end":{"line":56,"column":7}},"type":"if","locations":[{"start":{"line":35,"column":6},"end":{"line":56,"column":7}},{"start":{"line":54,"column":13},"end":{"line":56,"column":7}}]},"4":{"loc":{"start":{"line":35,"column":10},"end":{"line":35,"column":30}},"type":"cond-expr","locations":[{"start":{"line":35,"column":22},"end":{"line":35,"column":24}},{"start":{"line":35,"column":22},"end":{"line":35,"column":30}}]},"5":{"loc":{"start":{"line":35,"column":10},"end":{"line":35,"column":24}},"type":"binary-expr","locations":[{"start":{"line":35,"column":10},"end":{"line":35,"column":24}},{"start":{"line":35,"column":22},"end":{"line":35,"column":24}}]},"6":{"loc":{"start":{"line":50,"column":21},"end":{"line":50,"column":52}},"type":"binary-expr","locations":[{"start":{"line":50,"column":21},"end":{"line":50,"column":46}},{"start":{"line":50,"column":50},"end":{"line":50,"column":52}}]},"7":{"loc":{"start":{"line":61,"column":39},"end":{"line":61,"column":75}},"type":"binary-expr","locations":[{"start":{"line":61,"column":39},"end":{"line":61,"column":67}},{"start":{"line":61,"column":71},"end":{"line":61,"column":75}}]},"8":{"loc":{"start":{"line":69,"column":6},"end":{"line":90,"column":7}},"type":"if","locations":[{"start":{"line":69,"column":6},"end":{"line":90,"column":7}},{"start":{"line":88,"column":13},"end":{"line":90,"column":7}}]},"9":{"loc":{"start":{"line":69,"column":10},"end":{"line":69,"column":30}},"type":"cond-expr","locations":[{"start":{"line":69,"column":22},"end":{"line":69,"column":24}},{"start":{"line":69,"column":22},"end":{"line":69,"column":30}}]},"10":{"loc":{"start":{"line":69,"column":10},"end":{"line":69,"column":24}},"type":"binary-expr","locations":[{"start":{"line":69,"column":10},"end":{"line":69,"column":24}},{"start":{"line":69,"column":22},"end":{"line":69,"column":24}}]},"11":{"loc":{"start":{"line":89,"column":17},"end":{"line":89,"column":75}},"type":"binary-expr","locations":[{"start":{"line":89,"column":17},"end":{"line":89,"column":44}},{"start":{"line":89,"column":48},"end":{"line":89,"column":75}}]},"12":{"loc":{"start":{"line":89,"column":17},"end":{"line":89,"column":44}},"type":"cond-expr","locations":[{"start":{"line":89,"column":35},"end":{"line":89,"column":37}},{"start":{"line":89,"column":35},"end":{"line":89,"column":44}}]},"13":{"loc":{"start":{"line":89,"column":17},"end":{"line":89,"column":37}},"type":"binary-expr","locations":[{"start":{"line":89,"column":17},"end":{"line":89,"column":37}},{"start":{"line":89,"column":35},"end":{"line":89,"column":37}}]},"14":{"loc":{"start":{"line":89,"column":17},"end":{"line":89,"column":35}},"type":"cond-expr","locations":[{"start":{"line":89,"column":29},"end":{"line":89,"column":31}},{"start":{"line":89,"column":29},"end":{"line":89,"column":35}}]},"15":{"loc":{"start":{"line":89,"column":17},"end":{"line":89,"column":31}},"type":"binary-expr","locations":[{"start":{"line":89,"column":17},"end":{"line":89,"column":31}},{"start":{"line":89,"column":29},"end":{"line":89,"column":31}}]},"16":{"loc":{"start":{"line":94,"column":2},"end":{"line":94,"column":27}},"type":"if","locations":[{"start":{"line":94,"column":2},"end":{"line":94,"column":27}}]},"17":{"loc":{"start":{"line":100,"column":9},"end":{"line":100,"column":62}},"type":"binary-expr","locations":[{"start":{"line":100,"column":9},"end":{"line":100,"column":14}},{"start":{"line":100,"column":18},"end":{"line":100,"column":62}}]},"18":{"loc":{"start":{"line":102,"column":11},"end":{"line":111,"column":null}},"type":"cond-expr","locations":[{"start":{"line":103,"column":12},"end":{"line":109,"column":14}},{"start":{"line":111,"column":12},"end":{"line":111,"column":62}}]}},"s":{"0":1,"1":1,"2":1,"3":1,"4":10,"5":10,"6":10,"7":10,"8":6,"9":0,"10":0,"11":0,"12":0,"13":0,"14":0,"15":0,"16":0,"17":0,"18":0,"19":0,"20":0,"21":0,"22":0,"23":0,"24":0,"25":0,"26":0,"27":0,"28":0,"29":0,"30":0,"31":0,"32":0,"33":0,"34":0,"35":0,"36":0,"37":0,"38":10,"39":10,"40":0,"41":0,"42":0,"43":0,"44":1},"f":{"0":10,"1":6,"2":0,"3":0,"4":0,"5":0,"6":0,"7":0,"8":0},"b":{"0":[0],"1":[0,0],"2":[0,0],"3":[0,0],"4":[0,0],"5":[0,0],"6":[0,0],"7":[0,0],"8":[0,0],"9":[0,0],"10":[0,0],"11":[0,0],"12":[0,0],"13":[0,0],"14":[0,0],"15":[0,0],"16":[10],"17":[0,0],"18":[0,0]}}
,"/home/idenev/workspace/ToDoList/ui/src/modals/ShareModal.tsx": {"path":"/home/idenev/workspace/ToDoList/ui/src/modals/ShareModal.tsx","statementMap":{"0":{"start":{"line":1,"column":0},"end":{"line":1,"column":44}},"1":{"start":{"line":2,"column":0},"end":{"line":2,"column":36}},"2":{"start":{"line":3,"column":0},"end":{"line":3,"column":26}},"3":{"start":{"line":4,"column":0},"end":{"line":4,"column":40}},"4":{"start":{"line":20,"column":28},"end":{"line":20,"column":40}},"5":{"start":{"line":21,"column":32},"end":{"line":21,"column":44}},"6":{"start":{"line":22,"column":32},"end":{"line":22,"column":54}},"7":{"start":{"line":23,"column":17},"end":{"line":23,"column":28}},"8":{"start":{"line":25,"column":2},"end":{"line":29,"column":23}},"9":{"start":{"line":26,"column":4},"end":{"line":28,"column":5}},"10":{"start":{"line":27,"column":6},"end":{"line":27,"column":25}},"11":{"start":{"line":32,"column":28},"end":{"line":32,"column":76}},"12":{"start":{"line":33,"column":25},"end":{"line":33,"column":53}},"13":{"start":{"line":35,"column":4},"end":{"line":38,"column":5}},"14":{"start":{"line":36,"column":6},"end":{"line":36,"column":48}},"15":{"start":{"line":37,"column":6},"end":{"line":37,"column":56}},"16":{"start":{"line":40,"column":4},"end":{"line":51,"column":9}},"17":{"start":{"line":43,"column":31},"end":{"line":43,"column":45}},"18":{"start":{"line":44,"column":8},"end":{"line":44,"column":47}},"19":{"start":{"line":45,"column":8},"end":{"line":45,"column":70}},"20":{"start":{"line":46,"column":8},"end":{"line":46,"column":30}},"21":{"start":{"line":49,"column":8},"end":{"line":49,"column":54}},"22":{"start":{"line":50,"column":8},"end":{"line":50,"column":18}},"23":{"start":{"line":55,"column":28},"end":{"line":55,"column":76}},"24":{"start":{"line":56,"column":24},"end":{"line":56,"column":45}},"25":{"start":{"line":58,"column":4},"end":{"line":83,"column":5}},"26":{"start":{"line":59,"column":23},"end":{"line":61,"column":8}},"27":{"start":{"line":63,"column":6},"end":{"line":65,"column":7}},"28":{"start":{"line":64,"column":8},"end":{"line":64,"column":46}},"29":{"start":{"line":67,"column":6},"end":{"line":82,"column":7}},"30":{"start":{"line":68,"column":8},"end":{"line":79,"column":9}},"31":{"start":{"line":69,"column":27},"end":{"line":69,"column":53}},"32":{"start":{"line":70,"column":27},"end":{"line":72,"column":12}},"33":{"start":{"line":74,"column":10},"end":{"line":76,"column":11}},"34":{"start":{"line":75,"column":12},"end":{"line":75,"column":50}},"35":{"start":{"line":78,"column":10},"end":{"line":78,"column":88}},"36":{"start":{"line":81,"column":8},"end":{"line":81,"column":59}},"37":{"start":{"line":87,"column":4},"end":{"line":90,"column":5}},"38":{"start":{"line":88,"column":6},"end":{"line":88,"column":52}},"39":{"start":{"line":89,"column":6},"end":{"line":89,"column":13}},"40":{"start":{"line":92,"column":4},"end":{"line":95,"column":5}},"41":{"start":{"line":93,"column":6},"end":{"line":93,"column":47}},"42":{"start":{"line":94,"column":6},"end":{"line":94,"column":13}},"43":{"start":{"line":97,"column":4},"end":{"line":97,"column":29}},"44":{"start":{"line":100,"column":2},"end":{"line":100,"column":27}},"45":{"start":{"line":100,"column":15},"end":{"line":100,"column":27}},"46":{"start":{"line":102,"column":2},"end":{"line":132,"column":4}},"47":{"start":{"line":110,"column":27},"end":{"line":110,"column":51}},"48":{"start":{"line":115,"column":12},"end":{"line":115,"column":40}},"49":{"start":{"line":124,"column":27},"end":{"line":124,"column":53}},"50":{"start":{"line":135,"column":0},"end":{"line":135,"column":26}}},"fnMap":{"0":{"name":"ShareModal","decl":{"start":{"line":19,"column":9},"end":{"line":19,"column":19}},"loc":{"start":{"line":19,"column":91},"end":{"line":133,"column":1}}},"1":{"name":"(anonymous_9)","decl":{"start":{"line":25,"column":12},"end":{"line":25,"column":15}},"loc":{"start":{"line":25,"column":17},"end":{"line":29,"column":3}}},"2":{"name":"refreshAccessToken","decl":{"start":{"line":31,"column":11},"end":{"line":31,"column":29}},"loc":{"start":{"line":31,"column":29},"end":{"line":52,"column":3}}},"3":{"name":"(anonymous_11)","decl":{"start":{"line":42,"column":12},"end":{"line":42,"column":13}},"loc":{"start":{"line":42,"column":20},"end":{"line":47,"column":7}}},"4":{"name":"(anonymous_12)","decl":{"start":{"line":48,"column":13},"end":{"line":48,"column":14}},"loc":{"start":{"line":48,"column":21},"end":{"line":51,"column":7}}},"5":{"name":"fetchUserDetails","decl":{"start":{"line":54,"column":17},"end":{"line":54,"column":33}},"loc":{"start":{"line":54,"column":33},"end":{"line":84,"column":null}}},"6":{"name":"handleSubmit","decl":{"start":{"line":86,"column":11},"end":{"line":86,"column":23}},"loc":{"start":{"line":86,"column":23},"end":{"line":98,"column":3}}},"7":{"name":"(anonymous_16)","decl":{"start":{"line":110,"column":20},"end":{"line":110,"column":21}},"loc":{"start":{"line":110,"column":27},"end":{"line":110,"column":51}}},"8":{"name":"(anonymous_17)","decl":{"start":{"line":114,"column":23},"end":{"line":114,"column":24}},"loc":{"start":{"line":115,"column":12},"end":{"line":115,"column":40}}},"9":{"name":"(anonymous_18)","decl":{"start":{"line":124,"column":20},"end":{"line":124,"column":21}},"loc":{"start":{"line":124,"column":27},"end":{"line":124,"column":53}}}},"branchMap":{"0":{"loc":{"start":{"line":26,"column":4},"end":{"line":28,"column":5}},"type":"if","locations":[{"start":{"line":26,"column":4},"end":{"line":28,"column":5}}]},"1":{"loc":{"start":{"line":32,"column":39},"end":{"line":32,"column":75}},"type":"binary-expr","locations":[{"start":{"line":32,"column":39},"end":{"line":32,"column":67}},{"start":{"line":32,"column":71},"end":{"line":32,"column":75}}]},"2":{"loc":{"start":{"line":35,"column":4},"end":{"line":38,"column":5}},"type":"if","locations":[{"start":{"line":35,"column":4},"end":{"line":38,"column":5}}]},"3":{"loc":{"start":{"line":55,"column":39},"end":{"line":55,"column":75}},"type":"binary-expr","locations":[{"start":{"line":55,"column":39},"end":{"line":55,"column":67}},{"start":{"line":55,"column":71},"end":{"line":55,"column":75}}]},"4":{"loc":{"start":{"line":63,"column":6},"end":{"line":65,"column":7}},"type":"if","locations":[{"start":{"line":63,"column":6},"end":{"line":65,"column":7}}]},"5":{"loc":{"start":{"line":67,"column":6},"end":{"line":82,"column":7}},"type":"if","locations":[{"start":{"line":67,"column":6},"end":{"line":82,"column":7}},{"start":{"line":80,"column":13},"end":{"line":82,"column":7}}]},"6":{"loc":{"start":{"line":67,"column":10},"end":{"line":67,"column":30}},"type":"cond-expr","locations":[{"start":{"line":67,"column":22},"end":{"line":67,"column":24}},{"start":{"line":67,"column":22},"end":{"line":67,"column":30}}]},"7":{"loc":{"start":{"line":67,"column":10},"end":{"line":67,"column":24}},"type":"binary-expr","locations":[{"start":{"line":67,"column":10},"end":{"line":67,"column":24}},{"start":{"line":67,"column":22},"end":{"line":67,"column":24}}]},"8":{"loc":{"start":{"line":74,"column":10},"end":{"line":76,"column":11}},"type":"if","locations":[{"start":{"line":74,"column":10},"end":{"line":76,"column":11}}]},"9":{"loc":{"start":{"line":87,"column":4},"end":{"line":90,"column":5}},"type":"if","locations":[{"start":{"line":87,"column":4},"end":{"line":90,"column":5}}]},"10":{"loc":{"start":{"line":92,"column":4},"end":{"line":95,"column":5}},"type":"if","locations":[{"start":{"line":92,"column":4},"end":{"line":95,"column":5}}]},"11":{"loc":{"start":{"line":92,"column":39},"end":{"line":92,"column":70}},"type":"cond-expr","locations":[{"start":{"line":92,"column":55},"end":{"line":92,"column":57}},{"start":{"line":92,"column":39},"end":{"line":92,"column":70}}]},"12":{"loc":{"start":{"line":92,"column":39},"end":{"line":92,"column":57}},"type":"binary-expr","locations":[{"start":{"line":92,"column":39},"end":{"line":92,"column":57}},{"start":{"line":92,"column":39},"end":{"line":92,"column":57}}]},"13":{"loc":{"start":{"line":100,"column":2},"end":{"line":100,"column":27}},"type":"if","locations":[{"start":{"line":100,"column":2},"end":{"line":100,"column":27}}]},"14":{"loc":{"start":{"line":106,"column":9},"end":{"line":106,"column":62}},"type":"binary-expr","locations":[{"start":{"line":106,"column":9},"end":{"line":106,"column":14}},{"start":{"line":106,"column":18},"end":{"line":106,"column":62}}]}},"s":{"0":1,"1":1,"2":1,"3":1,"4":43,"5":43,"6":43,"7":43,"8":43,"9":16,"10":1,"11":0,"12":0,"13":0,"14":0,"15":0,"16":0,"17":0,"18":0,"19":0,"20":0,"21":0,"22":0,"23":1,"24":1,"25":1,"26":1,"27":1,"28":0,"29":0,"30":0,"31":0,"32":0,"33":0,"34":0,"35":0,"36":0,"37":1,"38":1,"39":1,"40":0,"41":0,"42":0,"43":0,"44":43,"45":42,"46":1,"47":1,"48":0,"49":0,"50":1},"f":{"0":43,"1":16,"2":0,"3":0,"4":0,"5":1,"6":1,"7":1,"8":0,"9":0},"b":{"0":[1],"1":[0,0],"2":[0],"3":[1,0],"4":[0],"5":[0,0],"6":[0,0],"7":[0,0],"8":[0],"9":[1],"10":[0],"11":[0,0],"12":[0,0],"13":[42],"14":[1,0]}}
,"/home/idenev/workspace/ToDoList/ui/src/modals/TaskModal.tsx": {"path":"/home/idenev/workspace/ToDoList/ui/src/modals/TaskModal.tsx","statementMap":{"0":{"start":{"line":1,"column":0},"end":{"line":1,"column":44}},"1":{"start":{"line":2,"column":0},"end":{"line":2,"column":35}},"2":{"start":{"line":23,"column":36},"end":{"line":23,"column":51}},"3":{"start":{"line":24,"column":48},"end":{"line":24,"column":69}},"4":{"start":{"line":27,"column":2},"end":{"line":30,"column":35}},"5":{"start":{"line":28,"column":4},"end":{"line":28,"column":24}},"6":{"start":{"line":29,"column":4},"end":{"line":29,"column":36}},"7":{"start":{"line":32,"column":2},"end":{"line":32,"column":27}},"8":{"start":{"line":32,"column":15},"end":{"line":32,"column":27}},"9":{"start":{"line":34,"column":23},"end":{"line":41,"column":3}},"10":{"start":{"line":35,"column":4},"end":{"line":35,"column":23}},"11":{"start":{"line":36,"column":4},"end":{"line":39,"column":5}},"12":{"start":{"line":37,"column":6},"end":{"line":37,"column":42}},"13":{"start":{"line":38,"column":6},"end":{"line":38,"column":13}},"14":{"start":{"line":40,"column":4},"end":{"line":40,"column":41}},"15":{"start":{"line":43,"column":24},"end":{"line":51,"column":3}},"16":{"start":{"line":44,"column":4},"end":{"line":50,"column":5}},"17":{"start":{"line":45,"column":6},"end":{"line":45,"column":16}},"18":{"start":{"line":46,"column":11},"end":{"line":50,"column":5}},"19":{"start":{"line":48,"column":6},"end":{"line":48,"column":25}},"20":{"start":{"line":49,"column":6},"end":{"line":49,"column":43}},"21":{"start":{"line":53,"column":2},"end":{"line":93,"column":4}},"22":{"start":{"line":56,"column":6},"end":{"line":56,"column":50}},"23":{"start":{"line":56,"column":40},"end":{"line":56,"column":50}},"24":{"start":{"line":58,"column":51},"end":{"line":58,"column":70}},"25":{"start":{"line":68,"column":31},"end":{"line":68,"column":59}},"26":{"start":{"line":77,"column":31},"end":{"line":77,"column":65}},"27":{"start":{"line":96,"column":0},"end":{"line":96,"column":25}}},"fnMap":{"0":{"name":"TaskModal","decl":{"start":{"line":14,"column":9},"end":{"line":14,"column":18}},"loc":{"start":{"line":22,"column":17},"end":{"line":94,"column":1}}},"1":{"name":"(anonymous_1)","decl":{"start":{"line":27,"column":12},"end":{"line":27,"column":15}},"loc":{"start":{"line":27,"column":17},"end":{"line":30,"column":3}}},"2":{"name":"(anonymous_2)","decl":{"start":{"line":34,"column":23},"end":{"line":34,"column":24}},"loc":{"start":{"line":34,"column":46},"end":{"line":41,"column":3}}},"3":{"name":"(anonymous_3)","decl":{"start":{"line":43,"column":24},"end":{"line":43,"column":25}},"loc":{"start":{"line":43,"column":35},"end":{"line":51,"column":3}}},"4":{"name":"(anonymous_4)","decl":{"start":{"line":54,"column":70},"end":{"line":54,"column":71}},"loc":{"start":{"line":54,"column":76},"end":{"line":57,"column":5}}},"5":{"name":"(anonymous_5)","decl":{"start":{"line":58,"column":46},"end":{"line":58,"column":47}},"loc":{"start":{"line":58,"column":51},"end":{"line":58,"column":70}}},"6":{"name":"(anonymous_6)","decl":{"start":{"line":68,"column":24},"end":{"line":68,"column":25}},"loc":{"start":{"line":68,"column":31},"end":{"line":68,"column":59}}},"7":{"name":"(anonymous_7)","decl":{"start":{"line":77,"column":24},"end":{"line":77,"column":25}},"loc":{"start":{"line":77,"column":31},"end":{"line":77,"column":65}}}},"branchMap":{"0":{"loc":{"start":{"line":18,"column":2},"end":{"line":18,"column":12}},"type":"default-arg","locations":[{"start":{"line":18,"column":10},"end":{"line":18,"column":12}}]},"1":{"loc":{"start":{"line":19,"column":2},"end":{"line":19,"column":18}},"type":"default-arg","locations":[{"start":{"line":19,"column":16},"end":{"line":19,"column":18}}]},"2":{"loc":{"start":{"line":20,"column":2},"end":{"line":20,"column":29}},"type":"default-arg","locations":[{"start":{"line":20,"column":15},"end":{"line":20,"column":29}}]},"3":{"loc":{"start":{"line":32,"column":2},"end":{"line":32,"column":27}},"type":"if","locations":[{"start":{"line":32,"column":2},"end":{"line":32,"column":27}}]},"4":{"loc":{"start":{"line":36,"column":4},"end":{"line":39,"column":5}},"type":"if","locations":[{"start":{"line":36,"column":4},"end":{"line":39,"column":5}}]},"5":{"loc":{"start":{"line":44,"column":4},"end":{"line":50,"column":5}},"type":"if","locations":[{"start":{"line":44,"column":4},"end":{"line":50,"column":5}},{"start":{"line":46,"column":11},"end":{"line":50,"column":5}}]},"6":{"loc":{"start":{"line":46,"column":11},"end":{"line":50,"column":5}},"type":"if","locations":[{"start":{"line":46,"column":11},"end":{"line":50,"column":5}}]},"7":{"loc":{"start":{"line":46,"column":15},"end":{"line":46,"column":47}},"type":"binary-expr","locations":[{"start":{"line":46,"column":15},"end":{"line":46,"column":32}},{"start":{"line":46,"column":36},"end":{"line":46,"column":47}}]},"8":{"loc":{"start":{"line":56,"column":6},"end":{"line":56,"column":50}},"type":"if","locations":[{"start":{"line":56,"column":6},"end":{"line":56,"column":50}}]},"9":{"loc":{"start":{"line":60,"column":9},"end":{"line":60,"column":62}},"type":"binary-expr","locations":[{"start":{"line":60,"column":9},"end":{"line":60,"column":14}},{"start":{"line":60,"column":18},"end":{"line":60,"column":62}}]},"10":{"loc":{"start":{"line":87,"column":15},"end":{"line":87,"column":37}},"type":"cond-expr","locations":[{"start":{"line":87,"column":23},"end":{"line":87,"column":29}},{"start":{"line":87,"column":32},"end":{"line":87,"column":37}}]}},"s":{"0":1,"1":1,"2":101,"3":101,"4":101,"5":39,"6":39,"7":101,"8":78,"9":23,"10":6,"11":6,"12":0,"13":0,"14":6,"15":23,"16":0,"17":0,"18":0,"19":0,"20":0,"21":23,"22":0,"23":0,"24":6,"25":6,"26":6,"27":1},"f":{"0":101,"1":39,"2":6,"3":0,"4":0,"5":6,"6":6,"7":6},"b":{"0":[54],"1":[54],"2":[0],"3":[78],"4":[0],"5":[0,0],"6":[0],"7":[0,0],"8":[0],"9":[23,0],"10":[4,19]}}
}
