{"/home/idenev/workspace/ToDoList/ui/src/components/NavBarComponent.tsx": {"path":"/home/idenev/workspace/ToDoList/ui/src/components/NavBarComponent.tsx","statementMap":{"0":{"start":{"line":1,"column":0},"end":{"line":1,"column":40}},"1":{"start":{"line":2,"column":0},"end":{"line":2,"column":45}},"2":{"start":{"line":3,"column":0},"end":{"line":3,"column":53}},"3":{"start":{"line":4,"column":0},"end":{"line":4,"column":32}},"4":{"start":{"line":5,"column":0},"end":{"line":5,"column":60}},"5":{"start":{"line":6,"column":0},"end":{"line":6,"column":33}},"6":{"start":{"line":7,"column":0},"end":{"line":7,"column":62}},"7":{"start":{"line":8,"column":0},"end":{"line":8,"column":52}},"8":{"start":{"line":9,"column":0},"end":{"line":9,"column":58}},"9":{"start":{"line":12,"column":21},"end":{"line":12,"column":32}},"10":{"start":{"line":13,"column":19},"end":{"line":13,"column":35}},"11":{"start":{"line":14,"column":48},"end":{"line":14,"column":63}},"12":{"start":{"line":15,"column":50},"end":{"line":15,"column":65}},"13":{"start":{"line":16,"column":44},"end":{"line":16,"column":59}},"14":{"start":{"line":17,"column":58},"end":{"line":17,"column":73}},"15":{"start":{"line":20,"column":4},"end":{"line":20,"column":13}},"16":{"start":{"line":23,"column":2},"end":{"line":94,"column":4}},"17":{"start":{"line":31,"column":29},"end":{"line":31,"column":67}},"18":{"start":{"line":38,"column":18},"end":{"line":38,"column":41}},"19":{"start":{"line":39,"column":18},"end":{"line":39,"column":45}},"20":{"start":{"line":44,"column":18},"end":{"line":44,"column":48}},"21":{"start":{"line":45,"column":18},"end":{"line":45,"column":45}},"22":{"start":{"line":55,"column":29},"end":{"line":55,"column":53}},"23":{"start":{"line":81,"column":25},"end":{"line":81,"column":50}},"24":{"start":{"line":85,"column":25},"end":{"line":85,"column":48}},"25":{"start":{"line":90,"column":25},"end":{"line":90,"column":55}},"26":{"start":{"line":97,"column":0},"end":{"line":97,"column":31}}},"fnMap":{"0":{"name":"NavBarComponent","decl":{"start":{"line":11,"column":9},"end":{"line":11,"column":24}},"loc":{"start":{"line":11,"column":24},"end":{"line":95,"column":1}}},"1":{"name":"handleClick","decl":{"start":{"line":19,"column":11},"end":{"line":19,"column":22}},"loc":{"start":{"line":19,"column":22},"end":{"line":21,"column":3}}},"2":{"name":"(anonymous_3)","decl":{"start":{"line":31,"column":23},"end":{"line":31,"column":26}},"loc":{"start":{"line":31,"column":29},"end":{"line":31,"column":67}}},"3":{"name":"(anonymous_4)","decl":{"start":{"line":37,"column":33},"end":{"line":37,"column":36}},"loc":{"start":{"line":37,"column":38},"end":{"line":40,"column":17}}},"4":{"name":"(anonymous_5)","decl":{"start":{"line":43,"column":33},"end":{"line":43,"column":36}},"loc":{"start":{"line":43,"column":38},"end":{"line":46,"column":17}}},"5":{"name":"(anonymous_6)","decl":{"start":{"line":55,"column":23},"end":{"line":55,"column":26}},"loc":{"start":{"line":55,"column":29},"end":{"line":55,"column":53}}},"6":{"name":"(anonymous_7)","decl":{"start":{"line":81,"column":19},"end":{"line":81,"column":22}},"loc":{"start":{"line":81,"column":25},"end":{"line":81,"column":50}}},"7":{"name":"(anonymous_8)","decl":{"start":{"line":85,"column":19},"end":{"line":85,"column":22}},"loc":{"start":{"line":85,"column":25},"end":{"line":85,"column":48}}},"8":{"name":"(anonymous_9)","decl":{"start":{"line":90,"column":19},"end":{"line":90,"column":22}},"loc":{"start":{"line":90,"column":25},"end":{"line":90,"column":55}}}},"branchMap":{"0":{"loc":{"start":{"line":26,"column":10},"end":{"line":67,"column":null}},"type":"binary-expr","locations":[{"start":{"line":26,"column":10},"end":{"line":26,"column":14}},{"start":{"line":27,"column":8},"end":{"line":66,"column":null}}]},"1":{"loc":{"start":{"line":35,"column":13},"end":{"line":49,"column":null}},"type":"binary-expr","locations":[{"start":{"line":35,"column":13},"end":{"line":35,"column":29}},{"start":{"line":36,"column":14},"end":{"line":48,"column":null}}]},"2":{"loc":{"start":{"line":69,"column":9},"end":{"line":77,"column":null}},"type":"binary-expr","locations":[{"start":{"line":69,"column":9},"end":{"line":69,"column":14}},{"start":{"line":70,"column":8},"end":{"line":76,"column":null}}]},"3":{"loc":{"start":{"line":86,"column":23},"end":{"line":86,"column":44}},"type":"binary-expr","locations":[{"start":{"line":86,"column":23},"end":{"line":86,"column":27}},{"start":{"line":86,"column":31},"end":{"line":86,"column":44}}]}},"s":{"0":1,"1":1,"2":1,"3":1,"4":1,"5":1,"6":1,"7":1,"8":1,"9":10,"10":10,"11":10,"12":10,"13":10,"14":10,"15":1,"16":10,"17":1,"18":0,"19":0,"20":0,"21":0,"22":0,"23":0,"24":0,"25":0,"26":1},"f":{"0":10,"1":1,"2":1,"3":0,"4":0,"5":0,"6":0,"7":0,"8":0},"b":{"0":[10,5],"1":[5,1],"2":[10,5],"3":[10,5]}}
,"/home/idenev/workspace/ToDoList/ui/src/components/NotificationComponent.tsx": {"path":"/home/idenev/workspace/ToDoList/ui/src/components/NotificationComponent.tsx","statementMap":{"0":{"start":{"line":1,"column":0},"end":{"line":1,"column":44}},"1":{"start":{"line":2,"column":0},"end":{"line":2,"column":50}},"2":{"start":{"line":3,"column":0},"end":{"line":3,"column":26}},"3":{"start":{"line":4,"column":0},"end":{"line":4,"column":53}},"4":{"start":{"line":5,"column":0},"end":{"line":5,"column":38}},"5":{"start":{"line":6,"column":0},"end":{"line":6,"column":40}},"6":{"start":{"line":19,"column":44},"end":{"line":19,"column":72}},"7":{"start":{"line":20,"column":42},"end":{"line":20,"column":57}},"8":{"start":{"line":21,"column":19},"end":{"line":21,"column":35}},"9":{"start":{"line":23,"column":17},"end":{"line":23,"column":28}},"10":{"start":{"line":26,"column":28},"end":{"line":26,"column":76}},"11":{"start":{"line":27,"column":25},"end":{"line":27,"column":53}},"12":{"start":{"line":29,"column":4},"end":{"line":32,"column":5}},"13":{"start":{"line":30,"column":6},"end":{"line":30,"column":48}},"14":{"start":{"line":31,"column":6},"end":{"line":31,"column":56}},"15":{"start":{"line":34,"column":4},"end":{"line":45,"column":9}},"16":{"start":{"line":37,"column":31},"end":{"line":37,"column":45}},"17":{"start":{"line":38,"column":8},"end":{"line":38,"column":47}},"18":{"start":{"line":39,"column":8},"end":{"line":39,"column":70}},"19":{"start":{"line":40,"column":8},"end":{"line":40,"column":30}},"20":{"start":{"line":43,"column":8},"end":{"line":43,"column":54}},"21":{"start":{"line":44,"column":8},"end":{"line":44,"column":18}},"22":{"start":{"line":48,"column":29},"end":{"line":79,"column":4}},"23":{"start":{"line":48,"column":40},"end":{"line":79,"column":4}},"24":{"start":{"line":49,"column":4},"end":{"line":78,"column":5}},"25":{"start":{"line":50,"column":23},"end":{"line":52,"column":8}},"26":{"start":{"line":53,"column":6},"end":{"line":53,"column":38}},"27":{"start":{"line":55,"column":6},"end":{"line":77,"column":7}},"28":{"start":{"line":56,"column":8},"end":{"line":74,"column":9}},"29":{"start":{"line":58,"column":27},"end":{"line":58,"column":75}},"30":{"start":{"line":59,"column":34},"end":{"line":61,"column":12}},"31":{"start":{"line":64,"column":10},"end":{"line":64,"column":54}},"32":{"start":{"line":65,"column":10},"end":{"line":65,"column":65}},"33":{"start":{"line":68,"column":32},"end":{"line":70,"column":12}},"34":{"start":{"line":71,"column":10},"end":{"line":71,"column":47}},"35":{"start":{"line":73,"column":10},"end":{"line":73,"column":65}},"36":{"start":{"line":76,"column":8},"end":{"line":76,"column":62}},"37":{"start":{"line":81,"column":21},"end":{"line":109,"column":4}},"38":{"start":{"line":81,"column":32},"end":{"line":109,"column":4}},"39":{"start":{"line":82,"column":28},"end":{"line":82,"column":76}},"40":{"start":{"line":83,"column":24},"end":{"line":83,"column":45}},"41":{"start":{"line":85,"column":4},"end":{"line":108,"column":5}},"42":{"start":{"line":86,"column":6},"end":{"line":90,"column":8}},"43":{"start":{"line":93,"column":6},"end":{"line":93,"column":71}},"44":{"start":{"line":93,"column":46},"end":{"line":93,"column":68}},"45":{"start":{"line":95,"column":6},"end":{"line":107,"column":7}},"46":{"start":{"line":96,"column":8},"end":{"line":106,"column":9}},"47":{"start":{"line":97,"column":34},"end":{"line":97,"column":60}},"48":{"start":{"line":98,"column":10},"end":{"line":102,"column":12}},"49":{"start":{"line":103,"column":10},"end":{"line":103,"column":75}},"50":{"start":{"line":103,"column":50},"end":{"line":103,"column":72}},"51":{"start":{"line":105,"column":10},"end":{"line":105,"column":76}},"52":{"start":{"line":111,"column":29},"end":{"line":135,"column":4}},"53":{"start":{"line":111,"column":40},"end":{"line":135,"column":4}},"54":{"start":{"line":112,"column":28},"end":{"line":112,"column":76}},"55":{"start":{"line":113,"column":24},"end":{"line":113,"column":45}},"56":{"start":{"line":115,"column":4},"end":{"line":134,"column":5}},"57":{"start":{"line":116,"column":6},"end":{"line":119,"column":8}},"58":{"start":{"line":120,"column":6},"end":{"line":120,"column":27}},"59":{"start":{"line":122,"column":6},"end":{"line":133,"column":7}},"60":{"start":{"line":123,"column":8},"end":{"line":132,"column":9}},"61":{"start":{"line":124,"column":34},"end":{"line":124,"column":60}},"62":{"start":{"line":125,"column":10},"end":{"line":128,"column":12}},"63":{"start":{"line":129,"column":10},"end":{"line":129,"column":31}},"64":{"start":{"line":131,"column":10},"end":{"line":131,"column":69}},"65":{"start":{"line":137,"column":31},"end":{"line":142,"column":3}},"66":{"start":{"line":138,"column":4},"end":{"line":138,"column":35}},"67":{"start":{"line":139,"column":4},"end":{"line":141,"column":5}},"68":{"start":{"line":140,"column":6},"end":{"line":140,"column":19}},"69":{"start":{"line":144,"column":2},"end":{"line":148,"column":13}},"70":{"start":{"line":145,"column":4},"end":{"line":147,"column":5}},"71":{"start":{"line":146,"column":6},"end":{"line":146,"column":27}},"72":{"start":{"line":150,"column":30},"end":{"line":201,"column":4}},"73":{"start":{"line":150,"column":111},"end":{"line":201,"column":4}},"74":{"start":{"line":151,"column":28},"end":{"line":151,"column":76}},"75":{"start":{"line":152,"column":24},"end":{"line":152,"column":45}},"76":{"start":{"line":154,"column":4},"end":{"line":158,"column":5}},"77":{"start":{"line":155,"column":6},"end":{"line":155,"column":58}},"78":{"start":{"line":156,"column":6},"end":{"line":156,"column":45}},"79":{"start":{"line":157,"column":6},"end":{"line":157,"column":13}},"80":{"start":{"line":160,"column":4},"end":{"line":200,"column":5}},"81":{"start":{"line":161,"column":6},"end":{"line":165,"column":8}},"82":{"start":{"line":167,"column":6},"end":{"line":167,"column":76}},"83":{"start":{"line":167,"column":49},"end":{"line":167,"column":73}},"84":{"start":{"line":170,"column":6},"end":{"line":170,"column":55}},"85":{"start":{"line":172,"column":6},"end":{"line":172,"column":72}},"86":{"start":{"line":174,"column":6},"end":{"line":199,"column":7}},"87":{"start":{"line":175,"column":8},"end":{"line":196,"column":9}},"88":{"start":{"line":176,"column":27},"end":{"line":176,"column":75}},"89":{"start":{"line":177,"column":34},"end":{"line":179,"column":12}},"90":{"start":{"line":181,"column":10},"end":{"line":181,"column":54}},"91":{"start":{"line":182,"column":10},"end":{"line":182,"column":65}},"92":{"start":{"line":185,"column":10},"end":{"line":189,"column":12}},"93":{"start":{"line":191,"column":10},"end":{"line":191,"column":80}},"94":{"start":{"line":191,"column":53},"end":{"line":191,"column":77}},"95":{"start":{"line":192,"column":10},"end":{"line":192,"column":59}},"96":{"start":{"line":194,"column":10},"end":{"line":194,"column":66}},"97":{"start":{"line":195,"column":10},"end":{"line":195,"column":56}},"98":{"start":{"line":198,"column":8},"end":{"line":198,"column":78}},"99":{"start":{"line":203,"column":22},"end":{"line":203,"column":63}},"100":{"start":{"line":203,"column":48},"end":{"line":203,"column":55}},"101":{"start":{"line":205,"column":36},"end":{"line":235,"column":3}},"102":{"start":{"line":206,"column":4},"end":{"line":227,"column":5}},"103":{"start":{"line":207,"column":6},"end":{"line":226,"column":8}},"104":{"start":{"line":213,"column":29},"end":{"line":213,"column":101}},"105":{"start":{"line":219,"column":29},"end":{"line":219,"column":101}},"106":{"start":{"line":229,"column":4},"end":{"line":234,"column":6}},"107":{"start":{"line":237,"column":2},"end":{"line":275,"column":4}},"108":{"start":{"line":262,"column":14},"end":{"line":263,"column":null}},"109":{"start":{"line":278,"column":0},"end":{"line":278,"column":32}}},"fnMap":{"0":{"name":"NotificationIcon","decl":{"start":{"line":18,"column":9},"end":{"line":18,"column":25}},"loc":{"start":{"line":18,"column":25},"end":{"line":276,"column":1}}},"1":{"name":"refreshAccessToken","decl":{"start":{"line":25,"column":11},"end":{"line":25,"column":29}},"loc":{"start":{"line":25,"column":29},"end":{"line":46,"column":3}}},"2":{"name":"(anonymous_10)","decl":{"start":{"line":36,"column":12},"end":{"line":36,"column":13}},"loc":{"start":{"line":36,"column":20},"end":{"line":41,"column":7}}},"3":{"name":"(anonymous_11)","decl":{"start":{"line":42,"column":13},"end":{"line":42,"column":14}},"loc":{"start":{"line":42,"column":21},"end":{"line":45,"column":7}}},"4":{"name":"(anonymous_12)","decl":{"start":{"line":48,"column":29},"end":{"line":48,"column":38}},"loc":{"start":{"line":48,"column":40},"end":{"line":79,"column":4}}},"5":{"name":"(anonymous_13)","decl":{"start":{"line":48,"column":40},"end":{"line":48,"column":null}},"loc":{"start":{"line":48,"column":40},"end":{"line":79,"column":3}}},"6":{"name":"(anonymous_14)","decl":{"start":{"line":81,"column":21},"end":{"line":81,"column":30}},"loc":{"start":{"line":81,"column":32},"end":{"line":109,"column":4}}},"7":{"name":"(anonymous_15)","decl":{"start":{"line":81,"column":32},"end":{"line":81,"column":null}},"loc":{"start":{"line":81,"column":32},"end":{"line":109,"column":3}}},"8":{"name":"(anonymous_16)","decl":{"start":{"line":93,"column":41},"end":{"line":93,"column":42}},"loc":{"start":{"line":93,"column":46},"end":{"line":93,"column":68}}},"9":{"name":"(anonymous_17)","decl":{"start":{"line":103,"column":45},"end":{"line":103,"column":46}},"loc":{"start":{"line":103,"column":50},"end":{"line":103,"column":72}}},"10":{"name":"(anonymous_18)","decl":{"start":{"line":111,"column":29},"end":{"line":111,"column":38}},"loc":{"start":{"line":111,"column":40},"end":{"line":135,"column":4}}},"11":{"name":"(anonymous_19)","decl":{"start":{"line":111,"column":40},"end":{"line":111,"column":null}},"loc":{"start":{"line":111,"column":40},"end":{"line":135,"column":3}}},"12":{"name":"(anonymous_20)","decl":{"start":{"line":137,"column":31},"end":{"line":137,"column":34}},"loc":{"start":{"line":137,"column":36},"end":{"line":142,"column":3}}},"13":{"name":"(anonymous_21)","decl":{"start":{"line":144,"column":12},"end":{"line":144,"column":15}},"loc":{"start":{"line":144,"column":17},"end":{"line":148,"column":3}}},"14":{"name":"(anonymous_22)","decl":{"start":{"line":150,"column":30},"end":{"line":150,"column":37}},"loc":{"start":{"line":150,"column":111},"end":{"line":201,"column":4}}},"15":{"name":"(anonymous_23)","decl":{"start":{"line":150,"column":111},"end":{"line":150,"column":null}},"loc":{"start":{"line":150,"column":111},"end":{"line":201,"column":3}}},"16":{"name":"(anonymous_24)","decl":{"start":{"line":167,"column":44},"end":{"line":167,"column":45}},"loc":{"start":{"line":167,"column":49},"end":{"line":167,"column":73}}},"17":{"name":"(anonymous_25)","decl":{"start":{"line":191,"column":48},"end":{"line":191,"column":49}},"loc":{"start":{"line":191,"column":53},"end":{"line":191,"column":77}}},"18":{"name":"(anonymous_26)","decl":{"start":{"line":203,"column":43},"end":{"line":203,"column":44}},"loc":{"start":{"line":203,"column":48},"end":{"line":203,"column":55}}},"19":{"name":"(anonymous_27)","decl":{"start":{"line":205,"column":36},"end":{"line":205,"column":37}},"loc":{"start":{"line":205,"column":67},"end":{"line":235,"column":3}}},"20":{"name":"(anonymous_28)","decl":{"start":{"line":213,"column":23},"end":{"line":213,"column":26}},"loc":{"start":{"line":213,"column":29},"end":{"line":213,"column":101}}},"21":{"name":"(anonymous_29)","decl":{"start":{"line":219,"column":23},"end":{"line":219,"column":26}},"loc":{"start":{"line":219,"column":29},"end":{"line":219,"column":101}}},"22":{"name":"(anonymous_30)","decl":{"start":{"line":261,"column":30},"end":{"line":261,"column":42}},"loc":{"start":{"line":262,"column":14},"end":{"line":263,"column":null}}}},"branchMap":{"0":{"loc":{"start":{"line":26,"column":39},"end":{"line":26,"column":75}},"type":"binary-expr","locations":[{"start":{"line":26,"column":39},"end":{"line":26,"column":67}},{"start":{"line":26,"column":71},"end":{"line":26,"column":75}}]},"1":{"loc":{"start":{"line":29,"column":4},"end":{"line":32,"column":5}},"type":"if","locations":[{"start":{"line":29,"column":4},"end":{"line":32,"column":5}}]},"2":{"loc":{"start":{"line":51,"column":44},"end":{"line":51,"column":55}},"type":"cond-expr","locations":[{"start":{"line":51,"column":48},"end":{"line":51,"column":50}},{"start":{"line":51,"column":44},"end":{"line":51,"column":55}}]},"3":{"loc":{"start":{"line":51,"column":44},"end":{"line":51,"column":50}},"type":"binary-expr","locations":[{"start":{"line":51,"column":44},"end":{"line":51,"column":50}},{"start":{"line":51,"column":44},"end":{"line":51,"column":50}}]},"4":{"loc":{"start":{"line":55,"column":6},"end":{"line":77,"column":7}},"type":"if","locations":[{"start":{"line":55,"column":6},"end":{"line":77,"column":7}},{"start":{"line":75,"column":13},"end":{"line":77,"column":7}}]},"5":{"loc":{"start":{"line":55,"column":10},"end":{"line":55,"column":32}},"type":"cond-expr","locations":[{"start":{"line":55,"column":24},"end":{"line":55,"column":26}},{"start":{"line":55,"column":24},"end":{"line":55,"column":32}}]},"6":{"loc":{"start":{"line":55,"column":10},"end":{"line":55,"column":26}},"type":"binary-expr","locations":[{"start":{"line":55,"column":10},"end":{"line":55,"column":26}},{"start":{"line":55,"column":24},"end":{"line":55,"column":26}}]},"7":{"loc":{"start":{"line":58,"column":38},"end":{"line":58,"column":74}},"type":"binary-expr","locations":[{"start":{"line":58,"column":38},"end":{"line":58,"column":66}},{"start":{"line":58,"column":70},"end":{"line":58,"column":74}}]},"8":{"loc":{"start":{"line":82,"column":39},"end":{"line":82,"column":75}},"type":"binary-expr","locations":[{"start":{"line":82,"column":39},"end":{"line":82,"column":67}},{"start":{"line":82,"column":71},"end":{"line":82,"column":75}}]},"9":{"loc":{"start":{"line":95,"column":6},"end":{"line":107,"column":7}},"type":"if","locations":[{"start":{"line":95,"column":6},"end":{"line":107,"column":7}}]},"10":{"loc":{"start":{"line":95,"column":10},"end":{"line":95,"column":30}},"type":"cond-expr","locations":[{"start":{"line":95,"column":22},"end":{"line":95,"column":24}},{"start":{"line":95,"column":22},"end":{"line":95,"column":30}}]},"11":{"loc":{"start":{"line":95,"column":10},"end":{"line":95,"column":24}},"type":"binary-expr","locations":[{"start":{"line":95,"column":10},"end":{"line":95,"column":24}},{"start":{"line":95,"column":22},"end":{"line":95,"column":24}}]},"12":{"loc":{"start":{"line":112,"column":39},"end":{"line":112,"column":75}},"type":"binary-expr","locations":[{"start":{"line":112,"column":39},"end":{"line":112,"column":67}},{"start":{"line":112,"column":71},"end":{"line":112,"column":75}}]},"13":{"loc":{"start":{"line":122,"column":6},"end":{"line":133,"column":7}},"type":"if","locations":[{"start":{"line":122,"column":6},"end":{"line":133,"column":7}}]},"14":{"loc":{"start":{"line":122,"column":10},"end":{"line":122,"column":30}},"type":"cond-expr","locations":[{"start":{"line":122,"column":22},"end":{"line":122,"column":24}},{"start":{"line":122,"column":22},"end":{"line":122,"column":30}}]},"15":{"loc":{"start":{"line":122,"column":10},"end":{"line":122,"column":24}},"type":"binary-expr","locations":[{"start":{"line":122,"column":10},"end":{"line":122,"column":24}},{"start":{"line":122,"column":22},"end":{"line":122,"column":24}}]},"16":{"loc":{"start":{"line":139,"column":4},"end":{"line":141,"column":5}},"type":"if","locations":[{"start":{"line":139,"column":4},"end":{"line":141,"column":5}}]},"17":{"loc":{"start":{"line":139,"column":8},"end":{"line":139,"column":40}},"type":"binary-expr","locations":[{"start":{"line":139,"column":8},"end":{"line":139,"column":21}},{"start":{"line":139,"column":25},"end":{"line":139,"column":40}}]},"18":{"loc":{"start":{"line":145,"column":4},"end":{"line":147,"column":5}},"type":"if","locations":[{"start":{"line":145,"column":4},"end":{"line":147,"column":5}}]},"19":{"loc":{"start":{"line":151,"column":39},"end":{"line":151,"column":75}},"type":"binary-expr","locations":[{"start":{"line":151,"column":39},"end":{"line":151,"column":67}},{"start":{"line":151,"column":71},"end":{"line":151,"column":75}}]},"20":{"loc":{"start":{"line":154,"column":4},"end":{"line":158,"column":5}},"type":"if","locations":[{"start":{"line":154,"column":4},"end":{"line":158,"column":5}}]},"21":{"loc":{"start":{"line":172,"column":45},"end":{"line":172,"column":70}},"type":"binary-expr","locations":[{"start":{"line":172,"column":45},"end":{"line":172,"column":63}},{"start":{"line":172,"column":67},"end":{"line":172,"column":70}}]},"22":{"loc":{"start":{"line":172,"column":45},"end":{"line":172,"column":63}},"type":"cond-expr","locations":[{"start":{"line":172,"column":57},"end":{"line":172,"column":59}},{"start":{"line":172,"column":57},"end":{"line":172,"column":63}}]},"23":{"loc":{"start":{"line":172,"column":45},"end":{"line":172,"column":59}},"type":"binary-expr","locations":[{"start":{"line":172,"column":45},"end":{"line":172,"column":59}},{"start":{"line":172,"column":57},"end":{"line":172,"column":59}}]},"24":{"loc":{"start":{"line":174,"column":6},"end":{"line":199,"column":7}},"type":"if","locations":[{"start":{"line":174,"column":6},"end":{"line":199,"column":7}},{"start":{"line":197,"column":13},"end":{"line":199,"column":7}}]},"25":{"loc":{"start":{"line":174,"column":10},"end":{"line":174,"column":30}},"type":"cond-expr","locations":[{"start":{"line":174,"column":22},"end":{"line":174,"column":24}},{"start":{"line":174,"column":22},"end":{"line":174,"column":30}}]},"26":{"loc":{"start":{"line":174,"column":10},"end":{"line":174,"column":24}},"type":"binary-expr","locations":[{"start":{"line":174,"column":10},"end":{"line":174,"column":24}},{"start":{"line":174,"column":22},"end":{"line":174,"column":24}}]},"27":{"loc":{"start":{"line":176,"column":38},"end":{"line":176,"column":74}},"type":"binary-expr","locations":[{"start":{"line":176,"column":38},"end":{"line":176,"column":66}},{"start":{"line":176,"column":70},"end":{"line":176,"column":74}}]},"28":{"loc":{"start":{"line":198,"column":14},"end":{"line":198,"column":76}},"type":"binary-expr","locations":[{"start":{"line":198,"column":14},"end":{"line":198,"column":41}},{"start":{"line":198,"column":45},"end":{"line":198,"column":76}}]},"29":{"loc":{"start":{"line":198,"column":14},"end":{"line":198,"column":41}},"type":"cond-expr","locations":[{"start":{"line":198,"column":32},"end":{"line":198,"column":34}},{"start":{"line":198,"column":32},"end":{"line":198,"column":41}}]},"30":{"loc":{"start":{"line":198,"column":14},"end":{"line":198,"column":34}},"type":"binary-expr","locations":[{"start":{"line":198,"column":14},"end":{"line":198,"column":34}},{"start":{"line":198,"column":32},"end":{"line":198,"column":34}}]},"31":{"loc":{"start":{"line":198,"column":14},"end":{"line":198,"column":32}},"type":"cond-expr","locations":[{"start":{"line":198,"column":26},"end":{"line":198,"column":28}},{"start":{"line":198,"column":26},"end":{"line":198,"column":32}}]},"32":{"loc":{"start":{"line":198,"column":14},"end":{"line":198,"column":28}},"type":"binary-expr","locations":[{"start":{"line":198,"column":14},"end":{"line":198,"column":28}},{"start":{"line":198,"column":26},"end":{"line":198,"column":28}}]},"33":{"loc":{"start":{"line":206,"column":4},"end":{"line":227,"column":5}},"type":"if","locations":[{"start":{"line":206,"column":4},"end":{"line":227,"column":5}}]},"34":{"loc":{"start":{"line":206,"column":8},"end":{"line":206,"column":72}},"type":"binary-expr","locations":[{"start":{"line":206,"column":8},"end":{"line":206,"column":46}},{"start":{"line":206,"column":50},"end":{"line":206,"column":72}}]},"35":{"loc":{"start":{"line":244,"column":9},"end":{"line":244,"column":85}},"type":"binary-expr","locations":[{"start":{"line":244,"column":9},"end":{"line":244,"column":24}},{"start":{"line":244,"column":28},"end":{"line":244,"column":85}}]},"36":{"loc":{"start":{"line":247,"column":7},"end":{"line":272,"column":null}},"type":"binary-expr","locations":[{"start":{"line":247,"column":7},"end":{"line":247,"column":19}},{"start":{"line":248,"column":8},"end":{"line":271,"column":null}}]},"37":{"loc":{"start":{"line":251,"column":13},"end":{"line":257,"column":null}},"type":"binary-expr","locations":[{"start":{"line":251,"column":13},"end":{"line":251,"column":37}},{"start":{"line":252,"column":14},"end":{"line":254,"column":null}}]},"38":{"loc":{"start":{"line":260,"column":11},"end":{"line":270,"column":null}},"type":"cond-expr","locations":[{"start":{"line":261,"column":12},"end":{"line":268,"column":14}},{"start":{"line":270,"column":12},"end":{"line":270,"column":64}}]},"39":{"loc":{"start":{"line":264,"column":48},"end":{"line":264,"column":82}},"type":"cond-expr","locations":[{"start":{"line":264,"column":69},"end":{"line":264,"column":77}},{"start":{"line":264,"column":80},"end":{"line":264,"column":82}}]}},"s":{"0":1,"1":1,"2":1,"3":1,"4":1,"5":1,"6":5,"7":5,"8":5,"9":5,"10":0,"11":0,"12":0,"13":0,"14":0,"15":0,"16":0,"17":0,"18":0,"19":0,"20":0,"21":0,"22":5,"23":4,"24":4,"25":4,"26":4,"27":4,"28":0,"29":0,"30":0,"31":0,"32":0,"33":0,"34":0,"35":0,"36":4,"37":5,"38":0,"39":0,"40":0,"41":0,"42":0,"43":0,"44":0,"45":0,"46":0,"47":0,"48":0,"49":0,"50":0,"51":0,"52":5,"53":0,"54":0,"55":0,"56":0,"57":0,"58":0,"59":0,"60":0,"61":0,"62":0,"63":0,"64":0,"65":5,"66":0,"67":0,"68":0,"69":5,"70":4,"71":4,"72":5,"73":0,"74":0,"75":0,"76":0,"77":0,"78":0,"79":0,"80":0,"81":0,"82":0,"83":0,"84":0,"85":0,"86":0,"87":0,"88":0,"89":0,"90":0,"91":0,"92":0,"93":0,"94":0,"95":0,"96":0,"97":0,"98":0,"99":5,"100":0,"101":5,"102":0,"103":0,"104":0,"105":0,"106":0,"107":5,"108":0,"109":1},"f":{"0":5,"1":0,"2":0,"3":0,"4":4,"5":4,"6":0,"7":0,"8":0,"9":0,"10":0,"11":0,"12":0,"13":4,"14":0,"15":0,"16":0,"17":0,"18":0,"19":0,"20":0,"21":0,"22":0},"b":{"0":[0,0],"1":[0],"2":[0,4],"3":[4,4],"4":[0,4],"5":[4,0],"6":[4,4],"7":[0,0],"8":[0,0],"9":[0],"10":[0,0],"11":[0,0],"12":[0,0],"13":[0],"14":[0,0],"15":[0,0],"16":[0],"17":[0,0],"18":[4],"19":[0,0],"20":[0],"21":[0,0],"22":[0,0],"23":[0,0],"24":[0,0],"25":[0,0],"26":[0,0],"27":[0,0],"28":[0,0],"29":[0,0],"30":[0,0],"31":[0,0],"32":[0,0],"33":[0],"34":[0,0],"35":[5,0],"36":[5,0],"37":[0,0],"38":[0,0],"39":[0,0]}}
,"/home/idenev/workspace/ToDoList/ui/src/context/AuthContext.tsx": {"path":"/home/idenev/workspace/ToDoList/ui/src/context/AuthContext.tsx","statementMap":{"0":{"start":{"line":1,"column":0},"end":{"line":1,"column":72}},"1":{"start":{"line":13,"column":13},"end":{"line":13,"column":81}},"2":{"start":{"line":19,"column":27},"end":{"line":30,"column":1}},"3":{"start":{"line":20,"column":4},"end":{"line":29,"column":5}},"4":{"start":{"line":22,"column":12},"end":{"line":22,"column":44}},"5":{"start":{"line":24,"column":12},"end":{"line":24,"column":34}},"6":{"start":{"line":26,"column":12},"end":{"line":26,"column":34}},"7":{"start":{"line":28,"column":12},"end":{"line":28,"column":25}},"8":{"start":{"line":19,"column":13},"end":{"line":19,"column":27}},"9":{"start":{"line":36,"column":35},"end":{"line":54,"column":1}},"10":{"start":{"line":37,"column":30},"end":{"line":39,"column":6}},"11":{"start":{"line":42,"column":4},"end":{"line":47,"column":11}},"12":{"start":{"line":43,"column":21},"end":{"line":43,"column":71}},"13":{"start":{"line":44,"column":8},"end":{"line":46,"column":9}},"14":{"start":{"line":45,"column":12},"end":{"line":45,"column":55}},"15":{"start":{"line":49,"column":4},"end":{"line":53,"column":6}},"16":{"start":{"line":36,"column":13},"end":{"line":36,"column":35}},"17":{"start":{"line":56,"column":0},"end":{"line":56,"column":35}}},"fnMap":{"0":{"name":"(anonymous_0)","decl":{"start":{"line":19,"column":27},"end":{"line":19,"column":28}},"loc":{"start":{"line":19,"column":79},"end":{"line":30,"column":1}}},"1":{"name":"(anonymous_1)","decl":{"start":{"line":36,"column":35},"end":{"line":36,"column":36}},"loc":{"start":{"line":36,"column":78},"end":{"line":54,"column":1}}},"2":{"name":"(anonymous_2)","decl":{"start":{"line":42,"column":14},"end":{"line":42,"column":17}},"loc":{"start":{"line":42,"column":19},"end":{"line":47,"column":5}}}},"branchMap":{"0":{"loc":{"start":{"line":20,"column":4},"end":{"line":29,"column":5}},"type":"switch","locations":[{"start":{"line":21,"column":8},"end":{"line":22,"column":44}},{"start":{"line":23,"column":8},"end":{"line":24,"column":34}},{"start":{"line":25,"column":8},"end":{"line":26,"column":34}},{"start":{"line":27,"column":8},"end":{"line":28,"column":25}}]},"1":{"loc":{"start":{"line":43,"column":32},"end":{"line":43,"column":70}},"type":"binary-expr","locations":[{"start":{"line":43,"column":32},"end":{"line":43,"column":60}},{"start":{"line":43,"column":64},"end":{"line":43,"column":70}}]},"2":{"loc":{"start":{"line":44,"column":8},"end":{"line":46,"column":9}},"type":"if","locations":[{"start":{"line":44,"column":8},"end":{"line":46,"column":9}}]}},"s":{"0":1,"1":1,"2":1,"3":6,"4":4,"5":1,"6":1,"7":0,"8":1,"9":1,"10":9,"11":9,"12":4,"13":4,"14":4,"15":9,"16":1,"17":1},"f":{"0":6,"1":9,"2":4},"b":{"0":[4,1,1,0],"1":[4,0],"2":[4]}}
,"/home/idenev/workspace/ToDoList/ui/src/hooks/useAuthContext.tsx": {"path":"/home/idenev/workspace/ToDoList/ui/src/hooks/useAuthContext.tsx","statementMap":{"0":{"start":{"line":1,"column":0},"end":{"line":1,"column":35}},"1":{"start":{"line":2,"column":0},"end":{"line":2,"column":53}},"2":{"start":{"line":5,"column":23},"end":{"line":13,"column":1}},"3":{"start":{"line":6,"column":20},"end":{"line":6,"column":43}},"4":{"start":{"line":8,"column":4},"end":{"line":10,"column":5}},"5":{"start":{"line":9,"column":8},"end":{"line":9,"column":81}},"6":{"start":{"line":12,"column":4},"end":{"line":12,"column":19}},"7":{"start":{"line":15,"column":0},"end":{"line":15,"column":30}}},"fnMap":{"0":{"name":"(anonymous_0)","decl":{"start":{"line":5,"column":23},"end":{"line":5,"column":26}},"loc":{"start":{"line":5,"column":28},"end":{"line":13,"column":1}}}},"branchMap":{"0":{"loc":{"start":{"line":8,"column":4},"end":{"line":10,"column":5}},"type":"if","locations":[{"start":{"line":8,"column":4},"end":{"line":10,"column":5}}]}},"s":{"0":1,"1":1,"2":1,"3":35,"4":35,"5":0,"6":35,"7":1},"f":{"0":35},"b":{"0":[0]}}
,"/home/idenev/workspace/ToDoList/ui/src/hooks/useLogOut.tsx": {"path":"/home/idenev/workspace/ToDoList/ui/src/hooks/useLogOut.tsx","statementMap":{"0":{"start":{"line":3,"column":0},"end":{"line":3,"column":16}},"1":{"start":{"line":1,"column":0},"end":{"line":1,"column":48}},"2":{"start":{"line":4,"column":23},"end":{"line":4,"column":39}},"3":{"start":{"line":7,"column":19},"end":{"line":12,"column":5}},"4":{"start":{"line":8,"column":8},"end":{"line":8,"column":40}},"5":{"start":{"line":9,"column":8},"end":{"line":9,"column":35}},"6":{"start":{"line":10,"column":8},"end":{"line":10,"column":46}},"7":{"start":{"line":13,"column":4},"end":{"line":13,"column":20}}},"fnMap":{"0":{"name":"useLogOut","decl":{"start":{"line":3,"column":16},"end":{"line":3,"column":25}},"loc":{"start":{"line":3,"column":25},"end":{"line":14,"column":1}}},"1":{"name":"(anonymous_2)","decl":{"start":{"line":7,"column":19},"end":{"line":7,"column":22}},"loc":{"start":{"line":7,"column":24},"end":{"line":12,"column":5}}}},"branchMap":{},"s":{"0":1,"1":1,"2":10,"3":10,"4":1,"5":1,"6":1,"7":10},"f":{"0":10,"1":1},"b":{}}
,"/home/idenev/workspace/ToDoList/ui/src/modals/EditUserModal.tsx": {"path":"/home/idenev/workspace/ToDoList/ui/src/modals/EditUserModal.tsx","statementMap":{"0":{"start":{"line":1,"column":0},"end":{"line":1,"column":33}},"1":{"start":{"line":2,"column":0},"end":{"line":2,"column":26}},"2":{"start":{"line":3,"column":0},"end":{"line":3,"column":53}},"3":{"start":{"line":4,"column":0},"end":{"line":4,"column":39}},"4":{"start":{"line":5,"column":0},"end":{"line":5,"column":40}},"5":{"start":{"line":17,"column":26},"end":{"line":17,"column":58}},"6":{"start":{"line":18,"column":28},"end":{"line":18,"column":61}},"7":{"start":{"line":19,"column":34},"end":{"line":19,"column":46}},"8":{"start":{"line":20,"column":28},"end":{"line":20,"column":40}},"9":{"start":{"line":21,"column":23},"end":{"line":21,"column":39}},"10":{"start":{"line":23,"column":17},"end":{"line":23,"column":28}},"11":{"start":{"line":25,"column":2},"end":{"line":25,"column":27}},"12":{"start":{"line":25,"column":15},"end":{"line":25,"column":27}},"13":{"start":{"line":28,"column":4},"end":{"line":28,"column":23}},"14":{"start":{"line":29,"column":4},"end":{"line":29,"column":17}},"15":{"start":{"line":30,"column":28},"end":{"line":30,"column":76}},"16":{"start":{"line":32,"column":4},"end":{"line":83,"column":5}},"17":{"start":{"line":33,"column":23},"end":{"line":36,"column":null}},"18":{"start":{"line":40,"column":23},"end":{"line":43,"column":null}},"19":{"start":{"line":45,"column":6},"end":{"line":45,"column":64}},"20":{"start":{"line":46,"column":6},"end":{"line":46,"column":56}},"21":{"start":{"line":48,"column":6},"end":{"line":48,"column":16}},"22":{"start":{"line":50,"column":6},"end":{"line":82,"column":7}},"23":{"start":{"line":51,"column":8},"end":{"line":79,"column":9}},"24":{"start":{"line":52,"column":34},"end":{"line":54,"column":12}},"25":{"start":{"line":57,"column":27},"end":{"line":60,"column":null}},"26":{"start":{"line":63,"column":27},"end":{"line":67,"column":null}},"27":{"start":{"line":69,"column":10},"end":{"line":69,"column":68}},"28":{"start":{"line":70,"column":10},"end":{"line":70,"column":60}},"29":{"start":{"line":72,"column":10},"end":{"line":72,"column":20}},"30":{"start":{"line":74,"column":10},"end":{"line":78,"column":11}},"31":{"start":{"line":75,"column":12},"end":{"line":75,"column":55}},"32":{"start":{"line":77,"column":12},"end":{"line":77,"column":61}},"33":{"start":{"line":81,"column":8},"end":{"line":81,"column":81}},"34":{"start":{"line":86,"column":2},"end":{"line":126,"column":4}},"35":{"start":{"line":88,"column":51},"end":{"line":88,"column":70}},"36":{"start":{"line":96,"column":31},"end":{"line":96,"column":54}},"37":{"start":{"line":105,"column":31},"end":{"line":105,"column":55}},"38":{"start":{"line":114,"column":31},"end":{"line":114,"column":58}},"39":{"start":{"line":129,"column":0},"end":{"line":129,"column":29}}},"fnMap":{"0":{"name":"EditUserModal","decl":{"start":{"line":16,"column":9},"end":{"line":16,"column":22}},"loc":{"start":{"line":16,"column":75},"end":{"line":127,"column":1}}},"1":{"name":"handleSubmit","decl":{"start":{"line":27,"column":17},"end":{"line":27,"column":29}},"loc":{"start":{"line":27,"column":48},"end":{"line":84,"column":null}}},"2":{"name":"(anonymous_11)","decl":{"start":{"line":88,"column":46},"end":{"line":88,"column":47}},"loc":{"start":{"line":88,"column":51},"end":{"line":88,"column":70}}},"3":{"name":"(anonymous_12)","decl":{"start":{"line":96,"column":24},"end":{"line":96,"column":25}},"loc":{"start":{"line":96,"column":31},"end":{"line":96,"column":54}}},"4":{"name":"(anonymous_13)","decl":{"start":{"line":105,"column":24},"end":{"line":105,"column":25}},"loc":{"start":{"line":105,"column":31},"end":{"line":105,"column":55}}},"5":{"name":"(anonymous_14)","decl":{"start":{"line":114,"column":24},"end":{"line":114,"column":25}},"loc":{"start":{"line":114,"column":31},"end":{"line":114,"column":58}}}},"branchMap":{"0":{"loc":{"start":{"line":17,"column":35},"end":{"line":17,"column":57}},"type":"binary-expr","locations":[{"start":{"line":17,"column":35},"end":{"line":17,"column":51}},{"start":{"line":17,"column":55},"end":{"line":17,"column":57}}]},"1":{"loc":{"start":{"line":18,"column":37},"end":{"line":18,"column":60}},"type":"binary-expr","locations":[{"start":{"line":18,"column":37},"end":{"line":18,"column":54}},{"start":{"line":18,"column":58},"end":{"line":18,"column":60}}]},"2":{"loc":{"start":{"line":25,"column":2},"end":{"line":25,"column":27}},"type":"if","locations":[{"start":{"line":25,"column":2},"end":{"line":25,"column":27}}]},"3":{"loc":{"start":{"line":30,"column":39},"end":{"line":30,"column":75}},"type":"binary-expr","locations":[{"start":{"line":30,"column":39},"end":{"line":30,"column":67}},{"start":{"line":30,"column":71},"end":{"line":30,"column":75}}]},"4":{"loc":{"start":{"line":50,"column":6},"end":{"line":82,"column":7}},"type":"if","locations":[{"start":{"line":50,"column":6},"end":{"line":82,"column":7}},{"start":{"line":80,"column":13},"end":{"line":82,"column":7}}]},"5":{"loc":{"start":{"line":50,"column":10},"end":{"line":50,"column":30}},"type":"cond-expr","locations":[{"start":{"line":50,"column":22},"end":{"line":50,"column":24}},{"start":{"line":50,"column":22},"end":{"line":50,"column":30}}]},"6":{"loc":{"start":{"line":50,"column":10},"end":{"line":50,"column":24}},"type":"binary-expr","locations":[{"start":{"line":50,"column":10},"end":{"line":50,"column":24}},{"start":{"line":50,"column":22},"end":{"line":50,"column":24}}]},"7":{"loc":{"start":{"line":74,"column":10},"end":{"line":78,"column":11}},"type":"if","locations":[{"start":{"line":74,"column":10},"end":{"line":78,"column":11}},{"start":{"line":76,"column":17},"end":{"line":78,"column":11}}]},"8":{"loc":{"start":{"line":74,"column":14},"end":{"line":74,"column":48}},"type":"cond-expr","locations":[{"start":{"line":74,"column":39},"end":{"line":74,"column":41}},{"start":{"line":74,"column":39},"end":{"line":74,"column":48}}]},"9":{"loc":{"start":{"line":74,"column":14},"end":{"line":74,"column":41}},"type":"binary-expr","locations":[{"start":{"line":74,"column":14},"end":{"line":74,"column":41}},{"start":{"line":74,"column":39},"end":{"line":74,"column":41}}]},"10":{"loc":{"start":{"line":74,"column":14},"end":{"line":74,"column":39}},"type":"cond-expr","locations":[{"start":{"line":74,"column":33},"end":{"line":74,"column":35}},{"start":{"line":74,"column":33},"end":{"line":74,"column":39}}]},"11":{"loc":{"start":{"line":74,"column":14},"end":{"line":74,"column":35}},"type":"binary-expr","locations":[{"start":{"line":74,"column":14},"end":{"line":74,"column":35}},{"start":{"line":74,"column":33},"end":{"line":74,"column":35}}]},"12":{"loc":{"start":{"line":81,"column":17},"end":{"line":81,"column":79}},"type":"binary-expr","locations":[{"start":{"line":81,"column":17},"end":{"line":81,"column":44}},{"start":{"line":81,"column":48},"end":{"line":81,"column":79}}]},"13":{"loc":{"start":{"line":81,"column":17},"end":{"line":81,"column":44}},"type":"cond-expr","locations":[{"start":{"line":81,"column":35},"end":{"line":81,"column":37}},{"start":{"line":81,"column":35},"end":{"line":81,"column":44}}]},"14":{"loc":{"start":{"line":81,"column":17},"end":{"line":81,"column":37}},"type":"binary-expr","locations":[{"start":{"line":81,"column":17},"end":{"line":81,"column":37}},{"start":{"line":81,"column":35},"end":{"line":81,"column":37}}]},"15":{"loc":{"start":{"line":81,"column":17},"end":{"line":81,"column":35}},"type":"cond-expr","locations":[{"start":{"line":81,"column":29},"end":{"line":81,"column":31}},{"start":{"line":81,"column":29},"end":{"line":81,"column":35}}]},"16":{"loc":{"start":{"line":81,"column":17},"end":{"line":81,"column":31}},"type":"binary-expr","locations":[{"start":{"line":81,"column":17},"end":{"line":81,"column":31}},{"start":{"line":81,"column":29},"end":{"line":81,"column":31}}]},"17":{"loc":{"start":{"line":118,"column":11},"end":{"line":118,"column":64}},"type":"binary-expr","locations":[{"start":{"line":118,"column":11},"end":{"line":118,"column":16}},{"start":{"line":118,"column":20},"end":{"line":118,"column":64}}]}},"s":{"0":1,"1":1,"2":1,"3":1,"4":1,"5":10,"6":10,"7":10,"8":10,"9":10,"10":10,"11":10,"12":10,"13":0,"14":0,"15":0,"16":0,"17":0,"18":0,"19":0,"20":0,"21":0,"22":0,"23":0,"24":0,"25":0,"26":0,"27":0,"28":0,"29":0,"30":0,"31":0,"32":0,"33":0,"34":0,"35":0,"36":0,"37":0,"38":0,"39":1},"f":{"0":10,"1":0,"2":0,"3":0,"4":0,"5":0},"b":{"0":[10,10],"1":[10,5],"2":[10],"3":[0,0],"4":[0,0],"5":[0,0],"6":[0,0],"7":[0,0],"8":[0,0],"9":[0,0],"10":[0,0],"11":[0,0],"12":[0,0],"13":[0,0],"14":[0,0],"15":[0,0],"16":[0,0],"17":[0,0]}}
,"/home/idenev/workspace/ToDoList/ui/src/modals/FriendRequestModal.tsx": {"path":"/home/idenev/workspace/ToDoList/ui/src/modals/FriendRequestModal.tsx","statementMap":{"0":{"start":{"line":1,"column":0},"end":{"line":1,"column":33}},"1":{"start":{"line":2,"column":0},"end":{"line":2,"column":26}},"2":{"start":{"line":3,"column":0},"end":{"line":3,"column":44}},"3":{"start":{"line":4,"column":0},"end":{"line":4,"column":40}},"4":{"start":{"line":12,"column":28},"end":{"line":12,"column":40}},"5":{"start":{"line":13,"column":28},"end":{"line":13,"column":40}},"6":{"start":{"line":14,"column":44},"end":{"line":14,"column":63}},"7":{"start":{"line":16,"column":17},"end":{"line":16,"column":28}},"8":{"start":{"line":18,"column":2},"end":{"line":18,"column":27}},"9":{"start":{"line":18,"column":15},"end":{"line":18,"column":27}},"10":{"start":{"line":21,"column":28},"end":{"line":21,"column":76}},"11":{"start":{"line":22,"column":25},"end":{"line":22,"column":53}},"12":{"start":{"line":24,"column":4},"end":{"line":27,"column":5}},"13":{"start":{"line":25,"column":6},"end":{"line":25,"column":48}},"14":{"start":{"line":26,"column":6},"end":{"line":26,"column":56}},"15":{"start":{"line":29,"column":4},"end":{"line":40,"column":9}},"16":{"start":{"line":32,"column":31},"end":{"line":32,"column":45}},"17":{"start":{"line":33,"column":8},"end":{"line":33,"column":47}},"18":{"start":{"line":34,"column":8},"end":{"line":34,"column":70}},"19":{"start":{"line":35,"column":8},"end":{"line":35,"column":30}},"20":{"start":{"line":38,"column":8},"end":{"line":38,"column":54}},"21":{"start":{"line":39,"column":8},"end":{"line":39,"column":18}},"22":{"start":{"line":43,"column":23},"end":{"line":83,"column":4}},"23":{"start":{"line":43,"column":34},"end":{"line":83,"column":4}},"24":{"start":{"line":44,"column":28},"end":{"line":44,"column":76}},"25":{"start":{"line":45,"column":24},"end":{"line":45,"column":45}},"26":{"start":{"line":47,"column":4},"end":{"line":82,"column":5}},"27":{"start":{"line":48,"column":23},"end":{"line":53,"column":null}},"28":{"start":{"line":55,"column":6},"end":{"line":55,"column":38}},"29":{"start":{"line":56,"column":6},"end":{"line":56,"column":19}},"30":{"start":{"line":58,"column":6},"end":{"line":81,"column":7}},"31":{"start":{"line":59,"column":8},"end":{"line":76,"column":13}},"32":{"start":{"line":61,"column":12},"end":{"line":67,"column":14}},"33":{"start":{"line":70,"column":12},"end":{"line":70,"column":44}},"34":{"start":{"line":71,"column":12},"end":{"line":71,"column":25}},"35":{"start":{"line":74,"column":12},"end":{"line":74,"column":68}},"36":{"start":{"line":75,"column":12},"end":{"line":75,"column":61}},"37":{"start":{"line":78,"column":8},"end":{"line":78,"column":44}},"38":{"start":{"line":79,"column":8},"end":{"line":79,"column":76}},"39":{"start":{"line":80,"column":8},"end":{"line":80,"column":29}},"40":{"start":{"line":85,"column":28},"end":{"line":122,"column":4}},"41":{"start":{"line":85,"column":59},"end":{"line":122,"column":4}},"42":{"start":{"line":86,"column":28},"end":{"line":86,"column":76}},"43":{"start":{"line":87,"column":24},"end":{"line":87,"column":45}},"44":{"start":{"line":89,"column":4},"end":{"line":121,"column":5}},"45":{"start":{"line":90,"column":6},"end":{"line":96,"column":8}},"46":{"start":{"line":97,"column":6},"end":{"line":97,"column":49}},"47":{"start":{"line":99,"column":6},"end":{"line":120,"column":7}},"48":{"start":{"line":100,"column":8},"end":{"line":116,"column":13}},"49":{"start":{"line":102,"column":12},"end":{"line":108,"column":14}},"50":{"start":{"line":111,"column":12},"end":{"line":111,"column":55}},"51":{"start":{"line":114,"column":12},"end":{"line":114,"column":68}},"52":{"start":{"line":115,"column":12},"end":{"line":115,"column":58}},"53":{"start":{"line":118,"column":8},"end":{"line":118,"column":50}},"54":{"start":{"line":119,"column":8},"end":{"line":119,"column":77}},"55":{"start":{"line":124,"column":2},"end":{"line":159,"column":4}},"56":{"start":{"line":126,"column":51},"end":{"line":126,"column":70}},"57":{"start":{"line":133,"column":29},"end":{"line":133,"column":53}},"58":{"start":{"line":142,"column":12},"end":{"line":142,"column":32}},"59":{"start":{"line":147,"column":37},"end":{"line":147,"column":64}},"60":{"start":{"line":162,"column":0},"end":{"line":162,"column":34}}},"fnMap":{"0":{"name":"FriendRequestModal","decl":{"start":{"line":11,"column":9},"end":{"line":11,"column":27}},"loc":{"start":{"line":11,"column":72},"end":{"line":160,"column":1}}},"1":{"name":"refreshAccessToken","decl":{"start":{"line":20,"column":11},"end":{"line":20,"column":29}},"loc":{"start":{"line":20,"column":29},"end":{"line":41,"column":3}}},"2":{"name":"(anonymous_10)","decl":{"start":{"line":31,"column":12},"end":{"line":31,"column":13}},"loc":{"start":{"line":31,"column":20},"end":{"line":36,"column":7}}},"3":{"name":"(anonymous_11)","decl":{"start":{"line":37,"column":13},"end":{"line":37,"column":14}},"loc":{"start":{"line":37,"column":21},"end":{"line":40,"column":7}}},"4":{"name":"(anonymous_12)","decl":{"start":{"line":43,"column":23},"end":{"line":43,"column":32}},"loc":{"start":{"line":43,"column":34},"end":{"line":83,"column":4}}},"5":{"name":"(anonymous_13)","decl":{"start":{"line":43,"column":34},"end":{"line":43,"column":null}},"loc":{"start":{"line":43,"column":34},"end":{"line":83,"column":3}}},"6":{"name":"(anonymous_14)","decl":{"start":{"line":60,"column":16},"end":{"line":60,"column":17}},"loc":{"start":{"line":60,"column":29},"end":{"line":68,"column":11}}},"7":{"name":"(anonymous_15)","decl":{"start":{"line":69,"column":16},"end":{"line":69,"column":17}},"loc":{"start":{"line":69,"column":29},"end":{"line":72,"column":11}}},"8":{"name":"(anonymous_16)","decl":{"start":{"line":73,"column":17},"end":{"line":73,"column":18}},"loc":{"start":{"line":73,"column":32},"end":{"line":76,"column":11}}},"9":{"name":"(anonymous_17)","decl":{"start":{"line":85,"column":28},"end":{"line":85,"column":35}},"loc":{"start":{"line":85,"column":59},"end":{"line":122,"column":4}}},"10":{"name":"(anonymous_18)","decl":{"start":{"line":85,"column":59},"end":{"line":85,"column":null}},"loc":{"start":{"line":85,"column":59},"end":{"line":122,"column":3}}},"11":{"name":"(anonymous_19)","decl":{"start":{"line":101,"column":16},"end":{"line":101,"column":17}},"loc":{"start":{"line":101,"column":29},"end":{"line":109,"column":11}}},"12":{"name":"(anonymous_20)","decl":{"start":{"line":110,"column":16},"end":{"line":110,"column":19}},"loc":{"start":{"line":110,"column":21},"end":{"line":112,"column":11}}},"13":{"name":"(anonymous_21)","decl":{"start":{"line":113,"column":17},"end":{"line":113,"column":18}},"loc":{"start":{"line":113,"column":32},"end":{"line":116,"column":11}}},"14":{"name":"(anonymous_22)","decl":{"start":{"line":126,"column":46},"end":{"line":126,"column":47}},"loc":{"start":{"line":126,"column":51},"end":{"line":126,"column":70}}},"15":{"name":"(anonymous_23)","decl":{"start":{"line":133,"column":22},"end":{"line":133,"column":23}},"loc":{"start":{"line":133,"column":29},"end":{"line":133,"column":53}}},"16":{"name":"(anonymous_24)","decl":{"start":{"line":141,"column":29},"end":{"line":141,"column":33}},"loc":{"start":{"line":142,"column":12},"end":{"line":142,"column":32}}},"17":{"name":"(anonymous_25)","decl":{"start":{"line":147,"column":31},"end":{"line":147,"column":34}},"loc":{"start":{"line":147,"column":37},"end":{"line":147,"column":64}}}},"branchMap":{"0":{"loc":{"start":{"line":18,"column":2},"end":{"line":18,"column":27}},"type":"if","locations":[{"start":{"line":18,"column":2},"end":{"line":18,"column":27}}]},"1":{"loc":{"start":{"line":21,"column":39},"end":{"line":21,"column":75}},"type":"binary-expr","locations":[{"start":{"line":21,"column":39},"end":{"line":21,"column":67}},{"start":{"line":21,"column":71},"end":{"line":21,"column":75}}]},"2":{"loc":{"start":{"line":24,"column":4},"end":{"line":27,"column":5}},"type":"if","locations":[{"start":{"line":24,"column":4},"end":{"line":27,"column":5}}]},"3":{"loc":{"start":{"line":44,"column":39},"end":{"line":44,"column":75}},"type":"binary-expr","locations":[{"start":{"line":44,"column":39},"end":{"line":44,"column":67}},{"start":{"line":44,"column":71},"end":{"line":44,"column":75}}]},"4":{"loc":{"start":{"line":58,"column":6},"end":{"line":81,"column":7}},"type":"if","locations":[{"start":{"line":58,"column":6},"end":{"line":81,"column":7}},{"start":{"line":77,"column":13},"end":{"line":81,"column":7}}]},"5":{"loc":{"start":{"line":58,"column":10},"end":{"line":58,"column":30}},"type":"cond-expr","locations":[{"start":{"line":58,"column":22},"end":{"line":58,"column":24}},{"start":{"line":58,"column":22},"end":{"line":58,"column":30}}]},"6":{"loc":{"start":{"line":58,"column":10},"end":{"line":58,"column":24}},"type":"binary-expr","locations":[{"start":{"line":58,"column":10},"end":{"line":58,"column":24}},{"start":{"line":58,"column":22},"end":{"line":58,"column":24}}]},"7":{"loc":{"start":{"line":79,"column":17},"end":{"line":79,"column":74}},"type":"binary-expr","locations":[{"start":{"line":79,"column":17},"end":{"line":79,"column":44}},{"start":{"line":79,"column":48},"end":{"line":79,"column":74}}]},"8":{"loc":{"start":{"line":79,"column":17},"end":{"line":79,"column":44}},"type":"cond-expr","locations":[{"start":{"line":79,"column":35},"end":{"line":79,"column":37}},{"start":{"line":79,"column":35},"end":{"line":79,"column":44}}]},"9":{"loc":{"start":{"line":79,"column":17},"end":{"line":79,"column":37}},"type":"binary-expr","locations":[{"start":{"line":79,"column":17},"end":{"line":79,"column":37}},{"start":{"line":79,"column":35},"end":{"line":79,"column":37}}]},"10":{"loc":{"start":{"line":79,"column":17},"end":{"line":79,"column":35}},"type":"cond-expr","locations":[{"start":{"line":79,"column":29},"end":{"line":79,"column":31}},{"start":{"line":79,"column":29},"end":{"line":79,"column":35}}]},"11":{"loc":{"start":{"line":79,"column":17},"end":{"line":79,"column":31}},"type":"binary-expr","locations":[{"start":{"line":79,"column":17},"end":{"line":79,"column":31}},{"start":{"line":79,"column":29},"end":{"line":79,"column":31}}]},"12":{"loc":{"start":{"line":86,"column":39},"end":{"line":86,"column":75}},"type":"binary-expr","locations":[{"start":{"line":86,"column":39},"end":{"line":86,"column":67}},{"start":{"line":86,"column":71},"end":{"line":86,"column":75}}]},"13":{"loc":{"start":{"line":99,"column":6},"end":{"line":120,"column":7}},"type":"if","locations":[{"start":{"line":99,"column":6},"end":{"line":120,"column":7}},{"start":{"line":117,"column":13},"end":{"line":120,"column":7}}]},"14":{"loc":{"start":{"line":99,"column":10},"end":{"line":99,"column":30}},"type":"cond-expr","locations":[{"start":{"line":99,"column":22},"end":{"line":99,"column":24}},{"start":{"line":99,"column":22},"end":{"line":99,"column":30}}]},"15":{"loc":{"start":{"line":99,"column":10},"end":{"line":99,"column":24}},"type":"binary-expr","locations":[{"start":{"line":99,"column":10},"end":{"line":99,"column":24}},{"start":{"line":99,"column":22},"end":{"line":99,"column":24}}]},"16":{"loc":{"start":{"line":119,"column":14},"end":{"line":119,"column":75}},"type":"binary-expr","locations":[{"start":{"line":119,"column":14},"end":{"line":119,"column":41}},{"start":{"line":119,"column":45},"end":{"line":119,"column":75}}]},"17":{"loc":{"start":{"line":119,"column":14},"end":{"line":119,"column":41}},"type":"cond-expr","locations":[{"start":{"line":119,"column":32},"end":{"line":119,"column":34}},{"start":{"line":119,"column":32},"end":{"line":119,"column":41}}]},"18":{"loc":{"start":{"line":119,"column":14},"end":{"line":119,"column":34}},"type":"binary-expr","locations":[{"start":{"line":119,"column":14},"end":{"line":119,"column":34}},{"start":{"line":119,"column":32},"end":{"line":119,"column":34}}]},"19":{"loc":{"start":{"line":119,"column":14},"end":{"line":119,"column":32}},"type":"cond-expr","locations":[{"start":{"line":119,"column":26},"end":{"line":119,"column":28}},{"start":{"line":119,"column":26},"end":{"line":119,"column":32}}]},"20":{"loc":{"start":{"line":119,"column":14},"end":{"line":119,"column":28}},"type":"binary-expr","locations":[{"start":{"line":119,"column":14},"end":{"line":119,"column":28}},{"start":{"line":119,"column":26},"end":{"line":119,"column":28}}]},"21":{"loc":{"start":{"line":138,"column":9},"end":{"line":138,"column":62}},"type":"binary-expr","locations":[{"start":{"line":138,"column":9},"end":{"line":138,"column":14}},{"start":{"line":138,"column":18},"end":{"line":138,"column":62}}]}},"s":{"0":1,"1":1,"2":1,"3":1,"4":10,"5":10,"6":10,"7":10,"8":10,"9":10,"10":0,"11":0,"12":0,"13":0,"14":0,"15":0,"16":0,"17":0,"18":0,"19":0,"20":0,"21":0,"22":0,"23":0,"24":0,"25":0,"26":0,"27":0,"28":0,"29":0,"30":0,"31":0,"32":0,"33":0,"34":0,"35":0,"36":0,"37":0,"38":0,"39":0,"40":0,"41":0,"42":0,"43":0,"44":0,"45":0,"46":0,"47":0,"48":0,"49":0,"50":0,"51":0,"52":0,"53":0,"54":0,"55":0,"56":0,"57":0,"58":0,"59":0,"60":1},"f":{"0":10,"1":0,"2":0,"3":0,"4":0,"5":0,"6":0,"7":0,"8":0,"9":0,"10":0,"11":0,"12":0,"13":0,"14":0,"15":0,"16":0,"17":0},"b":{"0":[10],"1":[0,0],"2":[0],"3":[0,0],"4":[0,0],"5":[0,0],"6":[0,0],"7":[0,0],"8":[0,0],"9":[0,0],"10":[0,0],"11":[0,0],"12":[0,0],"13":[0,0],"14":[0,0],"15":[0,0],"16":[0,0],"17":[0,0],"18":[0,0],"19":[0,0],"20":[0,0],"21":[0,0]}}
,"/home/idenev/workspace/ToDoList/ui/src/modals/FriendsListModal.tsx": {"path":"/home/idenev/workspace/ToDoList/ui/src/modals/FriendsListModal.tsx","statementMap":{"0":{"start":{"line":1,"column":0},"end":{"line":1,"column":44}},"1":{"start":{"line":2,"column":0},"end":{"line":2,"column":26}},"2":{"start":{"line":3,"column":0},"end":{"line":3,"column":42}},"3":{"start":{"line":4,"column":0},"end":{"line":4,"column":40}},"4":{"start":{"line":17,"column":32},"end":{"line":17,"column":54}},"5":{"start":{"line":18,"column":28},"end":{"line":18,"column":40}},"6":{"start":{"line":19,"column":17},"end":{"line":19,"column":28}},"7":{"start":{"line":21,"column":2},"end":{"line":25,"column":15}},"8":{"start":{"line":22,"column":4},"end":{"line":24,"column":5}},"9":{"start":{"line":23,"column":6},"end":{"line":23,"column":21}},"10":{"start":{"line":28,"column":28},"end":{"line":28,"column":76}},"11":{"start":{"line":29,"column":4},"end":{"line":57,"column":5}},"12":{"start":{"line":30,"column":23},"end":{"line":32,"column":8}},"13":{"start":{"line":33,"column":6},"end":{"line":33,"column":50}},"14":{"start":{"line":35,"column":6},"end":{"line":56,"column":7}},"15":{"start":{"line":36,"column":8},"end":{"line":53,"column":9}},"16":{"start":{"line":37,"column":34},"end":{"line":39,"column":12}},"17":{"start":{"line":41,"column":27},"end":{"line":43,"column":12}},"18":{"start":{"line":45,"column":27},"end":{"line":47,"column":null}},"19":{"start":{"line":49,"column":10},"end":{"line":49,"column":68}},"20":{"start":{"line":50,"column":10},"end":{"line":50,"column":54}},"21":{"start":{"line":52,"column":10},"end":{"line":52,"column":59}},"22":{"start":{"line":55,"column":8},"end":{"line":55,"column":49}},"23":{"start":{"line":61,"column":28},"end":{"line":61,"column":76}},"24":{"start":{"line":62,"column":4},"end":{"line":91,"column":5}},"25":{"start":{"line":64,"column":6},"end":{"line":66,"column":9}},"26":{"start":{"line":67,"column":6},"end":{"line":67,"column":71}},"27":{"start":{"line":67,"column":42},"end":{"line":67,"column":68}},"28":{"start":{"line":69,"column":6},"end":{"line":90,"column":7}},"29":{"start":{"line":70,"column":8},"end":{"line":87,"column":9}},"30":{"start":{"line":71,"column":34},"end":{"line":73,"column":12}},"31":{"start":{"line":75,"column":10},"end":{"line":77,"column":13}},"32":{"start":{"line":79,"column":27},"end":{"line":81,"column":null}},"33":{"start":{"line":83,"column":10},"end":{"line":83,"column":68}},"34":{"start":{"line":84,"column":10},"end":{"line":84,"column":75}},"35":{"start":{"line":84,"column":46},"end":{"line":84,"column":72}},"36":{"start":{"line":86,"column":10},"end":{"line":86,"column":59}},"37":{"start":{"line":89,"column":8},"end":{"line":89,"column":77}},"38":{"start":{"line":94,"column":2},"end":{"line":94,"column":27}},"39":{"start":{"line":94,"column":15},"end":{"line":94,"column":27}},"40":{"start":{"line":96,"column":2},"end":{"line":117,"column":4}},"41":{"start":{"line":98,"column":51},"end":{"line":98,"column":70}},"42":{"start":{"line":104,"column":14},"end":{"line":104,"column":39}},"43":{"start":{"line":106,"column":60},"end":{"line":106,"column":89}},"44":{"start":{"line":120,"column":0},"end":{"line":120,"column":32}}},"fnMap":{"0":{"name":"FriendsListModal","decl":{"start":{"line":16,"column":9},"end":{"line":16,"column":25}},"loc":{"start":{"line":16,"column":68},"end":{"line":118,"column":1}}},"1":{"name":"(anonymous_9)","decl":{"start":{"line":21,"column":12},"end":{"line":21,"column":15}},"loc":{"start":{"line":21,"column":17},"end":{"line":25,"column":3}}},"2":{"name":"fetchFriends","decl":{"start":{"line":27,"column":17},"end":{"line":27,"column":29}},"loc":{"start":{"line":27,"column":29},"end":{"line":58,"column":null}}},"3":{"name":"unfollowFriend","decl":{"start":{"line":60,"column":17},"end":{"line":60,"column":31}},"loc":{"start":{"line":60,"column":48},"end":{"line":92,"column":null}}},"4":{"name":"(anonymous_14)","decl":{"start":{"line":67,"column":32},"end":{"line":67,"column":38}},"loc":{"start":{"line":67,"column":42},"end":{"line":67,"column":68}}},"5":{"name":"(anonymous_15)","decl":{"start":{"line":84,"column":36},"end":{"line":84,"column":42}},"loc":{"start":{"line":84,"column":46},"end":{"line":84,"column":72}}},"6":{"name":"(anonymous_16)","decl":{"start":{"line":98,"column":46},"end":{"line":98,"column":47}},"loc":{"start":{"line":98,"column":51},"end":{"line":98,"column":70}}},"7":{"name":"(anonymous_17)","decl":{"start":{"line":103,"column":24},"end":{"line":103,"column":25}},"loc":{"start":{"line":104,"column":14},"end":{"line":104,"column":39}}},"8":{"name":"(anonymous_18)","decl":{"start":{"line":106,"column":54},"end":{"line":106,"column":57}},"loc":{"start":{"line":106,"column":60},"end":{"line":106,"column":89}}}},"branchMap":{"0":{"loc":{"start":{"line":22,"column":4},"end":{"line":24,"column":5}},"type":"if","locations":[{"start":{"line":22,"column":4},"end":{"line":24,"column":5}}]},"1":{"loc":{"start":{"line":28,"column":39},"end":{"line":28,"column":75}},"type":"binary-expr","locations":[{"start":{"line":28,"column":39},"end":{"line":28,"column":67}},{"start":{"line":28,"column":71},"end":{"line":28,"column":75}}]},"2":{"loc":{"start":{"line":33,"column":17},"end":{"line":33,"column":48}},"type":"binary-expr","locations":[{"start":{"line":33,"column":17},"end":{"line":33,"column":42}},{"start":{"line":33,"column":46},"end":{"line":33,"column":48}}]},"3":{"loc":{"start":{"line":35,"column":6},"end":{"line":56,"column":7}},"type":"if","locations":[{"start":{"line":35,"column":6},"end":{"line":56,"column":7}},{"start":{"line":54,"column":13},"end":{"line":56,"column":7}}]},"4":{"loc":{"start":{"line":35,"column":10},"end":{"line":35,"column":30}},"type":"cond-expr","locations":[{"start":{"line":35,"column":22},"end":{"line":35,"column":24}},{"start":{"line":35,"column":22},"end":{"line":35,"column":30}}]},"5":{"loc":{"start":{"line":35,"column":10},"end":{"line":35,"column":24}},"type":"binary-expr","locations":[{"start":{"line":35,"column":10},"end":{"line":35,"column":24}},{"start":{"line":35,"column":22},"end":{"line":35,"column":24}}]},"6":{"loc":{"start":{"line":50,"column":21},"end":{"line":50,"column":52}},"type":"binary-expr","locations":[{"start":{"line":50,"column":21},"end":{"line":50,"column":46}},{"start":{"line":50,"column":50},"end":{"line":50,"column":52}}]},"7":{"loc":{"start":{"line":61,"column":39},"end":{"line":61,"column":75}},"type":"binary-expr","locations":[{"start":{"line":61,"column":39},"end":{"line":61,"column":67}},{"start":{"line":61,"column":71},"end":{"line":61,"column":75}}]},"8":{"loc":{"start":{"line":69,"column":6},"end":{"line":90,"column":7}},"type":"if","locations":[{"start":{"line":69,"column":6},"end":{"line":90,"column":7}},{"start":{"line":88,"column":13},"end":{"line":90,"column":7}}]},"9":{"loc":{"start":{"line":69,"column":10},"end":{"line":69,"column":30}},"type":"cond-expr","locations":[{"start":{"line":69,"column":22},"end":{"line":69,"column":24}},{"start":{"line":69,"column":22},"end":{"line":69,"column":30}}]},"10":{"loc":{"start":{"line":69,"column":10},"end":{"line":69,"column":24}},"type":"binary-expr","locations":[{"start":{"line":69,"column":10},"end":{"line":69,"column":24}},{"start":{"line":69,"column":22},"end":{"line":69,"column":24}}]},"11":{"loc":{"start":{"line":89,"column":17},"end":{"line":89,"column":75}},"type":"binary-expr","locations":[{"start":{"line":89,"column":17},"end":{"line":89,"column":44}},{"start":{"line":89,"column":48},"end":{"line":89,"column":75}}]},"12":{"loc":{"start":{"line":89,"column":17},"end":{"line":89,"column":44}},"type":"cond-expr","locations":[{"start":{"line":89,"column":35},"end":{"line":89,"column":37}},{"start":{"line":89,"column":35},"end":{"line":89,"column":44}}]},"13":{"loc":{"start":{"line":89,"column":17},"end":{"line":89,"column":37}},"type":"binary-expr","locations":[{"start":{"line":89,"column":17},"end":{"line":89,"column":37}},{"start":{"line":89,"column":35},"end":{"line":89,"column":37}}]},"14":{"loc":{"start":{"line":89,"column":17},"end":{"line":89,"column":35}},"type":"cond-expr","locations":[{"start":{"line":89,"column":29},"end":{"line":89,"column":31}},{"start":{"line":89,"column":29},"end":{"line":89,"column":35}}]},"15":{"loc":{"start":{"line":89,"column":17},"end":{"line":89,"column":31}},"type":"binary-expr","locations":[{"start":{"line":89,"column":17},"end":{"line":89,"column":31}},{"start":{"line":89,"column":29},"end":{"line":89,"column":31}}]},"16":{"loc":{"start":{"line":94,"column":2},"end":{"line":94,"column":27}},"type":"if","locations":[{"start":{"line":94,"column":2},"end":{"line":94,"column":27}}]},"17":{"loc":{"start":{"line":100,"column":9},"end":{"line":100,"column":62}},"type":"binary-expr","locations":[{"start":{"line":100,"column":9},"end":{"line":100,"column":14}},{"start":{"line":100,"column":18},"end":{"line":100,"column":62}}]},"18":{"loc":{"start":{"line":102,"column":11},"end":{"line":111,"column":null}},"type":"cond-expr","locations":[{"start":{"line":103,"column":12},"end":{"line":109,"column":14}},{"start":{"line":111,"column":12},"end":{"line":111,"column":62}}]}},"s":{"0":1,"1":1,"2":1,"3":1,"4":10,"5":10,"6":10,"7":10,"8":4,"9":0,"10":0,"11":0,"12":0,"13":0,"14":0,"15":0,"16":0,"17":0,"18":0,"19":0,"20":0,"21":0,"22":0,"23":0,"24":0,"25":0,"26":0,"27":0,"28":0,"29":0,"30":0,"31":0,"32":0,"33":0,"34":0,"35":0,"36":0,"37":0,"38":10,"39":10,"40":0,"41":0,"42":0,"43":0,"44":1},"f":{"0":10,"1":4,"2":0,"3":0,"4":0,"5":0,"6":0,"7":0,"8":0},"b":{"0":[0],"1":[0,0],"2":[0,0],"3":[0,0],"4":[0,0],"5":[0,0],"6":[0,0],"7":[0,0],"8":[0,0],"9":[0,0],"10":[0,0],"11":[0,0],"12":[0,0],"13":[0,0],"14":[0,0],"15":[0,0],"16":[10],"17":[0,0],"18":[0,0]}}
}
