TN:
SF:src/components/LogInComponent.tsx
FN:7,LogInComponent
FN:17,handleSubmit
FN:21,(anonymous_3)
FN:33,(anonymous_4)
FN:59,(anonymous_5)
FN:73,(anonymous_6)
FNF:6
FNH:5
FNDA:9,LogInComponent
FNDA:1,handleSubmit
FNDA:1,(anonymous_3)
FNDA:0,(anonymous_4)
FNDA:1,(anonymous_5)
FNDA:1,(anonymous_6)
DA:1,1
DA:2,1
DA:3,1
DA:4,1
DA:5,1
DA:8,9
DA:9,9
DA:10,9
DA:11,9
DA:13,9
DA:15,9
DA:18,1
DA:19,1
DA:22,1
DA:23,1
DA:25,1
DA:28,1
DA:29,1
DA:34,0
DA:35,0
DA:37,0
DA:42,9
DA:59,1
DA:73,1
DA:94,1
LF:25
LH:22
BRDA:22,0,0,1
BRDA:34,1,0,0
BRDA:34,1,1,0
BRDA:77,2,0,9
BRDA:77,2,1,0
BRF:5
BRH:2
end_of_record
TN:
SF:src/components/NavBarComponent.tsx
FN:11,NavBarComponent
FN:19,handleClick
FN:31,(anonymous_3)
FN:37,(anonymous_4)
FN:43,(anonymous_5)
FN:55,(anonymous_6)
FN:81,(anonymous_7)
FN:85,(anonymous_8)
FN:90,(anonymous_9)
FNF:9
FNH:5
FNDA:10,NavBarComponent
FNDA:1,handleClick
FNDA:2,(anonymous_3)
FNDA:1,(anonymous_4)
FNDA:0,(anonymous_5)
FNDA:1,(anonymous_6)
FNDA:0,(anonymous_7)
FNDA:0,(anonymous_8)
FNDA:0,(anonymous_9)
DA:1,1
DA:2,1
DA:3,1
DA:4,1
DA:5,1
DA:6,1
DA:7,1
DA:8,1
DA:9,1
DA:12,10
DA:13,10
DA:14,10
DA:15,10
DA:16,10
DA:17,10
DA:20,1
DA:23,10
DA:31,2
DA:38,1
DA:39,1
DA:44,0
DA:45,0
DA:55,1
DA:81,0
DA:85,0
DA:90,0
DA:97,1
LF:27
LH:22
BRDA:26,0,0,10
BRDA:26,0,1,10
BRDA:35,1,0,10
BRDA:35,1,1,2
BRDA:69,2,0,10
BRDA:69,2,1,0
BRDA:86,3,0,10
BRDA:86,3,1,0
BRF:8
BRH:6
end_of_record
TN:
SF:src/components/NotificationComponent.tsx
FN:18,NotificationIcon
FN:25,refreshAccessToken
FN:36,(anonymous_10)
FN:42,(anonymous_11)
FN:48,(anonymous_12)
FN:48,(anonymous_13)
FN:81,(anonymous_14)
FN:81,(anonymous_15)
FN:93,(anonymous_16)
FN:103,(anonymous_17)
FN:111,(anonymous_18)
FN:111,(anonymous_19)
FN:137,(anonymous_20)
FN:144,(anonymous_21)
FN:150,(anonymous_22)
FN:150,(anonymous_23)
FN:167,(anonymous_24)
FN:191,(anonymous_25)
FN:203,(anonymous_26)
FN:205,(anonymous_27)
FN:214,(anonymous_28)
FN:221,(anonymous_29)
FN:265,(anonymous_30)
FNF:23
FNH:21
FNDA:46,NotificationIcon
FNDA:1,refreshAccessToken
FNDA:1,(anonymous_10)
FNDA:0,(anonymous_11)
FNDA:20,(anonymous_12)
FNDA:20,(anonymous_13)
FNDA:3,(anonymous_14)
FNDA:3,(anonymous_15)
FNDA:4,(anonymous_16)
FNDA:2,(anonymous_17)
FNDA:1,(anonymous_18)
FNDA:1,(anonymous_19)
FNDA:7,(anonymous_20)
FNDA:30,(anonymous_21)
FNDA:2,(anonymous_22)
FNDA:2,(anonymous_23)
FNDA:0,(anonymous_24)
FNDA:2,(anonymous_25)
FNDA:26,(anonymous_26)
FNDA:16,(anonymous_27)
FNDA:1,(anonymous_28)
FNDA:1,(anonymous_29)
FNDA:16,(anonymous_30)
DA:1,2
DA:2,2
DA:3,2
DA:4,2
DA:5,2
DA:6,2
DA:19,46
DA:20,46
DA:21,46
DA:23,46
DA:26,1
DA:27,1
DA:29,1
DA:30,0
DA:31,0
DA:34,1
DA:37,1
DA:38,1
DA:39,1
DA:40,1
DA:43,0
DA:44,0
DA:48,46
DA:49,20
DA:50,20
DA:53,19
DA:55,11
DA:56,1
DA:58,1
DA:59,1
DA:64,1
DA:65,1
DA:68,1
DA:71,1
DA:73,0
DA:76,10
DA:81,46
DA:82,3
DA:83,3
DA:85,3
DA:86,3
DA:93,4
DA:95,1
DA:96,1
DA:97,1
DA:98,1
DA:103,2
DA:105,0
DA:111,46
DA:112,1
DA:113,1
DA:115,1
DA:116,1
DA:120,1
DA:122,0
DA:123,0
DA:124,0
DA:125,0
DA:129,0
DA:131,0
DA:137,46
DA:138,7
DA:139,7
DA:140,3
DA:144,46
DA:145,30
DA:146,20
DA:150,46
DA:151,2
DA:152,2
DA:154,2
DA:155,0
DA:156,0
DA:157,0
DA:160,2
DA:161,2
DA:167,0
DA:170,0
DA:172,2
DA:174,2
DA:175,1
DA:176,1
DA:177,1
DA:181,1
DA:182,1
DA:185,1
DA:191,2
DA:192,1
DA:194,0
DA:195,0
DA:198,1
DA:203,46
DA:205,46
DA:206,16
DA:207,8
DA:214,1
DA:221,1
DA:231,8
DA:239,46
DA:266,16
DA:282,2
LF:101
LH:82
BRDA:26,0,0,1
BRDA:26,0,1,0
BRDA:29,1,0,0
BRDA:51,2,0,0
BRDA:51,2,1,20
BRDA:51,3,0,20
BRDA:51,3,1,20
BRDA:55,4,0,1
BRDA:55,4,1,10
BRDA:55,5,0,10
BRDA:55,5,1,1
BRDA:55,6,0,11
BRDA:55,6,1,11
BRDA:58,7,0,1
BRDA:58,7,1,0
BRDA:82,8,0,3
BRDA:82,8,1,0
BRDA:95,9,0,1
BRDA:95,10,0,0
BRDA:95,10,1,1
BRDA:95,11,0,1
BRDA:95,11,1,1
BRDA:112,12,0,1
BRDA:112,12,1,0
BRDA:122,13,0,0
BRDA:122,14,0,0
BRDA:122,14,1,0
BRDA:122,15,0,0
BRDA:122,15,1,0
BRDA:139,16,0,3
BRDA:139,17,0,7
BRDA:139,17,1,7
BRDA:145,18,0,20
BRDA:151,19,0,2
BRDA:151,19,1,0
BRDA:154,20,0,0
BRDA:172,21,0,2
BRDA:172,21,1,1
BRDA:172,22,0,0
BRDA:172,22,1,2
BRDA:172,23,0,2
BRDA:172,23,1,2
BRDA:174,24,0,1
BRDA:174,24,1,1
BRDA:174,25,0,0
BRDA:174,25,1,2
BRDA:174,26,0,2
BRDA:174,26,1,2
BRDA:176,27,0,1
BRDA:176,27,1,0
BRDA:198,28,0,1
BRDA:198,28,1,0
BRDA:198,29,0,0
BRDA:198,29,1,1
BRDA:198,30,0,1
BRDA:198,30,1,1
BRDA:198,31,0,0
BRDA:198,31,1,1
BRDA:198,32,0,1
BRDA:198,32,1,1
BRDA:206,33,0,8
BRDA:206,34,0,16
BRDA:206,34,1,8
BRDA:248,35,0,46
BRDA:248,35,1,12
BRDA:251,36,0,46
BRDA:251,36,1,11
BRDA:255,37,0,11
BRDA:255,37,1,8
BRDA:264,38,0,8
BRDA:264,38,1,3
BRDA:268,39,0,14
BRDA:268,39,1,2
BRF:73
BRH:53
end_of_record
TN:
SF:src/components/ToDoComponent.tsx
FN:22,ToDoComponent
FN:37,refreshAccessToken
FN:48,(anonymous_3)
FN:57,(anonymous_4)
FN:63,fetchTasks
FN:76,(anonymous_6)
FN:82,(anonymous_7)
FN:85,(anonymous_8)
FN:90,(anonymous_9)
FN:93,(anonymous_10)
FN:102,(anonymous_11)
FN:108,handleOpenModal
FN:112,handleCloseModal
FN:116,handleOpenEditModal
FN:117,(anonymous_15)
FN:127,handleCloseEditModal
FN:134,handleOpenShareModal
FN:139,handleCloseShareModal
FN:144,handleAddTask
FN:154,(anonymous_20)
FN:167,(anonymous_21)
FN:171,(anonymous_22)
FN:174,(anonymous_23)
FN:181,(anonymous_24)
FN:185,(anonymous_25)
FN:194,saveEditedTask
FN:206,(anonymous_27)
FN:234,(anonymous_28)
FN:241,(anonymous_29)
FN:245,(anonymous_30)
FN:254,(anonymous_31)
FN:261,(anonymous_32)
FN:273,handleShareTask
FN:295,(anonymous_34)
FN:300,(anonymous_35)
FN:303,(anonymous_36)
FN:310,(anonymous_37)
FN:315,(anonymous_38)
FN:330,deleteTask
FN:343,(anonymous_40)
FN:345,(anonymous_41)
FN:348,(anonymous_42)
FN:352,(anonymous_43)
FN:357,(anonymous_44)
FN:359,(anonymous_45)
FN:362,(anonymous_46)
FN:374,taskCompleted
FN:383,(anonymous_48)
FN:399,(anonymous_49)
FN:404,(anonymous_50)
FN:408,(anonymous_51)
FN:417,(anonymous_52)
FN:422,(anonymous_53)
FN:434,toggleDescription
FN:435,(anonymous_55)
FN:447,getTaskStatusText
FN:505,(anonymous_57)
FN:507,(anonymous_58)
FN:508,(anonymous_59)
FN:517,(anonymous_60)
FN:531,(anonymous_61)
FN:538,(anonymous_62)
FN:545,(anonymous_63)
FN:560,(anonymous_64)
FN:588,(anonymous_65)
FN:590,(anonymous_66)
FN:591,(anonymous_67)
FN:598,(anonymous_68)
FN:604,(anonymous_69)
FN:618,(anonymous_70)
FNF:70
FNH:42
FNDA:43,ToDoComponent
FNDA:1,refreshAccessToken
FNDA:0,(anonymous_3)
FNDA:1,(anonymous_4)
FNDA:16,fetchTasks
FNDA:15,(anonymous_6)
FNDA:1,(anonymous_7)
FNDA:0,(anonymous_8)
FNDA:0,(anonymous_9)
FNDA:0,(anonymous_10)
FNDA:15,(anonymous_11)
FNDA:6,handleOpenModal
FNDA:1,handleCloseModal
FNDA:1,handleOpenEditModal
FNDA:1,(anonymous_15)
FNDA:1,handleCloseEditModal
FNDA:1,handleOpenShareModal
FNDA:0,handleCloseShareModal
FNDA:5,handleAddTask
FNDA:3,(anonymous_20)
FNDA:1,(anonymous_21)
FNDA:1,(anonymous_22)
FNDA:0,(anonymous_23)
FNDA:0,(anonymous_24)
FNDA:1,(anonymous_25)
FNDA:1,saveEditedTask
FNDA:1,(anonymous_27)
FNDA:1,(anonymous_28)
FNDA:0,(anonymous_29)
FNDA:0,(anonymous_30)
FNDA:0,(anonymous_31)
FNDA:0,(anonymous_32)
FNDA:0,handleShareTask
FNDA:0,(anonymous_34)
FNDA:0,(anonymous_35)
FNDA:0,(anonymous_36)
FNDA:0,(anonymous_37)
FNDA:0,(anonymous_38)
FNDA:1,deleteTask
FNDA:1,(anonymous_40)
FNDA:1,(anonymous_41)
FNDA:0,(anonymous_42)
FNDA:0,(anonymous_43)
FNDA:0,(anonymous_44)
FNDA:0,(anonymous_45)
FNDA:0,(anonymous_46)
FNDA:2,taskCompleted
FNDA:2,(anonymous_48)
FNDA:1,(anonymous_49)
FNDA:1,(anonymous_50)
FNDA:0,(anonymous_51)
FNDA:0,(anonymous_52)
FNDA:0,(anonymous_53)
FNDA:2,toggleDescription
FNDA:2,(anonymous_55)
FNDA:18,getTaskStatusText
FNDA:18,(anonymous_57)
FNDA:17,(anonymous_58)
FNDA:16,(anonymous_59)
FNDA:2,(anonymous_60)
FNDA:1,(anonymous_61)
FNDA:1,(anonymous_62)
FNDA:1,(anonymous_63)
FNDA:2,(anonymous_64)
FNDA:18,(anonymous_65)
FNDA:4,(anonymous_66)
FNDA:2,(anonymous_67)
FNDA:0,(anonymous_68)
FNDA:0,(anonymous_69)
FNDA:0,(anonymous_70)
DA:1,1
DA:2,1
DA:3,1
DA:4,1
DA:5,1
DA:6,1
DA:7,1
DA:8,1
DA:9,1
DA:23,43
DA:24,43
DA:25,43
DA:26,43
DA:27,43
DA:28,43
DA:29,43
DA:30,43
DA:31,43
DA:32,43
DA:33,43
DA:35,43
DA:38,1
DA:39,1
DA:41,1
DA:42,0
DA:43,0
DA:46,1
DA:49,0
DA:52,0
DA:53,0
DA:55,0
DA:58,1
DA:59,1
DA:64,16
DA:65,16
DA:67,16
DA:68,0
DA:69,0
DA:72,16
DA:77,15
DA:80,15
DA:83,1
DA:84,0
DA:86,0
DA:91,0
DA:94,0
DA:97,1
DA:102,43
DA:103,15
DA:104,15
DA:109,6
DA:113,1
DA:117,1
DA:119,1
DA:120,1
DA:121,1
DA:122,1
DA:123,1
DA:128,1
DA:129,1
DA:130,1
DA:131,1
DA:135,1
DA:136,1
DA:140,0
DA:141,0
DA:145,5
DA:146,5
DA:148,5
DA:149,0
DA:150,0
DA:153,5
DA:154,3
DA:156,5
DA:157,3
DA:158,3
DA:161,2
DA:168,1
DA:169,1
DA:172,1
DA:173,1
DA:175,0
DA:182,0
DA:183,0
DA:186,1
DA:189,0
DA:195,1
DA:196,1
DA:198,1
DA:199,0
DA:200,0
DA:203,1
DA:204,1
DA:206,1
DA:207,1
DA:208,0
DA:209,0
DA:212,1
DA:213,0
DA:214,0
DA:217,1
DA:221,0
DA:222,0
DA:223,0
DA:226,1
DA:235,1
DA:236,1
DA:237,1
DA:238,1
DA:239,1
DA:242,0
DA:244,0
DA:246,0
DA:255,0
DA:256,0
DA:257,0
DA:258,0
DA:259,0
DA:262,0
DA:268,0
DA:274,0
DA:275,0
DA:277,0
DA:278,0
DA:279,0
DA:282,0
DA:283,0
DA:284,0
DA:287,0
DA:289,0
DA:296,0
DA:297,0
DA:298,0
DA:301,0
DA:302,0
DA:304,0
DA:311,0
DA:312,0
DA:313,0
DA:316,0
DA:317,0
DA:319,0
DA:322,0
DA:323,0
DA:325,0
DA:331,1
DA:332,1
DA:334,1
DA:335,0
DA:336,0
DA:339,1
DA:345,1
DA:346,1
DA:349,0
DA:351,0
DA:353,0
DA:359,0
DA:360,0
DA:363,0
DA:369,0
DA:375,2
DA:376,2
DA:378,2
DA:379,0
DA:380,0
DA:383,2
DA:384,2
DA:385,0
DA:386,0
DA:389,2
DA:391,2
DA:400,1
DA:401,1
DA:402,1
DA:405,1
DA:407,0
DA:409,0
DA:418,0
DA:419,0
DA:420,0
DA:423,0
DA:429,1
DA:435,2
DA:436,2
DA:437,0
DA:438,0
DA:441,2
DA:442,2
DA:444,2
DA:448,18
DA:449,1
DA:453,17
DA:454,1
DA:458,16
DA:461,43
DA:505,18
DA:507,17
DA:509,16
DA:517,2
DA:531,1
DA:538,1
DA:545,1
DA:560,2
DA:588,18
DA:590,4
DA:592,2
DA:598,0
DA:604,0
DA:618,0
DA:647,1
LF:210
LH:122
BRDA:38,0,0,1
BRDA:38,0,1,0
BRDA:41,1,0,0
BRDA:64,2,0,16
BRDA:64,2,1,0
BRDA:67,3,0,0
BRDA:67,4,0,16
BRDA:67,4,1,16
BRDA:77,5,0,15
BRDA:77,5,1,0
BRDA:83,6,0,0
BRDA:83,6,1,1
BRDA:83,7,0,0
BRDA:83,7,1,1
BRDA:83,8,0,1
BRDA:83,8,1,1
BRDA:103,9,0,15
BRDA:119,10,0,1
BRDA:122,11,0,1
BRDA:122,11,1,0
BRDA:145,12,0,5
BRDA:145,12,1,0
BRDA:148,13,0,0
BRDA:148,14,0,5
BRDA:148,14,1,5
BRDA:156,15,0,3
BRDA:172,16,0,1
BRDA:172,16,1,0
BRDA:172,17,0,0
BRDA:172,17,1,1
BRDA:172,18,0,1
BRDA:172,18,1,1
BRDA:195,19,0,1
BRDA:195,19,1,0
BRDA:198,20,0,0
BRDA:198,21,0,1
BRDA:198,21,1,1
BRDA:204,22,0,0
BRDA:207,23,0,0
BRDA:212,24,0,0
BRDA:217,25,0,0
BRDA:218,26,0,1
BRDA:218,26,1,0
BRDA:242,27,0,0
BRDA:242,27,1,0
BRDA:242,28,0,0
BRDA:242,28,1,0
BRDA:242,29,0,0
BRDA:242,29,1,0
BRDA:274,30,0,0
BRDA:274,30,1,0
BRDA:277,31,0,0
BRDA:277,32,0,0
BRDA:277,32,1,0
BRDA:282,33,0,0
BRDA:301,34,0,0
BRDA:301,34,1,0
BRDA:301,35,0,0
BRDA:301,35,1,0
BRDA:301,36,0,0
BRDA:301,36,1,0
BRDA:316,37,0,0
BRDA:316,37,1,0
BRDA:316,38,0,0
BRDA:316,38,1,0
BRDA:316,39,0,0
BRDA:316,39,1,0
BRDA:316,40,0,0
BRDA:316,40,1,0
BRDA:316,41,0,0
BRDA:316,41,1,0
BRDA:322,42,0,0
BRDA:322,42,1,0
BRDA:322,43,0,0
BRDA:322,43,1,0
BRDA:322,44,0,0
BRDA:322,44,1,0
BRDA:322,45,0,0
BRDA:322,45,1,0
BRDA:322,46,0,0
BRDA:322,46,1,0
BRDA:331,47,0,1
BRDA:331,47,1,0
BRDA:334,48,0,0
BRDA:334,49,0,1
BRDA:334,49,1,1
BRDA:349,50,0,0
BRDA:349,50,1,0
BRDA:349,51,0,0
BRDA:349,51,1,0
BRDA:349,52,0,0
BRDA:349,52,1,0
BRDA:375,53,0,2
BRDA:375,53,1,0
BRDA:378,54,0,0
BRDA:378,55,0,2
BRDA:378,55,1,2
BRDA:384,56,0,0
BRDA:405,57,0,0
BRDA:405,57,1,1
BRDA:405,58,0,0
BRDA:405,58,1,1
BRDA:405,59,0,1
BRDA:405,59,1,1
BRDA:436,60,0,0
BRDA:448,61,0,1
BRDA:450,62,0,0
BRDA:450,62,1,1
BRDA:453,63,0,1
BRDA:455,64,0,1
BRDA:455,64,1,0
BRDA:498,65,0,0
BRDA:498,65,1,43
BRDA:498,66,0,43
BRDA:498,66,1,43
BRDA:505,67,0,15
BRDA:505,67,1,28
BRDA:521,68,0,0
BRDA:521,68,1,16
BRDA:556,69,0,13
BRDA:556,69,1,3
BRDA:562,70,0,1
BRDA:562,70,1,12
BRDA:566,71,0,13
BRDA:566,71,1,1
BRDA:588,72,0,2
BRDA:588,72,1,41
BRDA:614,73,0,1
BRDA:614,73,1,1
BRDA:620,74,0,0
BRDA:620,74,1,1
BRDA:624,75,0,1
BRDA:624,75,1,0
BRF:133
BRH:56
end_of_record
TN:
SF:src/context/AuthContext.tsx
FN:19,(anonymous_0)
FN:36,(anonymous_1)
FN:42,(anonymous_2)
FNF:3
FNH:3
FNDA:37,(anonymous_0)
FNDA:79,(anonymous_1)
FNDA:42,(anonymous_2)
DA:1,5
DA:13,5
DA:19,5
DA:20,37
DA:22,37
DA:24,0
DA:26,0
DA:28,0
DA:36,5
DA:37,79
DA:42,79
DA:43,42
DA:44,42
DA:45,35
DA:49,79
DA:56,5
LF:16
LH:13
BRDA:20,0,0,37
BRDA:20,0,1,0
BRDA:20,0,2,0
BRDA:20,0,3,0
BRDA:43,1,0,42
BRDA:43,1,1,7
BRDA:44,2,0,35
BRF:7
BRH:4
end_of_record
TN:
SF:src/hooks/useAuthContext.tsx
FN:5,(anonymous_0)
FNF:1
FNH:1
FNDA:60,(anonymous_0)
DA:1,3
DA:2,3
DA:5,3
DA:6,60
DA:8,60
DA:9,0
DA:12,60
DA:15,3
LF:8
LH:7
BRDA:8,0,0,0
BRF:1
BRH:0
end_of_record
TN:
SF:src/hooks/useLogOut.tsx
FN:3,useLogOut
FN:7,(anonymous_2)
FNF:2
FNH:2
FNDA:10,useLogOut
FNDA:1,(anonymous_2)
DA:1,1
DA:3,1
DA:4,10
DA:7,10
DA:8,1
DA:9,1
DA:10,1
DA:13,10
LF:8
LH:8
BRF:0
BRH:0
end_of_record
TN:
SF:src/modals/EditUserModal.tsx
FN:16,EditUserModal
FN:27,handleSubmit
FN:88,(anonymous_11)
FN:96,(anonymous_12)
FN:105,(anonymous_13)
FN:114,(anonymous_14)
FNF:6
FNH:5
FNDA:25,EditUserModal
FNDA:2,handleSubmit
FNDA:3,(anonymous_11)
FNDA:2,(anonymous_12)
FNDA:1,(anonymous_13)
FNDA:0,(anonymous_14)
DA:1,2
DA:2,2
DA:3,2
DA:4,2
DA:5,2
DA:17,25
DA:18,25
DA:19,25
DA:20,25
DA:21,25
DA:23,25
DA:25,25
DA:28,2
DA:29,2
DA:30,2
DA:32,2
DA:33,2
DA:40,1
DA:45,1
DA:46,1
DA:48,1
DA:50,1
DA:51,1
DA:52,1
DA:57,1
DA:63,1
DA:69,1
DA:70,1
DA:72,1
DA:74,0
DA:75,0
DA:77,0
DA:81,0
DA:86,16
DA:88,3
DA:96,2
DA:105,1
DA:114,0
DA:129,2
LF:39
LH:34
BRDA:17,0,0,25
BRDA:17,0,1,10
BRDA:18,1,0,25
BRDA:18,1,1,0
BRDA:25,2,0,9
BRDA:30,3,0,2
BRDA:30,3,1,0
BRDA:50,4,0,1
BRDA:50,4,1,0
BRDA:50,5,0,0
BRDA:50,5,1,1
BRDA:50,6,0,1
BRDA:50,6,1,1
BRDA:74,7,0,0
BRDA:74,7,1,0
BRDA:74,8,0,0
BRDA:74,8,1,0
BRDA:74,9,0,0
BRDA:74,9,1,0
BRDA:74,10,0,0
BRDA:74,10,1,0
BRDA:74,11,0,0
BRDA:74,11,1,0
BRDA:81,12,0,0
BRDA:81,12,1,0
BRDA:81,13,0,0
BRDA:81,13,1,0
BRDA:81,14,0,0
BRDA:81,14,1,0
BRDA:81,15,0,0
BRDA:81,15,1,0
BRDA:81,16,0,0
BRDA:81,16,1,0
BRDA:118,17,0,16
BRDA:118,17,1,0
BRF:35
BRH:10
end_of_record
TN:
SF:src/modals/FriendRequestModal.tsx
FN:11,FriendRequestModal
FN:20,refreshAccessToken
FN:31,(anonymous_10)
FN:37,(anonymous_11)
FN:43,(anonymous_12)
FN:43,(anonymous_13)
FN:60,(anonymous_14)
FN:69,(anonymous_15)
FN:73,(anonymous_16)
FN:85,(anonymous_17)
FN:85,(anonymous_18)
FN:101,(anonymous_19)
FN:110,(anonymous_20)
FN:113,(anonymous_21)
FN:126,(anonymous_22)
FN:133,(anonymous_23)
FN:141,(anonymous_24)
FN:147,(anonymous_25)
FNF:18
FNH:15
FNDA:27,FriendRequestModal
FNDA:2,refreshAccessToken
FNDA:2,(anonymous_10)
FNDA:0,(anonymous_11)
FNDA:5,(anonymous_12)
FNDA:5,(anonymous_13)
FNDA:1,(anonymous_14)
FNDA:1,(anonymous_15)
FNDA:0,(anonymous_16)
FNDA:2,(anonymous_17)
FNDA:2,(anonymous_18)
FNDA:1,(anonymous_19)
FNDA:1,(anonymous_20)
FNDA:0,(anonymous_21)
FNDA:8,(anonymous_22)
FNDA:5,(anonymous_23)
FNDA:3,(anonymous_24)
FNDA:2,(anonymous_25)
DA:1,2
DA:2,2
DA:3,2
DA:4,2
DA:12,27
DA:13,27
DA:14,27
DA:16,27
DA:18,27
DA:21,2
DA:22,2
DA:24,2
DA:25,0
DA:26,0
DA:29,2
DA:32,2
DA:33,2
DA:34,2
DA:35,2
DA:38,0
DA:39,0
DA:43,17
DA:44,5
DA:45,5
DA:47,5
DA:48,5
DA:55,3
DA:56,3
DA:58,2
DA:59,1
DA:61,1
DA:70,1
DA:71,1
DA:74,0
DA:75,0
DA:78,1
DA:79,1
DA:80,1
DA:85,17
DA:86,2
DA:87,2
DA:89,2
DA:90,2
DA:97,1
DA:99,1
DA:100,1
DA:102,1
DA:111,1
DA:114,0
DA:115,0
DA:118,0
DA:119,0
DA:124,17
DA:126,8
DA:133,5
DA:142,3
DA:147,2
DA:162,2
LF:58
LH:48
BRDA:18,0,0,10
BRDA:21,1,0,2
BRDA:21,1,1,0
BRDA:24,2,0,0
BRDA:44,3,0,5
BRDA:44,3,1,0
BRDA:58,4,0,1
BRDA:58,4,1,1
BRDA:58,5,0,0
BRDA:58,5,1,2
BRDA:58,6,0,2
BRDA:58,6,1,2
BRDA:79,7,0,1
BRDA:79,7,1,0
BRDA:79,8,0,0
BRDA:79,8,1,1
BRDA:79,9,0,1
BRDA:79,9,1,1
BRDA:79,10,0,0
BRDA:79,10,1,1
BRDA:79,11,0,1
BRDA:79,11,1,1
BRDA:86,12,0,2
BRDA:86,12,1,0
BRDA:99,13,0,1
BRDA:99,13,1,0
BRDA:99,14,0,0
BRDA:99,14,1,1
BRDA:99,15,0,1
BRDA:99,15,1,1
BRDA:119,16,0,0
BRDA:119,16,1,0
BRDA:119,17,0,0
BRDA:119,17,1,0
BRDA:119,18,0,0
BRDA:119,18,1,0
BRDA:119,19,0,0
BRDA:119,19,1,0
BRDA:119,20,0,0
BRDA:119,20,1,0
BRDA:138,21,0,17
BRDA:138,21,1,1
BRF:42
BRH:22
end_of_record
TN:
SF:src/modals/FriendsListModal.tsx
FN:16,FriendsListModal
FN:21,(anonymous_9)
FN:27,fetchFriends
FN:60,unfollowFriend
FN:67,(anonymous_14)
FN:84,(anonymous_15)
FN:98,(anonymous_16)
FN:103,(anonymous_17)
FN:106,(anonymous_18)
FNF:9
FNH:9
FNDA:24,FriendsListModal
FNDA:13,(anonymous_9)
FNDA:6,fetchFriends
FNDA:2,unfollowFriend
FNDA:1,(anonymous_14)
FNDA:1,(anonymous_15)
FNDA:2,(anonymous_16)
FNDA:5,(anonymous_17)
FNDA:2,(anonymous_18)
DA:1,2
DA:2,2
DA:3,2
DA:4,2
DA:17,24
DA:18,24
DA:19,24
DA:21,24
DA:22,13
DA:23,6
DA:28,6
DA:29,6
DA:30,6
DA:33,4
DA:35,3
DA:36,1
DA:37,1
DA:41,1
DA:45,1
DA:49,1
DA:50,1
DA:52,0
DA:55,2
DA:61,2
DA:62,2
DA:64,2
DA:67,1
DA:69,1
DA:70,1
DA:71,1
DA:75,1
DA:79,1
DA:83,1
DA:84,1
DA:86,0
DA:89,0
DA:94,24
DA:96,13
DA:98,2
DA:104,5
DA:106,2
DA:120,2
LF:42
LH:39
BRDA:22,0,0,6
BRDA:28,1,0,6
BRDA:28,1,1,0
BRDA:33,2,0,4
BRDA:33,2,1,0
BRDA:35,3,0,1
BRDA:35,3,1,2
BRDA:35,4,0,1
BRDA:35,4,1,2
BRDA:35,5,0,3
BRDA:35,5,1,3
BRDA:50,6,0,1
BRDA:50,6,1,0
BRDA:61,7,0,2
BRDA:61,7,1,0
BRDA:69,8,0,1
BRDA:69,8,1,0
BRDA:69,9,0,0
BRDA:69,9,1,1
BRDA:69,10,0,1
BRDA:69,10,1,1
BRDA:89,11,0,0
BRDA:89,11,1,0
BRDA:89,12,0,0
BRDA:89,12,1,0
BRDA:89,13,0,0
BRDA:89,13,1,0
BRDA:89,14,0,0
BRDA:89,14,1,0
BRDA:89,15,0,0
BRDA:89,15,1,0
BRDA:94,16,0,11
BRDA:100,17,0,13
BRDA:100,17,1,1
BRDA:102,18,0,4
BRDA:102,18,1,9
BRF:36
BRH:20
end_of_record
TN:
SF:src/modals/ShareModal.tsx
FN:19,ShareModal
FN:25,(anonymous_9)
FN:31,refreshAccessToken
FN:42,(anonymous_11)
FN:48,(anonymous_12)
FN:54,fetchUserDetails
FN:86,handleSubmit
FN:110,(anonymous_16)
FN:114,(anonymous_17)
FN:124,(anonymous_18)
FNF:10
FNH:9
FNDA:56,ShareModal
FNDA:22,(anonymous_9)
FNDA:1,refreshAccessToken
FNDA:1,(anonymous_11)
FNDA:0,(anonymous_12)
FNDA:7,fetchUserDetails
FNDA:3,handleSubmit
FNDA:3,(anonymous_16)
FNDA:8,(anonymous_17)
FNDA:1,(anonymous_18)
DA:1,2
DA:2,2
DA:3,2
DA:4,2
DA:20,56
DA:21,56
DA:22,56
DA:23,56
DA:25,56
DA:26,22
DA:27,7
DA:32,1
DA:33,1
DA:35,1
DA:36,0
DA:37,0
DA:40,1
DA:43,1
DA:44,1
DA:45,1
DA:46,1
DA:49,0
DA:50,0
DA:55,7
DA:56,7
DA:58,7
DA:59,7
DA:63,6
DA:64,3
DA:67,3
DA:68,1
DA:69,1
DA:70,1
DA:74,1
DA:75,1
DA:78,0
DA:81,2
DA:87,3
DA:88,1
DA:89,1
DA:92,2
DA:93,1
DA:94,1
DA:97,1
DA:100,56
DA:102,14
DA:110,3
DA:115,8
DA:124,1
DA:135,2
LF:50
LH:45
BRDA:26,0,0,7
BRDA:32,1,0,1
BRDA:32,1,1,0
BRDA:35,2,0,0
BRDA:55,3,0,7
BRDA:55,3,1,0
BRDA:63,4,0,3
BRDA:67,5,0,1
BRDA:67,5,1,2
BRDA:67,6,0,2
BRDA:67,6,1,1
BRDA:67,7,0,3
BRDA:67,7,1,3
BRDA:74,8,0,1
BRDA:87,9,0,1
BRDA:92,10,0,1
BRDA:92,11,0,0
BRDA:92,11,1,2
BRDA:92,12,0,2
BRDA:92,12,1,2
BRDA:100,13,0,42
BRDA:106,14,0,14
BRDA:106,14,1,1
BRF:23
BRH:19
end_of_record
TN:
SF:src/modals/TaskModal.tsx
FN:14,TaskModal
FN:27,(anonymous_1)
FN:34,(anonymous_2)
FN:43,(anonymous_3)
FN:54,(anonymous_4)
FN:58,(anonymous_5)
FN:68,(anonymous_6)
FN:77,(anonymous_7)
FNF:8
FNH:7
FNDA:109,TaskModal
FNDA:43,(anonymous_1)
FNDA:7,(anonymous_2)
FNDA:3,(anonymous_3)
FNDA:0,(anonymous_4)
FNDA:7,(anonymous_5)
FNDA:8,(anonymous_6)
FNDA:6,(anonymous_7)
DA:1,2
DA:2,2
DA:23,109
DA:24,109
DA:27,109
DA:28,43
DA:29,43
DA:32,109
DA:34,31
DA:35,7
DA:36,7
DA:37,1
DA:38,1
DA:40,6
DA:43,31
DA:44,3
DA:45,1
DA:46,2
DA:48,1
DA:49,1
DA:53,31
DA:56,0
DA:58,7
DA:68,8
DA:77,6
DA:96,2
LF:26
LH:25
BRDA:18,0,0,54
BRDA:19,1,0,54
BRDA:20,2,0,0
BRDA:32,3,0,78
BRDA:36,4,0,1
BRDA:44,5,0,1
BRDA:44,5,1,2
BRDA:46,6,0,1
BRDA:46,7,0,2
BRDA:46,7,1,2
BRDA:56,8,0,0
BRDA:60,9,0,31
BRDA:60,9,1,0
BRDA:87,10,0,4
BRDA:87,10,1,27
BRF:15
BRH:12
end_of_record
