TN:
SF:src/components/NavBarComponent.tsx
FN:11,NavBarComponent
FN:19,handleClick
FN:31,(anonymous_3)
FN:37,(anonymous_4)
FN:43,(anonymous_5)
FN:55,(anonymous_6)
FN:81,(anonymous_7)
FN:85,(anonymous_8)
FN:90,(anonymous_9)
FNF:9
FNH:3
FNDA:10,NavBarComponent
FNDA:1,handleClick
FNDA:1,(anonymous_3)
FNDA:0,(anonymous_4)
FNDA:0,(anonymous_5)
FNDA:0,(anonymous_6)
FNDA:0,(anonymous_7)
FNDA:0,(anonymous_8)
FNDA:0,(anonymous_9)
DA:1,1
DA:2,1
DA:3,1
DA:4,1
DA:5,1
DA:6,1
DA:7,1
DA:8,1
DA:9,1
DA:12,10
DA:13,10
DA:14,10
DA:15,10
DA:16,10
DA:17,10
DA:20,1
DA:23,10
DA:31,1
DA:38,0
DA:39,0
DA:44,0
DA:45,0
DA:55,0
DA:81,0
DA:85,0
DA:90,0
DA:97,1
LF:27
LH:19
BRDA:26,0,0,10
BRDA:26,0,1,5
BRDA:35,1,0,5
BRDA:35,1,1,1
BRDA:69,2,0,10
BRDA:69,2,1,5
BRDA:86,3,0,10
BRDA:86,3,1,5
BRF:8
BRH:8
end_of_record
TN:
SF:src/components/NotificationComponent.tsx
FN:18,NotificationIcon
FN:25,refreshAccessToken
FN:36,(anonymous_10)
FN:42,(anonymous_11)
FN:48,(anonymous_12)
FN:48,(anonymous_13)
FN:81,(anonymous_14)
FN:81,(anonymous_15)
FN:93,(anonymous_16)
FN:103,(anonymous_17)
FN:111,(anonymous_18)
FN:111,(anonymous_19)
FN:137,(anonymous_20)
FN:144,(anonymous_21)
FN:150,(anonymous_22)
FN:150,(anonymous_23)
FN:167,(anonymous_24)
FN:191,(anonymous_25)
FN:203,(anonymous_26)
FN:205,(anonymous_27)
FN:213,(anonymous_28)
FN:219,(anonymous_29)
FN:261,(anonymous_30)
FNF:23
FNH:4
FNDA:5,NotificationIcon
FNDA:0,refreshAccessToken
FNDA:0,(anonymous_10)
FNDA:0,(anonymous_11)
FNDA:4,(anonymous_12)
FNDA:4,(anonymous_13)
FNDA:0,(anonymous_14)
FNDA:0,(anonymous_15)
FNDA:0,(anonymous_16)
FNDA:0,(anonymous_17)
FNDA:0,(anonymous_18)
FNDA:0,(anonymous_19)
FNDA:0,(anonymous_20)
FNDA:4,(anonymous_21)
FNDA:0,(anonymous_22)
FNDA:0,(anonymous_23)
FNDA:0,(anonymous_24)
FNDA:0,(anonymous_25)
FNDA:0,(anonymous_26)
FNDA:0,(anonymous_27)
FNDA:0,(anonymous_28)
FNDA:0,(anonymous_29)
FNDA:0,(anonymous_30)
DA:1,1
DA:2,1
DA:3,1
DA:4,1
DA:5,1
DA:6,1
DA:19,5
DA:20,5
DA:21,5
DA:23,5
DA:26,0
DA:27,0
DA:29,0
DA:30,0
DA:31,0
DA:34,0
DA:37,0
DA:38,0
DA:39,0
DA:40,0
DA:43,0
DA:44,0
DA:48,5
DA:49,4
DA:50,4
DA:53,4
DA:55,4
DA:56,0
DA:58,0
DA:59,0
DA:64,0
DA:65,0
DA:68,0
DA:71,0
DA:73,0
DA:76,4
DA:81,5
DA:82,0
DA:83,0
DA:85,0
DA:86,0
DA:93,0
DA:95,0
DA:96,0
DA:97,0
DA:98,0
DA:103,0
DA:105,0
DA:111,5
DA:112,0
DA:113,0
DA:115,0
DA:116,0
DA:120,0
DA:122,0
DA:123,0
DA:124,0
DA:125,0
DA:129,0
DA:131,0
DA:137,5
DA:138,0
DA:139,0
DA:140,0
DA:144,5
DA:145,4
DA:146,4
DA:150,5
DA:151,0
DA:152,0
DA:154,0
DA:155,0
DA:156,0
DA:157,0
DA:160,0
DA:161,0
DA:167,0
DA:170,0
DA:172,0
DA:174,0
DA:175,0
DA:176,0
DA:177,0
DA:181,0
DA:182,0
DA:185,0
DA:191,0
DA:192,0
DA:194,0
DA:195,0
DA:198,0
DA:203,5
DA:205,5
DA:206,0
DA:207,0
DA:213,0
DA:219,0
DA:229,0
DA:237,5
DA:262,0
DA:278,1
LF:101
LH:27
BRDA:26,0,0,0
BRDA:26,0,1,0
BRDA:29,1,0,0
BRDA:51,2,0,0
BRDA:51,2,1,4
BRDA:51,3,0,4
BRDA:51,3,1,4
BRDA:55,4,0,0
BRDA:55,4,1,4
BRDA:55,5,0,4
BRDA:55,5,1,0
BRDA:55,6,0,4
BRDA:55,6,1,4
BRDA:58,7,0,0
BRDA:58,7,1,0
BRDA:82,8,0,0
BRDA:82,8,1,0
BRDA:95,9,0,0
BRDA:95,10,0,0
BRDA:95,10,1,0
BRDA:95,11,0,0
BRDA:95,11,1,0
BRDA:112,12,0,0
BRDA:112,12,1,0
BRDA:122,13,0,0
BRDA:122,14,0,0
BRDA:122,14,1,0
BRDA:122,15,0,0
BRDA:122,15,1,0
BRDA:139,16,0,0
BRDA:139,17,0,0
BRDA:139,17,1,0
BRDA:145,18,0,4
BRDA:151,19,0,0
BRDA:151,19,1,0
BRDA:154,20,0,0
BRDA:172,21,0,0
BRDA:172,21,1,0
BRDA:172,22,0,0
BRDA:172,22,1,0
BRDA:172,23,0,0
BRDA:172,23,1,0
BRDA:174,24,0,0
BRDA:174,24,1,0
BRDA:174,25,0,0
BRDA:174,25,1,0
BRDA:174,26,0,0
BRDA:174,26,1,0
BRDA:176,27,0,0
BRDA:176,27,1,0
BRDA:198,28,0,0
BRDA:198,28,1,0
BRDA:198,29,0,0
BRDA:198,29,1,0
BRDA:198,30,0,0
BRDA:198,30,1,0
BRDA:198,31,0,0
BRDA:198,31,1,0
BRDA:198,32,0,0
BRDA:198,32,1,0
BRDA:206,33,0,0
BRDA:206,34,0,0
BRDA:206,34,1,0
BRDA:244,35,0,5
BRDA:244,35,1,0
BRDA:247,36,0,5
BRDA:247,36,1,0
BRDA:251,37,0,0
BRDA:251,37,1,0
BRDA:260,38,0,0
BRDA:260,38,1,0
BRDA:264,39,0,0
BRDA:264,39,1,0
BRF:73
BRH:10
end_of_record
TN:
SF:src/context/AuthContext.tsx
FN:19,(anonymous_0)
FN:36,(anonymous_1)
FN:42,(anonymous_2)
FNF:3
FNH:3
FNDA:6,(anonymous_0)
FNDA:9,(anonymous_1)
FNDA:4,(anonymous_2)
DA:1,1
DA:13,1
DA:19,1
DA:20,6
DA:22,4
DA:24,1
DA:26,1
DA:28,0
DA:36,1
DA:37,9
DA:42,9
DA:43,4
DA:44,4
DA:45,4
DA:49,9
DA:56,1
LF:16
LH:15
BRDA:20,0,0,4
BRDA:20,0,1,1
BRDA:20,0,2,1
BRDA:20,0,3,0
BRDA:43,1,0,4
BRDA:43,1,1,0
BRDA:44,2,0,4
BRF:7
BRH:5
end_of_record
TN:
SF:src/hooks/useAuthContext.tsx
FN:5,(anonymous_0)
FNF:1
FNH:1
FNDA:35,(anonymous_0)
DA:1,1
DA:2,1
DA:5,1
DA:6,35
DA:8,35
DA:9,0
DA:12,35
DA:15,1
LF:8
LH:7
BRDA:8,0,0,0
BRF:1
BRH:0
end_of_record
TN:
SF:src/hooks/useLogOut.tsx
FN:3,useLogOut
FN:7,(anonymous_2)
FNF:2
FNH:2
FNDA:10,useLogOut
FNDA:1,(anonymous_2)
DA:1,1
DA:3,1
DA:4,10
DA:7,10
DA:8,1
DA:9,1
DA:10,1
DA:13,10
LF:8
LH:8
BRF:0
BRH:0
end_of_record
TN:
SF:src/modals/EditUserModal.tsx
FN:16,EditUserModal
FN:27,handleSubmit
FN:88,(anonymous_11)
FN:96,(anonymous_12)
FN:105,(anonymous_13)
FN:114,(anonymous_14)
FNF:6
FNH:1
FNDA:10,EditUserModal
FNDA:0,handleSubmit
FNDA:0,(anonymous_11)
FNDA:0,(anonymous_12)
FNDA:0,(anonymous_13)
FNDA:0,(anonymous_14)
DA:1,1
DA:2,1
DA:3,1
DA:4,1
DA:5,1
DA:17,10
DA:18,10
DA:19,10
DA:20,10
DA:21,10
DA:23,10
DA:25,10
DA:28,0
DA:29,0
DA:30,0
DA:32,0
DA:33,0
DA:40,0
DA:45,0
DA:46,0
DA:48,0
DA:50,0
DA:51,0
DA:52,0
DA:57,0
DA:63,0
DA:69,0
DA:70,0
DA:72,0
DA:74,0
DA:75,0
DA:77,0
DA:81,0
DA:86,0
DA:88,0
DA:96,0
DA:105,0
DA:114,0
DA:129,1
LF:39
LH:13
BRDA:17,0,0,10
BRDA:17,0,1,10
BRDA:18,1,0,10
BRDA:18,1,1,5
BRDA:25,2,0,10
BRDA:30,3,0,0
BRDA:30,3,1,0
BRDA:50,4,0,0
BRDA:50,4,1,0
BRDA:50,5,0,0
BRDA:50,5,1,0
BRDA:50,6,0,0
BRDA:50,6,1,0
BRDA:74,7,0,0
BRDA:74,7,1,0
BRDA:74,8,0,0
BRDA:74,8,1,0
BRDA:74,9,0,0
BRDA:74,9,1,0
BRDA:74,10,0,0
BRDA:74,10,1,0
BRDA:74,11,0,0
BRDA:74,11,1,0
BRDA:81,12,0,0
BRDA:81,12,1,0
BRDA:81,13,0,0
BRDA:81,13,1,0
BRDA:81,14,0,0
BRDA:81,14,1,0
BRDA:81,15,0,0
BRDA:81,15,1,0
BRDA:81,16,0,0
BRDA:81,16,1,0
BRDA:118,17,0,0
BRDA:118,17,1,0
BRF:35
BRH:5
end_of_record
TN:
SF:src/modals/FriendRequestModal.tsx
FN:11,FriendRequestModal
FN:20,refreshAccessToken
FN:31,(anonymous_10)
FN:37,(anonymous_11)
FN:43,(anonymous_12)
FN:43,(anonymous_13)
FN:60,(anonymous_14)
FN:69,(anonymous_15)
FN:73,(anonymous_16)
FN:85,(anonymous_17)
FN:85,(anonymous_18)
FN:101,(anonymous_19)
FN:110,(anonymous_20)
FN:113,(anonymous_21)
FN:126,(anonymous_22)
FN:133,(anonymous_23)
FN:141,(anonymous_24)
FN:147,(anonymous_25)
FNF:18
FNH:1
FNDA:10,FriendRequestModal
FNDA:0,refreshAccessToken
FNDA:0,(anonymous_10)
FNDA:0,(anonymous_11)
FNDA:0,(anonymous_12)
FNDA:0,(anonymous_13)
FNDA:0,(anonymous_14)
FNDA:0,(anonymous_15)
FNDA:0,(anonymous_16)
FNDA:0,(anonymous_17)
FNDA:0,(anonymous_18)
FNDA:0,(anonymous_19)
FNDA:0,(anonymous_20)
FNDA:0,(anonymous_21)
FNDA:0,(anonymous_22)
FNDA:0,(anonymous_23)
FNDA:0,(anonymous_24)
FNDA:0,(anonymous_25)
DA:1,1
DA:2,1
DA:3,1
DA:4,1
DA:12,10
DA:13,10
DA:14,10
DA:16,10
DA:18,10
DA:21,0
DA:22,0
DA:24,0
DA:25,0
DA:26,0
DA:29,0
DA:32,0
DA:33,0
DA:34,0
DA:35,0
DA:38,0
DA:39,0
DA:43,0
DA:44,0
DA:45,0
DA:47,0
DA:48,0
DA:55,0
DA:56,0
DA:58,0
DA:59,0
DA:61,0
DA:70,0
DA:71,0
DA:74,0
DA:75,0
DA:78,0
DA:79,0
DA:80,0
DA:85,0
DA:86,0
DA:87,0
DA:89,0
DA:90,0
DA:97,0
DA:99,0
DA:100,0
DA:102,0
DA:111,0
DA:114,0
DA:115,0
DA:118,0
DA:119,0
DA:124,0
DA:126,0
DA:133,0
DA:142,0
DA:147,0
DA:162,1
LF:58
LH:10
BRDA:18,0,0,10
BRDA:21,1,0,0
BRDA:21,1,1,0
BRDA:24,2,0,0
BRDA:44,3,0,0
BRDA:44,3,1,0
BRDA:58,4,0,0
BRDA:58,4,1,0
BRDA:58,5,0,0
BRDA:58,5,1,0
BRDA:58,6,0,0
BRDA:58,6,1,0
BRDA:79,7,0,0
BRDA:79,7,1,0
BRDA:79,8,0,0
BRDA:79,8,1,0
BRDA:79,9,0,0
BRDA:79,9,1,0
BRDA:79,10,0,0
BRDA:79,10,1,0
BRDA:79,11,0,0
BRDA:79,11,1,0
BRDA:86,12,0,0
BRDA:86,12,1,0
BRDA:99,13,0,0
BRDA:99,13,1,0
BRDA:99,14,0,0
BRDA:99,14,1,0
BRDA:99,15,0,0
BRDA:99,15,1,0
BRDA:119,16,0,0
BRDA:119,16,1,0
BRDA:119,17,0,0
BRDA:119,17,1,0
BRDA:119,18,0,0
BRDA:119,18,1,0
BRDA:119,19,0,0
BRDA:119,19,1,0
BRDA:119,20,0,0
BRDA:119,20,1,0
BRDA:138,21,0,0
BRDA:138,21,1,0
BRF:42
BRH:1
end_of_record
TN:
SF:src/modals/FriendsListModal.tsx
FN:16,FriendsListModal
FN:21,(anonymous_9)
FN:27,fetchFriends
FN:60,unfollowFriend
FN:67,(anonymous_14)
FN:84,(anonymous_15)
FN:98,(anonymous_16)
FN:103,(anonymous_17)
FN:106,(anonymous_18)
FNF:9
FNH:2
FNDA:10,FriendsListModal
FNDA:4,(anonymous_9)
FNDA:0,fetchFriends
FNDA:0,unfollowFriend
FNDA:0,(anonymous_14)
FNDA:0,(anonymous_15)
FNDA:0,(anonymous_16)
FNDA:0,(anonymous_17)
FNDA:0,(anonymous_18)
DA:1,1
DA:2,1
DA:3,1
DA:4,1
DA:17,10
DA:18,10
DA:19,10
DA:21,10
DA:22,4
DA:23,0
DA:28,0
DA:29,0
DA:30,0
DA:33,0
DA:35,0
DA:36,0
DA:37,0
DA:41,0
DA:45,0
DA:49,0
DA:50,0
DA:52,0
DA:55,0
DA:61,0
DA:62,0
DA:64,0
DA:67,0
DA:69,0
DA:70,0
DA:71,0
DA:75,0
DA:79,0
DA:83,0
DA:84,0
DA:86,0
DA:89,0
DA:94,10
DA:96,0
DA:98,0
DA:104,0
DA:106,0
DA:120,1
LF:42
LH:11
BRDA:22,0,0,0
BRDA:28,1,0,0
BRDA:28,1,1,0
BRDA:33,2,0,0
BRDA:33,2,1,0
BRDA:35,3,0,0
BRDA:35,3,1,0
BRDA:35,4,0,0
BRDA:35,4,1,0
BRDA:35,5,0,0
BRDA:35,5,1,0
BRDA:50,6,0,0
BRDA:50,6,1,0
BRDA:61,7,0,0
BRDA:61,7,1,0
BRDA:69,8,0,0
BRDA:69,8,1,0
BRDA:69,9,0,0
BRDA:69,9,1,0
BRDA:69,10,0,0
BRDA:69,10,1,0
BRDA:89,11,0,0
BRDA:89,11,1,0
BRDA:89,12,0,0
BRDA:89,12,1,0
BRDA:89,13,0,0
BRDA:89,13,1,0
BRDA:89,14,0,0
BRDA:89,14,1,0
BRDA:89,15,0,0
BRDA:89,15,1,0
BRDA:94,16,0,10
BRDA:100,17,0,0
BRDA:100,17,1,0
BRDA:102,18,0,0
BRDA:102,18,1,0
BRF:36
BRH:1
end_of_record
